#
# A fatal error has been detected by the Java Runtime Environment:
#
#  EXCEPTION_ACCESS_VIOLATION (0xc0000005) at pc=0x00007ffa24634902, pid=15704, tid=16164
#
# JRE version: OpenJDK Runtime Environment AdoptOpenJDK (14.0.2+12) (build 14.0.2+12)
# Java VM: OpenJDK 64-Bit Server VM AdoptOpenJDK (14.0.2+12, mixed mode, sharing, tiered, compressed oops, g1 gc, windows-amd64)
# Problematic frame:
# C  [MSCTF.dll+0x64902]
#
# No core dump will be written. Minidumps are not enabled by default on client versions of Windows
#
# If you would like to submit a bug report, please visit:
#   https://github.com/AdoptOpenJDK/openjdk-support/issues
# The crash happened outside the Java Virtual Machine in native code.
# See problematic frame for where to report the bug.
#

---------------  S U M M A R Y ------------

Command Line: -Dfile.encoding=x-windows-949 C:\Users\starw\AppData\Roaming\Mindustry\be_builds\client-be-21177.jar

Host: Intel(R) Core(TM) i7-4500U CPU @ 1.80GHz, 4 cores, 7G,  Windows 10 , 64 bit Build 19041 (10.0.19041.928)
Time: Sun Jun 13 13:01:41 2021 대한민국 표준시 elapsed time: 27 seconds (0d 0h 0m 27s)

---------------  T H R E A D  ---------------

Current thread (0x0000022c2ead7800):  JavaThread "main" [_thread_in_native, id=16164, stack(0x000000314df00000,0x000000314e000000)]

Stack: [0x000000314df00000,0x000000314e000000],  sp=0x000000314dfff190,  free space=1020k
Native frames: (J=compiled Java code, j=interpreted, Vv=VM code, C=native code)
C  [MSCTF.dll+0x64902]

Java frames: (J=compiled Java code, j=interpreted, Vv=VM code)
j  arc.backend.sdl.jni.SDL.SDL_Quit()V+0
j  arc.backend.sdl.SdlApplication.cleanup()V+20
j  arc.backend.sdl.SdlApplication.<init>(Larc/ApplicationListener;Larc/backend/sdl/SdlConfig;)V+164
j  mindustry.desktop.DesktopLauncher.main([Ljava/lang/String;)V+23
v  ~StubRoutines::call_stub

siginfo: EXCEPTION_ACCESS_VIOLATION (0xc0000005), reading address 0x00007ffa052d4f40


Register to memory mapping:

RIP=0x00007ffa24634902 MSCTF.dll
RAX=0x00007ffa052d4f30 is an unknown value
RBX=0x0000022c4ffe78a0 points into unknown readable memory: 20 86 6a 24 fa 7f 00 00
RCX=0x0000022c502fabd0 points into unknown readable memory: 30 4f 2d 05 fa 7f 00 00
RDX=0x0 is NULL
RSP=0x000000314dfff190 is pointing into the stack for thread: 0x0000022c2ead7800
RBP=0x000000314dfff5d0 is pointing into the stack for thread: 0x0000022c2ead7800
RSI=0x0 is NULL
RDI=0x0000022c500b0060 points into unknown readable memory: 80 5e 6a 24 fa 7f 00 00
R8 =0x0000000000000002 is an unknown value
R9 =0x0000000000000001 is an unknown value
R10=0x0 is NULL
R11=0x000000314dfff100 is pointing into the stack for thread: 0x0000022c2ead7800
R12=0x00000000000003ff is an unknown value
R13={method} {0x0000022c4fa24e28} 'SDL_Quit' '()V' in 'arc/backend/sdl/jni/SDL'
R14=0x0 is NULL
R15=0x0 is NULL


Registers:
RAX=0x00007ffa052d4f30, RBX=0x0000022c4ffe78a0, RCX=0x0000022c502fabd0, RDX=0x0000000000000000
RSP=0x000000314dfff190, RBP=0x000000314dfff5d0, RSI=0x0000000000000000, RDI=0x0000022c500b0060
R8 =0x0000000000000002, R9 =0x0000000000000001, R10=0x0000000000000000, R11=0x000000314dfff100
R12=0x00000000000003ff, R13=0x0000022c4fa24e20, R14=0x0000000000000000, R15=0x0000000000000000
RIP=0x00007ffa24634902, EFLAGS=0x0000000000210202

Top of Stack: (sp=0x000000314dfff190)
0x000000314dfff190:   0000022c00000002 0000022c4ffe78a0
0x000000314dfff1a0:   00000000ffffffff 00007ffa245e4e8c
0x000000314dfff1b0:   0000022c4ffe78a0 00007ffa24634b42
0x000000314dfff1c0:   0000000000000000 0000022c500b0060
0x000000314dfff1d0:   0000000000000080 0000022c00000000
0x000000314dfff1e0:   0000000000000000 00007ffa24636f57
0x000000314dfff1f0:   0000022c500b0060 0000022c4fa24e20
0x000000314dfff200:   0000000000000000 0000022c500b0060
0x000000314dfff210:   0000022c500b0060 00007ffa2461c2c2
0x000000314dfff220:   0000022c4ffe78a0 000000314dfff5d0
0x000000314dfff230:   0000000000000001 0000022c500b0060
0x000000314dfff240:   0000022c500b0060 00007ffa245f1cd8
0x000000314dfff250:   0000022c50189740 000000314dfff5d0
0x000000314dfff260:   0000000000000001 0000000000000001
0x000000314dfff270:   0000000000000101 0000000000000001
0x000000314dfff280:   0000000100000001 0000000100000000 

Instructions: (pc=0x00007ffa24634902)
0x00007ffa24634802:   01 49 8b f8 48 89 51 10 48 8b d9 48 85 d2 74 10
0x00007ffa24634812:   48 8b 02 48 8b ca 48 8b 40 08 ff 15 ee 87 07 00
0x00007ffa24634822:   48 89 7b 18 48 85 ff 74 10 48 8b 07 48 8b cf 48
0x00007ffa24634832:   8b 40 08 ff 15 d5 87 07 00 48 8b c3 48 8b 5c 24
0x00007ffa24634842:   30 48 83 c4 20 5f c3 cc cc cc cc cc cc cc c7 41
0x00007ffa24634852:   10 01 00 00 00 48 8d 05 c2 3d 07 00 48 89 01 33
0x00007ffa24634862:   d2 48 8d 05 9e 3b 07 00 48 89 41 08 48 8d 05 4b
0x00007ffa24634872:   0c 07 00 48 89 51 38 48 89 51 40 48 89 41 60 48
0x00007ffa24634882:   8b c1 48 89 51 70 48 89 51 68 48 89 51 78 48 89
0x00007ffa24634892:   91 80 00 00 00 c3 cc cc cc cc cc cc cc cc e9 93
0x00007ffa246348a2:   12 fa ff cc cc cc cc cc cc cc e9 bb 17 fa ff cc
0x00007ffa246348b2:   cc cc cc cc cc cc 40 53 48 83 ec 20 48 8d 05 5b
0x00007ffa246348c2:   3d 07 00 48 8b d9 48 89 01 48 8d 05 36 3b 07 00
0x00007ffa246348d2:   48 89 41 08 e8 5d 2f 00 00 48 8b 4b 48 48 85 c9
0x00007ffa246348e2:   74 12 48 8b 01 48 8b 40 10 ff 15 1f 87 07 00 48
0x00007ffa246348f2:   83 63 48 00 48 8b 4b 18 48 85 c9 74 12 48 8b 01
0x00007ffa24634902:   48 8b 40 10 ff 15 04 87 07 00 48 83 63 18 00 48
0x00007ffa24634912:   8b 8b 90 00 00 00 48 85 c9 74 0d e8 aa 6c 01 00
0x00007ffa24634922:   48 83 a3 90 00 00 00 00 48 8b 8b 80 00 00 00 48
0x00007ffa24634932:   85 c9 74 0d 48 8b 01 48 8b 40 10 ff 15 cd 86 07
0x00007ffa24634942:   00 48 8b 4b 78 48 85 c9 74 0d 48 8b 01 48 8b 40
0x00007ffa24634952:   10 ff 15 b7 86 07 00 48 8b 4b 68 48 8d 05 5c 0b
0x00007ffa24634962:   07 00 48 89 43 60 48 85 c9 74 0c 48 ff 15 14 7f
0x00007ffa24634972:   07 00 0f 1f 44 00 00 48 8b 4b 40 48 85 c9 74 0d
0x00007ffa24634982:   48 8b 01 48 8b 40 10 ff 15 81 86 07 00 48 8b 4b
0x00007ffa24634992:   38 48 85 c9 74 0d 48 8b 01 48 8b 40 10 ff 15 6b
0x00007ffa246349a2:   86 07 00 48 83 c4 20 5b c3 cc cc cc cc cc cc cc
0x00007ffa246349b2:   cc cc 40 53 48 83 ec 20 48 8d 05 3f 3b 07 00 48
0x00007ffa246349c2:   8b d9 48 89 01 48 8d 05 02 3b 07 00 48 89 41 08
0x00007ffa246349d2:   48 8d 05 af 3a 07 00 48 89 41 10 48 8d 05 7c 3a
0x00007ffa246349e2:   07 00 48 89 41 18 48 8d 05 19 3a 07 00 48 89 41
0x00007ffa246349f2:   20 48 83 c1 58 e8 90 07 00 00 48 8d 05 75 0f 07 


Stack slot to memory mapping:
stack at sp + 0 slots: 0x0000022c00000002 points into unknown readable memory: 03 ff 01 00 03 ff
stack at sp + 1 slots: 0x0000022c4ffe78a0 points into unknown readable memory: 20 86 6a 24 fa 7f 00 00
stack at sp + 2 slots: 0x00000000ffffffff is pointing into object: [I 
{0x00000000ffffffe0} - klass: {type array int}
 - length: 4
stack at sp + 3 slots: 0x00007ffa245e4e8c MSCTF.dll
stack at sp + 4 slots: 0x0000022c4ffe78a0 points into unknown readable memory: 20 86 6a 24 fa 7f 00 00
stack at sp + 5 slots: 0x00007ffa24634b42 MSCTF.dll
stack at sp + 6 slots: 0x0 is NULL
stack at sp + 7 slots: 0x0000022c500b0060 points into unknown readable memory: 80 5e 6a 24 fa 7f 00 00


---------------  P R O C E S S  ---------------

Threads class SMR info:
_java_thread_list=0x0000022cf28fcc80, length=15, elements={
0x0000022c2ead7800, 0x0000022c4f4f9000, 0x0000022c4f4fa000, 0x0000022c4f517800,
0x0000022c4f51a800, 0x0000022c4f51c800, 0x0000022c4f522800, 0x0000022c4f524000,
0x0000022c4f526000, 0x0000022c4ff1a800, 0x0000022c4ff1b800, 0x0000022c4ff21000,
0x0000022c4ff1c000, 0x0000022c4ff20000, 0x0000022c4ff1f800
}

Java Threads: ( => current thread )
=>0x0000022c2ead7800 JavaThread "main" [_thread_in_native, id=16164, stack(0x000000314df00000,0x000000314e000000)]
  0x0000022c4f4f9000 JavaThread "Reference Handler" daemon [_thread_blocked, id=15912, stack(0x000000314e600000,0x000000314e700000)]
  0x0000022c4f4fa000 JavaThread "Finalizer" daemon [_thread_blocked, id=6792, stack(0x000000314e700000,0x000000314e800000)]
  0x0000022c4f517800 JavaThread "Signal Dispatcher" daemon [_thread_blocked, id=8964, stack(0x000000314e800000,0x000000314e900000)]
  0x0000022c4f51a800 JavaThread "Attach Listener" daemon [_thread_blocked, id=9992, stack(0x000000314e900000,0x000000314ea00000)]
  0x0000022c4f51c800 JavaThread "Service Thread" daemon [_thread_blocked, id=7544, stack(0x000000314ea00000,0x000000314eb00000)]
  0x0000022c4f522800 JavaThread "C2 CompilerThread0" daemon [_thread_blocked, id=9968, stack(0x000000314eb00000,0x000000314ec00000)]
  0x0000022c4f524000 JavaThread "C1 CompilerThread0" daemon [_thread_blocked, id=16284, stack(0x000000314ec00000,0x000000314ed00000)]
  0x0000022c4f526000 JavaThread "Sweeper thread" daemon [_thread_blocked, id=9852, stack(0x000000314ed00000,0x000000314ee00000)]
  0x0000022c4ff1a800 JavaThread "Notification Thread" daemon [_thread_blocked, id=5904, stack(0x000000314ee00000,0x000000314ef00000)]
  0x0000022c4ff1b800 JavaThread "Common-Cleaner" daemon [_thread_blocked, id=10044, stack(0x000000314f000000,0x000000314f100000)]
  0x0000022c4ff21000 JavaThread "AsyncExecutor-Thread" daemon [_thread_blocked, id=1412, stack(0x000000314fa00000,0x000000314fb00000)]
  0x0000022c4ff1c000 JavaThread "AsyncExecutor-Thread" daemon [_thread_blocked, id=9292, stack(0x000000314ff00000,0x0000003150000000)]
  0x0000022c4ff20000 JavaThread "Thread-0" daemon [_thread_blocked, id=13268, stack(0x0000003150200000,0x0000003150300000)]
  0x0000022c4ff1f800 JavaThread "AsyncExecutor-Thread" daemon [_thread_blocked, id=16308, stack(0x000000314fd00000,0x000000314fe00000)]

Other Threads:
  0x0000022c4f4f6800 VMThread "VM Thread" [stack: 0x000000314e500000,0x000000314e600000] [id=10604]
  0x0000022c4ff23000 WatcherThread [stack: 0x000000314ef00000,0x000000314f000000] [id=10584]
  0x0000022c2eb1b000 GCTaskThread "GC Thread#0" [stack: 0x000000314e000000,0x000000314e100000] [id=11436]
  0x0000022cd5177800 GCTaskThread "GC Thread#1" [stack: 0x000000314f800000,0x000000314f900000] [id=6268]
  0x0000022cd5178000 GCTaskThread "GC Thread#2" [stack: 0x000000314f900000,0x000000314fa00000] [id=13320]
  0x0000022c2eb2c800 ConcurrentGCThread "G1 Main Marker" [stack: 0x000000314e100000,0x000000314e200000] [id=8904]
  0x0000022c2eb2f800 ConcurrentGCThread "G1 Conc#0" [stack: 0x000000314e200000,0x000000314e300000] [id=13584]
  0x0000022c2ebb7800 ConcurrentGCThread "G1 Refine#0" [stack: 0x000000314e300000,0x000000314e400000] [id=14432]
  0x0000022cdab03800 ConcurrentGCThread "G1 Refine#1" [stack: 0x000000314fb00000,0x000000314fc00000] [id=7292]
  0x0000022cf2644800 ConcurrentGCThread "G1 Refine#2" [stack: 0x000000314fe00000,0x000000314ff00000] [id=4612]
  0x0000022c2ebb9000 ConcurrentGCThread "G1 Young RemSet Sampling" [stack: 0x000000314e400000,0x000000314e500000] [id=14708]

Threads with active compile tasks:

VM state:not at safepoint (normal execution)

VM Mutex/Monitor currently owned by a thread: None

Heap address: 0x0000000081400000, size: 2028 MB, Compressed Oops mode: 32-bit
Narrow klass base: 0x0000000800000000, Narrow klass shift: 3
Compressed class space size: 1073741824 Address: 0x0000000800b30000

Heap:
 garbage-first heap   total 66560K, used 44514K [0x0000000081400000, 0x0000000100000000)
  region size 1024K, 16 young (16384K), 3 survivors (3072K)
 Metaspace       used 31983K, capacity 33804K, committed 33916K, reserved 1077248K
  class space    used 4746K, capacity 5644K, committed 5756K, reserved 1048576K
Heap Regions: E=young(eden), S=young(survivor), O=old, HS=humongous(starts), HC=humongous(continues), CS=collection set, F=free, OA=open archive, CA=closed archive, TAMS=top-at-mark-start (previous, next)
|   0|0x0000000081400000, 0x0000000081500000, 0x0000000081500000|100%| O|  |TAMS 0x0000000081500000, 0x0000000081400000| Untracked 
|   1|0x0000000081500000, 0x0000000081600000, 0x0000000081600000|100%|HS|  |TAMS 0x0000000081600000, 0x0000000081500000| Complete 
|   2|0x0000000081600000, 0x0000000081700000, 0x0000000081700000|100%| O|  |TAMS 0x0000000081700000, 0x0000000081600000| Untracked 
|   3|0x0000000081700000, 0x0000000081800000, 0x0000000081800000|100%| O|  |TAMS 0x0000000081800000, 0x0000000081700000| Untracked 
|   4|0x0000000081800000, 0x0000000081900000, 0x0000000081900000|100%| O|  |TAMS 0x0000000081900000, 0x0000000081800000| Untracked 
|   5|0x0000000081900000, 0x0000000081a00000, 0x0000000081a00000|100%| O|  |TAMS 0x0000000081a00000, 0x0000000081900000| Untracked 
|   6|0x0000000081a00000, 0x0000000081b00000, 0x0000000081b00000|100%| O|  |TAMS 0x0000000081a00000, 0x0000000081a00000| Untracked 
|   7|0x0000000081b00000, 0x0000000081c00000, 0x0000000081c00000|100%| O|  |TAMS 0x0000000081b00000, 0x0000000081b00000| Untracked 
|   8|0x0000000081c00000, 0x0000000081d00000, 0x0000000081d00000|100%| O|  |TAMS 0x0000000081c00000, 0x0000000081c00000| Untracked 
|   9|0x0000000081d00000, 0x0000000081e00000, 0x0000000081e00000|100%| O|  |TAMS 0x0000000081d00000, 0x0000000081d00000| Untracked 
|  10|0x0000000081e00000, 0x0000000081f00000, 0x0000000081f00000|100%| O|  |TAMS 0x0000000081e00000, 0x0000000081e00000| Untracked 
|  11|0x0000000081f00000, 0x0000000082000000, 0x0000000082000000|100%| O|  |TAMS 0x0000000082000000, 0x0000000081f00000| Untracked 
|  12|0x0000000082000000, 0x0000000082100000, 0x0000000082100000|100%| O|  |TAMS 0x0000000082100000, 0x0000000082000000| Untracked 
|  13|0x0000000082100000, 0x00000000821f8800, 0x0000000082200000| 97%| O|  |TAMS 0x00000000821f8800, 0x0000000082100000| Untracked 
|  14|0x0000000082200000, 0x0000000082300000, 0x0000000082300000|100%| O|  |TAMS 0x0000000082200000, 0x0000000082200000| Untracked 
|  15|0x0000000082300000, 0x0000000082400000, 0x0000000082400000|100%| O|  |TAMS 0x0000000082300000, 0x0000000082300000| Untracked 
|  16|0x0000000082400000, 0x0000000082500000, 0x0000000082500000|100%| O|  |TAMS 0x0000000082400000, 0x0000000082400000| Untracked 
|  17|0x0000000082500000, 0x0000000082600000, 0x0000000082600000|100%| O|  |TAMS 0x0000000082500000, 0x0000000082500000| Untracked 
|  18|0x0000000082600000, 0x0000000082700000, 0x0000000082700000|100%| O|  |TAMS 0x0000000082600000, 0x0000000082600000| Untracked 
|  19|0x0000000082700000, 0x0000000082800000, 0x0000000082800000|100%| O|  |TAMS 0x0000000082700000, 0x0000000082700000| Untracked 
|  20|0x0000000082800000, 0x0000000082900000, 0x0000000082900000|100%| O|  |TAMS 0x0000000082800000, 0x0000000082800000| Untracked 
|  21|0x0000000082900000, 0x0000000082a00000, 0x0000000082a00000|100%| O|  |TAMS 0x0000000082900000, 0x0000000082900000| Untracked 
|  22|0x0000000082a00000, 0x0000000082b00000, 0x0000000082b00000|100%| O|  |TAMS 0x0000000082a00000, 0x0000000082a00000| Untracked 
|  23|0x0000000082b00000, 0x0000000082b80000, 0x0000000082c00000| 50%| O|  |TAMS 0x0000000082b00000, 0x0000000082b00000| Untracked 
|  24|0x0000000082c00000, 0x0000000082c00000, 0x0000000082d00000|  0%| F|  |TAMS 0x0000000082c00000, 0x0000000082c00000| Untracked 
|  25|0x0000000082d00000, 0x0000000082d00000, 0x0000000082e00000|  0%| F|  |TAMS 0x0000000082d00000, 0x0000000082d00000| Untracked 
|  26|0x0000000082e00000, 0x0000000082e00000, 0x0000000082f00000|  0%| F|  |TAMS 0x0000000082e00000, 0x0000000082e00000| Untracked 
|  27|0x0000000082f00000, 0x0000000082f00000, 0x0000000083000000|  0%| F|  |TAMS 0x0000000082f00000, 0x0000000082f00000| Untracked 
|  28|0x0000000083000000, 0x0000000083000000, 0x0000000083100000|  0%| F|  |TAMS 0x0000000083000000, 0x0000000083000000| Untracked 
|  29|0x0000000083100000, 0x0000000083100000, 0x0000000083200000|  0%| F|  |TAMS 0x0000000083100000, 0x0000000083100000| Untracked 
|  30|0x0000000083200000, 0x0000000083200000, 0x0000000083300000|  0%| F|  |TAMS 0x0000000083200000, 0x0000000083200000| Untracked 
|  31|0x0000000083300000, 0x0000000083300000, 0x0000000083400000|  0%| F|  |TAMS 0x0000000083300000, 0x0000000083300000| Untracked 
|  32|0x0000000083400000, 0x0000000083400000, 0x0000000083500000|  0%| F|  |TAMS 0x0000000083400000, 0x0000000083400000| Untracked 
|  33|0x0000000083500000, 0x0000000083500000, 0x0000000083600000|  0%| F|  |TAMS 0x0000000083500000, 0x0000000083500000| Untracked 
|  34|0x0000000083600000, 0x0000000083600000, 0x0000000083700000|  0%| F|  |TAMS 0x0000000083600000, 0x0000000083600000| Untracked 
|  35|0x0000000083700000, 0x0000000083700000, 0x0000000083800000|  0%| F|  |TAMS 0x0000000083700000, 0x0000000083700000| Untracked 
|  36|0x0000000083800000, 0x0000000083800000, 0x0000000083900000|  0%| F|  |TAMS 0x0000000083800000, 0x0000000083800000| Untracked 
|  37|0x0000000083900000, 0x0000000083900000, 0x0000000083a00000|  0%| F|  |TAMS 0x0000000083900000, 0x0000000083900000| Untracked 
|  38|0x0000000083a00000, 0x0000000083a00000, 0x0000000083b00000|  0%| F|  |TAMS 0x0000000083a00000, 0x0000000083a00000| Untracked 
|  39|0x0000000083b00000, 0x0000000083c00000, 0x0000000083c00000|100%| S|CS|TAMS 0x0000000083b00000, 0x0000000083b00000| Complete 
|  40|0x0000000083c00000, 0x0000000083d00000, 0x0000000083d00000|100%| S|CS|TAMS 0x0000000083c00000, 0x0000000083c00000| Complete 
|  41|0x0000000083d00000, 0x0000000083e00000, 0x0000000083e00000|100%| S|CS|TAMS 0x0000000083d00000, 0x0000000083d00000| Complete 
|  42|0x0000000083e00000, 0x0000000083e00000, 0x0000000083f00000|  0%| F|  |TAMS 0x0000000083e00000, 0x0000000083e00000| Untracked 
|  43|0x0000000083f00000, 0x0000000083f00000, 0x0000000084000000|  0%| F|  |TAMS 0x0000000083f00000, 0x0000000083f00000| Untracked 
|  44|0x0000000084000000, 0x0000000084000000, 0x0000000084100000|  0%| F|  |TAMS 0x0000000084000000, 0x0000000084000000| Untracked 
|  45|0x0000000084100000, 0x0000000084100000, 0x0000000084200000|  0%| F|  |TAMS 0x0000000084100000, 0x0000000084100000| Untracked 
|  46|0x0000000084200000, 0x0000000084200000, 0x0000000084300000|  0%| F|  |TAMS 0x0000000084200000, 0x0000000084200000| Untracked 
|  47|0x0000000084300000, 0x00000000843ab168, 0x0000000084400000| 66%| E|  |TAMS 0x0000000084300000, 0x0000000084300000| Complete 
|  48|0x0000000084400000, 0x0000000084500000, 0x0000000084500000|100%| E|CS|TAMS 0x0000000084400000, 0x0000000084400000| Complete 
|  49|0x0000000084500000, 0x0000000084600000, 0x0000000084600000|100%| E|CS|TAMS 0x0000000084500000, 0x0000000084500000| Complete 
|  50|0x0000000084600000, 0x0000000084700000, 0x0000000084700000|100%| E|CS|TAMS 0x0000000084600000, 0x0000000084600000| Complete 
|  51|0x0000000084700000, 0x0000000084800000, 0x0000000084800000|100%| E|CS|TAMS 0x0000000084700000, 0x0000000084700000| Complete 
|  52|0x0000000084800000, 0x0000000084900000, 0x0000000084900000|100%| E|CS|TAMS 0x0000000084800000, 0x0000000084800000| Complete 
|  53|0x0000000084900000, 0x0000000084a00000, 0x0000000084a00000|100%| E|CS|TAMS 0x0000000084900000, 0x0000000084900000| Complete 
| 105|0x0000000087d00000, 0x0000000087e00000, 0x0000000087e00000|100%| E|CS|TAMS 0x0000000087d00000, 0x0000000087d00000| Complete 
| 108|0x0000000088000000, 0x0000000088100000, 0x0000000088100000|100%| E|CS|TAMS 0x0000000088000000, 0x0000000088000000| Complete 
| 109|0x0000000088100000, 0x0000000088200000, 0x0000000088200000|100%| E|CS|TAMS 0x0000000088100000, 0x0000000088100000| Complete 
| 110|0x0000000088200000, 0x0000000088300000, 0x0000000088300000|100%| E|CS|TAMS 0x0000000088200000, 0x0000000088200000| Complete 
| 126|0x0000000089200000, 0x0000000089300000, 0x0000000089300000|100%| E|CS|TAMS 0x0000000089200000, 0x0000000089200000| Complete 
| 127|0x0000000089300000, 0x0000000089400000, 0x0000000089400000|100%| E|CS|TAMS 0x0000000089300000, 0x0000000089300000| Complete 
|2023|0x00000000ffb00000, 0x00000000ffc00000, 0x00000000ffc00000|100%| O|  |TAMS 0x00000000ffb00000, 0x00000000ffb00000| Untracked 
|2024|0x00000000ffc00000, 0x00000000ffd00000, 0x00000000ffd00000|100%| O|  |TAMS 0x00000000ffc00000, 0x00000000ffc00000| Untracked 
|2025|0x00000000ffd00000, 0x00000000ffe00000, 0x00000000ffe00000|100%| O|  |TAMS 0x00000000ffd00000, 0x00000000ffd00000| Untracked 
|2026|0x00000000ffe00000, 0x00000000fff00000, 0x00000000fff00000|100%| O|  |TAMS 0x00000000ffe00000, 0x00000000ffe00000| Untracked 
|2027|0x00000000fff00000, 0x0000000100000000, 0x0000000100000000|100%| O|  |TAMS 0x00000000fff00000, 0x00000000fff00000| Untracked 

Card table byte_map: [0x0000022c48780000,0x0000022c48b80000] _byte_map_base: 0x0000022c48376000

Marking Bits (Prev, Next): (CMBitMap*) 0x0000022c2eb1b9f8, (CMBitMap*) 0x0000022c2eb1b9b8
 Prev Bits: [0x0000022c4af30000, 0x0000022c4cee0000)
 Next Bits: [0x0000022c48f80000, 0x0000022c4af30000)

Polling page: 0x0000022c2ebc0000

Metaspace:

Usage:
  Non-class:     27.50 MB capacity,    26.60 MB ( 97%) used,   726.52 KB (  3%) free+waste,   196.81 KB ( <1%) overhead. 
      Class:      5.51 MB capacity,     4.64 MB ( 84%) used,   770.67 KB ( 14%) free+waste,   126.56 KB (  2%) overhead. 
       Both:     33.01 MB capacity,    31.23 MB ( 95%) used,     1.46 MB (  4%) free+waste,   323.38 KB ( <1%) overhead. 

Virtual space:
  Non-class space:       28.00 MB reserved,      27.50 MB ( 98%) committed 
      Class space:        1.00 GB reserved,       5.62 MB ( <1%) committed 
             Both:        1.03 GB reserved,      33.12 MB (  3%) committed 

Chunk freelists:
   Non-Class:  0 bytes
       Class:  0 bytes
        Both:  0 bytes

MaxMetaspaceSize: 17179869184.00 GB
CompressedClassSpaceSize: 1.00 GB

CodeHeap 'non-profiled nmethods': size=120000Kb used=2451Kb max_used=2510Kb free=117548Kb
 bounds [0x0000022c40830000, 0x0000022c40ab0000, 0x0000022c47d60000]
CodeHeap 'profiled nmethods': size=120000Kb used=8542Kb max_used=8914Kb free=111457Kb
 bounds [0x0000022c39300000, 0x0000022c39bc0000, 0x0000022c40830000]
CodeHeap 'non-nmethods': size=5760Kb used=1410Kb max_used=1471Kb free=4349Kb
 bounds [0x0000022c38d60000, 0x0000022c38fd0000, 0x0000022c39300000]
 total_blobs=4299 nmethods=3568 adapters=643
 compilation: enabled
              stopped_count=0, restarted_count=0
 full_count=0

Compilation events (20 events):
Event: 26.543 Thread 0x0000022c4f524000 4131       3       mindustry.graphics.MenuRenderer::lambda$drawFlyers$2 (23 bytes)
Event: 26.543 Thread 0x0000022c4f524000 nmethod 4131 0x0000022c397a8890 code [0x0000022c397a8a80, 0x0000022c397a8d08]
Event: 26.543 Thread 0x0000022c4f524000 4132       3       mindustry.graphics.MenuRenderer$$Lambda$1734/0x00000008010a3040::get (10 bytes)
Event: 26.543 Thread 0x0000022c4f524000 nmethod 4132 0x0000022c397a8090 code [0x0000022c397a8280, 0x0000022c397a86f8]
Event: 26.543 Thread 0x0000022c4f524000 4133       3       mindustry.graphics.MenuRenderer::lambda$drawFlyers$3 (11 bytes)
Event: 26.544 Thread 0x0000022c4f524000 nmethod 4133 0x0000022c397a7910 code [0x0000022c397a7b00, 0x0000022c397a7ed8]
Event: 26.544 Thread 0x0000022c4f524000 4134       3       arc.graphics.g2d.Draw::rect (16 bytes)
Event: 26.544 Thread 0x0000022c4f524000 nmethod 4134 0x0000022c397a7210 code [0x0000022c397a7400, 0x0000022c397a7798]
Event: 26.544 Thread 0x0000022c4f524000 4128       3       mindustry.core.Logic::update (383 bytes)
Event: 26.547 Thread 0x0000022c4f524000 nmethod 4128 0x0000022c397a3910 code [0x0000022c397a3e40, 0x0000022c397a63b8]
Event: 26.955 Thread 0x0000022c4f522800 4135       4       arc.input.KeyboardDevice::type (4 bytes)
Event: 26.956 Thread 0x0000022c4f522800 nmethod 4135 0x0000022c409d5d90 code [0x0000022c409d5f00, 0x0000022c409d5f78]
Event: 26.956 Thread 0x0000022c4f522800 4136       4       arc.scene.ui.layout.Table::draw (118 bytes)
Event: 27.012 Thread 0x0000022c4f522800 nmethod 4136 0x0000022c40969e10 code [0x0000022c4096a3c0, 0x0000022c4096bb68]
Event: 27.034 Thread 0x0000022c4f524000 4137       3       arc.scene.Scene::fireEnterAndExit (203 bytes)
Event: 27.036 Thread 0x0000022c4f524000 nmethod 4137 0x0000022c397a1610 code [0x0000022c397a1940, 0x0000022c397a3178]
Event: 27.305 Thread 0x0000022c4f524000 4138       3       java.io.DataOutputStream::writeBoolean (22 bytes)
Event: 27.305 Thread 0x0000022c4f524000 nmethod 4138 0x0000022c397a1010 code [0x0000022c397a11c0, 0x0000022c397a14c8]
Event: 27.307 Thread 0x0000022c4f524000 4139       3       java.io.FileDescriptor$1::get (5 bytes)
Event: 27.307 Thread 0x0000022c4f524000 nmethod 4139 0x0000022c397a0c90 code [0x0000022c397a0e20, 0x0000022c397a0f38]

GC Heap History (14 events):
Event: 1.676 GC heap before
{Heap before GC invocations=0 (full 0):
 garbage-first heap   total 131072K, used 13312K [0x0000000081400000, 0x0000000100000000)
  region size 1024K, 13 young (13312K), 0 survivors (0K)
 Metaspace       used 6037K, capacity 8220K, committed 8448K, reserved 1056768K
  class space    used 629K, capacity 915K, committed 1024K, reserved 1048576K
}
Event: 1.682 GC heap after
{Heap after GC invocations=1 (full 0):
 garbage-first heap   total 131072K, used 2649K [0x0000000081400000, 0x0000000100000000)
  region size 1024K, 2 young (2048K), 2 survivors (2048K)
 Metaspace       used 6037K, capacity 8220K, committed 8448K, reserved 1056768K
  class space    used 629K, capacity 915K, committed 1024K, reserved 1048576K
}
Event: 2.827 GC heap before
{Heap before GC invocations=1 (full 0):
 garbage-first heap   total 131072K, used 18009K [0x0000000081400000, 0x0000000100000000)
  region size 1024K, 17 young (17408K), 2 survivors (2048K)
 Metaspace       used 11614K, capacity 13081K, committed 13184K, reserved 1060864K
  class space    used 1028K, capacity 1347K, committed 1408K, reserved 1048576K
}
Event: 2.848 GC heap after
{Heap after GC invocations=2 (full 0):
 garbage-first heap   total 131072K, used 8854K [0x0000000081400000, 0x0000000100000000)
  region size 1024K, 3 young (3072K), 3 survivors (3072K)
 Metaspace       used 11614K, capacity 13081K, committed 13184K, reserved 1060864K
  class space    used 1028K, capacity 1347K, committed 1408K, reserved 1048576K
}
Event: 6.391 GC heap before
{Heap before GC invocations=2 (full 0):
 garbage-first heap   total 131072K, used 30358K [0x0000000081400000, 0x0000000100000000)
  region size 1024K, 20 young (20480K), 3 survivors (3072K)
 Metaspace       used 14717K, capacity 16119K, committed 16256K, reserved 1062912K
  class space    used 1758K, capacity 2091K, committed 2176K, reserved 1048576K
}
Event: 6.403 GC heap after
{Heap after GC invocations=3 (full 0):
 garbage-first heap   total 131072K, used 11234K [0x0000000081400000, 0x0000000100000000)
  region size 1024K, 2 young (2048K), 2 survivors (2048K)
 Metaspace       used 14717K, capacity 16119K, committed 16256K, reserved 1062912K
  class space    used 1758K, capacity 2091K, committed 2176K, reserved 1048576K
}
Event: 8.374 GC heap before
{Heap before GC invocations=3 (full 0):
 garbage-first heap   total 131072K, used 27618K [0x0000000081400000, 0x0000000100000000)
  region size 1024K, 19 young (19456K), 2 survivors (2048K)
 Metaspace       used 19701K, capacity 21214K, committed 21248K, reserved 1067008K
  class space    used 3023K, capacity 3566K, committed 3584K, reserved 1048576K
}
Event: 8.381 GC heap after
{Heap after GC invocations=4 (full 0):
 garbage-first heap   total 131072K, used 12758K [0x0000000081400000, 0x0000000100000000)
  region size 1024K, 4 young (4096K), 4 survivors (4096K)
 Metaspace       used 19701K, capacity 21214K, committed 21248K, reserved 1067008K
  class space    used 3023K, capacity 3566K, committed 3584K, reserved 1048576K
}
Event: 11.843 GC heap before
{Heap before GC invocations=5 (full 0):
 garbage-first heap   total 51200K, used 49622K [0x0000000081400000, 0x0000000100000000)
  region size 1024K, 38 young (38912K), 4 survivors (4096K)
 Metaspace       used 21953K, capacity 23446K, committed 23676K, reserved 1069056K
  class space    used 3401K, capacity 4082K, committed 4220K, reserved 1048576K
}
Event: 11.892 GC heap after
{Heap after GC invocations=6 (full 0):
 garbage-first heap   total 66560K, used 23592K [0x0000000081400000, 0x0000000100000000)
  region size 1024K, 10 young (10240K), 10 survivors (10240K)
 Metaspace       used 21953K, capacity 23446K, committed 23676K, reserved 1069056K
  class space    used 3401K, capacity 4082K, committed 4220K, reserved 1048576K
}
Event: 13.651 GC heap before
{Heap before GC invocations=6 (full 0):
 garbage-first heap   total 66560K, used 41000K [0x0000000081400000, 0x0000000100000000)
  region size 1024K, 28 young (28672K), 10 survivors (10240K)
 Metaspace       used 25031K, capacity 26323K, committed 26620K, reserved 1071104K
  class space    used 3800K, capacity 4477K, committed 4604K, reserved 1048576K
}
Event: 13.694 GC heap after
{Heap after GC invocations=7 (full 0):
 garbage-first heap   total 66560K, used 27106K [0x0000000081400000, 0x0000000100000000)
  region size 1024K, 4 young (4096K), 4 survivors (4096K)
 Metaspace       used 25031K, capacity 26323K, committed 26620K, reserved 1071104K
  class space    used 3800K, capacity 4477K, committed 4604K, reserved 1048576K
}
Event: 14.701 GC heap before
{Heap before GC invocations=7 (full 0):
 garbage-first heap   total 66560K, used 44514K [0x0000000081400000, 0x0000000100000000)
  region size 1024K, 22 young (22528K), 4 survivors (4096K)
 Metaspace       used 30177K, capacity 31587K, committed 31868K, reserved 1075200K
  class space    used 4423K, capacity 5187K, committed 5244K, reserved 1048576K
}
Event: 14.720 GC heap after
{Heap after GC invocations=8 (full 0):
 garbage-first heap   total 66560K, used 32226K [0x0000000081400000, 0x0000000100000000)
  region size 1024K, 3 young (3072K), 3 survivors (3072K)
 Metaspace       used 30177K, capacity 31587K, committed 31868K, reserved 1075200K
  class space    used 4423K, capacity 5187K, committed 5244K, reserved 1048576K
}

Deoptimization events (20 events):
Event: 21.826 Thread 0x0000022c2ead7800 DEOPT PACKING pc=0x0000022c4093c06c sp=0x000000314dffe790
Event: 21.826 Thread 0x0000022c2ead7800 DEOPT UNPACKING pc=0x0000022c38da912f sp=0x000000314dffe6c0 mode 2
Event: 24.344 Thread 0x0000022c2ead7800 Uncommon trap: trap_request=0xffffffc6 fr.pc=0x0000022c4093c13c relative=0x0000000000000abc
Event: 24.344 Thread 0x0000022c2ead7800 Uncommon trap: reason=bimorphic_or_optimized_type_check action=maybe_recompile pc=0x0000022c4093c13c method=arc.scene.ui.layout.Table.getMarginTop()F @ 32 c2
Event: 24.344 Thread 0x0000022c2ead7800 DEOPT PACKING pc=0x0000022c4093c13c sp=0x000000314dffe1f0
Event: 24.344 Thread 0x0000022c2ead7800 DEOPT UNPACKING pc=0x0000022c38da912f sp=0x000000314dffe120 mode 2
Event: 24.453 Thread 0x0000022c2ead7800 Uncommon trap: trap_request=0xffffff45 fr.pc=0x0000022c4095849c relative=0x000000000000025c
Event: 24.453 Thread 0x0000022c2ead7800 Uncommon trap: reason=unstable_if action=reinterpret pc=0x0000022c4095849c method=arc.struct.SnapshotSeq.end()V @ 18 c2
Event: 24.453 Thread 0x0000022c2ead7800 DEOPT PACKING pc=0x0000022c4095849c sp=0x000000314dfff2e0
Event: 24.453 Thread 0x0000022c2ead7800 DEOPT UNPACKING pc=0x0000022c38da912f sp=0x000000314dfff290 mode 2
Event: 24.455 Thread 0x0000022c2ead7800 Uncommon trap: trap_request=0xffffff45 fr.pc=0x0000022c40937d6c relative=0x000000000000142c
Event: 24.455 Thread 0x0000022c2ead7800 Uncommon trap: reason=unstable_if action=reinterpret pc=0x0000022c40937d6c method=java.io.DataOutputStream.writeUTF(Ljava/lang/String;Ljava/io/DataOutput;)I @ 101 c2
Event: 24.455 Thread 0x0000022c2ead7800 DEOPT PACKING pc=0x0000022c40937d6c sp=0x000000314dfff170
Event: 24.455 Thread 0x0000022c2ead7800 DEOPT UNPACKING pc=0x0000022c38da912f sp=0x000000314dfff110 mode 2
Event: 24.464 Thread 0x0000022c2ead7800 DEOPT PACKING pc=0x0000022c397e10dd sp=0x000000314dffdde0
Event: 24.464 Thread 0x0000022c2ead7800 DEOPT UNPACKING pc=0x0000022c38da964e sp=0x000000314dffd320 mode 0
Event: 25.504 Thread 0x0000022c2ead7800 Uncommon trap: trap_request=0xffffffc6 fr.pc=0x0000022c4093c13c relative=0x0000000000000abc
Event: 25.505 Thread 0x0000022c2ead7800 Uncommon trap: reason=bimorphic_or_optimized_type_check action=maybe_recompile pc=0x0000022c4093c13c method=arc.scene.ui.layout.Table.getMarginTop()F @ 32 c2
Event: 25.505 Thread 0x0000022c2ead7800 DEOPT PACKING pc=0x0000022c4093c13c sp=0x000000314dffe630
Event: 25.505 Thread 0x0000022c2ead7800 DEOPT UNPACKING pc=0x0000022c38da912f sp=0x000000314dffe560 mode 2

Classes unloaded (0 events):
No events

Classes redefined (0 events):
No events

Internal exceptions (20 events):
Event: 13.831 Thread 0x0000022c2ead7800 Exception <a 'java/lang/NoSuchMethodError'{0x0000000088060010}: 'void java.lang.invoke.DirectMethodHandle$Holder.invokeVirtual(java.lang.Object, java.lang.Object, java.lang.Object, java.lang.Object)'> (0x0000000088060010) 
thrown [./src/hotspot/share/interpreter/linkResolver.cpp, line 766]
Event: 13.832 Thread 0x0000022c2ead7800 Exception <a 'java/lang/NoSuchMethodError'{0x000000008806bec8}: 'java.lang.Object java.lang.invoke.DirectMethodHandle$Holder.invokeStatic(java.lang.Object, int, java.lang.Object, java.lang.Object, java.lang.Object, java.lang.Object)'> (0x000000008806bec8) 
thrown [./src/hotspot/share/interpreter/linkResolver.cpp, line 766]
Event: 13.839 Thread 0x0000022c2ead7800 Exception <a 'java/lang/NoSuchMethodError'{0x00000000880c2948}: 'java.lang.Object java.lang.invoke.DirectMethodHandle$Holder.invokeStatic(java.lang.Object, float, java.lang.Object)'> (0x00000000880c2948) 
thrown [./src/hotspot/share/interpreter/linkResolver.cpp, line 766]
Event: 14.605 Thread 0x0000022c2ead7800 Exception <a 'java/lang/NoSuchMethodError'{0x0000000084079f18}: 'void java.lang.invoke.DirectMethodHandle$Holder.invokeStatic(java.lang.Object, int)'> (0x0000000084079f18) 
thrown [./src/hotspot/share/interpreter/linkResolver.cpp, line 766]
Event: 14.925 Thread 0x0000022c2ead7800 Exception <a 'java/lang/NoSuchMethodError'{0x00000000880259f0}: 'void java.lang.invoke.DirectMethodHandle$Holder.invokeSpecial(java.lang.Object, java.lang.Object, float)'> (0x00000000880259f0) 
thrown [./src/hotspot/share/interpreter/linkResolver.cpp, line 766]
Event: 14.989 Thread 0x0000022c2ead7800 Exception <a 'java/lang/NoSuchMethodError'{0x0000000084923f50}: 'int java.lang.invoke.DirectMethodHandle$Holder.invokeInterface(java.lang.Object, java.lang.Object)'> (0x0000000084923f50) 
thrown [./src/hotspot/share/interpreter/linkResolver.cpp, line 766]
Event: 14.997 Thread 0x0000022c2ead7800 Exception <a 'java/lang/NoSuchMethodError'{0x00000000849613c0}: 'java.lang.Object java.lang.invoke.DirectMethodHandle$Holder.invokeSpecial(java.lang.Object, java.lang.Object, java.lang.Object, java.lang.Object, java.lang.Object, java.lang.Object, java.lang.Object, java.lang.Object, java.lang.Object, java.lang.Object)'> (0x00000000849613c0) 
thrown [./src/hotspot/share/interpreter/linkResolver.cpp, line 766]
Event: 14.997 Thread 0x0000022c2ead7800 Exception <a 'java/lang/NoSuchMethodError'{0x0000000084965120}: 'java.lang.Object java.lang.invoke.Invokers$Holder.linkToTargetMethod(java.lang.Object, java.lang.Object, java.lang.Object, java.lang.Object, java.lang.Object, java.lang.Object, java.lang.Object, java.lang.Object, java.lang.Object)'> (0x0000000084965120) 
thrown [./src/hotspot/share/interpreter/linkResolver.cpp, line 766]
Event: 15.004 Thread 0x0000022c2ead7800 Exception <a 'java/lang/NoSuchMethodError'{0x00000000849aa6d0}: 'void java.lang.invoke.DirectMethodHandle$Holder.invokeStatic(java.lang.Object, java.lang.Object, float)'> (0x00000000849aa6d0) 
thrown [./src/hotspot/share/interpreter/linkResolver.cpp, line 766]
Event: 15.006 Thread 0x0000022c2ead7800 Exception <a 'java/lang/NoSuchMethodError'{0x00000000849bcc80}: 'java.lang.Object java.lang.invoke.DirectMethodHandle$Holder.invokeStatic(java.lang.Object, java.lang.Object, int, java.lang.Object)'> (0x00000000849bcc80) 
thrown [./src/hotspot/share/interpreter/linkResolver.cpp, line 766]
Event: 15.007 Thread 0x0000022c2ead7800 Exception <a 'java/lang/NoSuchMethodError'{0x00000000849c29a8}: 'java.lang.Object java.lang.invoke.Invokers$Holder.linkToTargetMethod(java.lang.Object, int, java.lang.Object, java.lang.Object)'> (0x00000000849c29a8) 
thrown [./src/hotspot/share/interpreter/linkResolver.cpp, line 766]
Event: 15.310 Thread 0x0000022c2ead7800 Exception <a 'java/lang/NoSuchMethodError'{0x0000000084542920}: 'void java.lang.invoke.DirectMethodHandle$Holder.invokeStatic(java.lang.Object, java.lang.Object, float, float, float, float)'> (0x0000000084542920) 
thrown [./src/hotspot/share/interpreter/linkResolver.cpp, line 766]
Event: 21.813 Thread 0x0000022c2ead7800 Exception <a 'java/lang/NoSuchMethodError'{0x00000000844ec690}: 'java.lang.Object java.lang.invoke.DirectMethodHandle$Holder.invokeStatic(java.lang.Object, java.lang.Object, java.lang.Object, float, float)'> (0x00000000844ec690) 
thrown [./src/hotspot/share/interpreter/linkResolver.cpp, line 766]
Event: 21.816 Thread 0x0000022c2ead7800 Exception <a 'java/lang/NoSuchMethodError'{0x0000000084302c70}: 'java.lang.Object java.lang.invoke.Invokers$Holder.linkToTargetMethod(java.lang.Object, java.lang.Object, java.lang.Object, java.lang.Object, java.lang.Object, java.lang.Object)'> (0x0000000084302c70) 
thrown [./src/hotspot/share/interpreter/linkResolver.cpp, line 766]
Event: 21.818 Thread 0x0000022c2ead7800 Exception <a 'java/lang/NoSuchMethodError'{0x0000000084312dc0}: 'java.lang.Object java.lang.invoke.DirectMethodHandle$Holder.invokeStatic(java.lang.Object, java.lang.Object, java.lang.Object, float)'> (0x0000000084312dc0) 
thrown [./src/hotspot/share/interpreter/linkResolver.cpp, line 766]
Event: 21.818 Thread 0x0000022c2ead7800 Exception <a 'java/lang/NoSuchMethodError'{0x00000000843161c8}: 'java.lang.Object java.lang.invoke.DirectMethodHandle$Holder.invokeSpecial(java.lang.Object, java.lang.Object, java.lang.Object, java.lang.Object, float)'> (0x00000000843161c8) 
thrown [./src/hotspot/share/interpreter/linkResolver.cpp, line 766]
Event: 21.818 Thread 0x0000022c2ead7800 Exception <a 'java/lang/NoSuchMethodError'{0x0000000084319288}: 'java.lang.Object java.lang.invoke.Invokers$Holder.linkToTargetMethod(java.lang.Object, java.lang.Object, float, java.lang.Object)'> (0x0000000084319288) 
thrown [./src/hotspot/share/interpreter/linkResolver.cpp, line 766]
Event: 24.455 Thread 0x0000022c2ead7800 Implicit null exception at 0x0000022c40936b47 to 0x0000022c40937d44
Event: 24.852 Thread 0x0000022c4ff1f800 Exception <a 'sun/net/ConnectionResetException'{0x00000000844bbdb0}: Connection reset> (0x00000000844bbdb0) 
thrown [./src/hotspot/share/prims/jni.cpp, line 620]
Event: 27.302 Thread 0x0000022c2ead7800 Exception <a 'java/lang/IncompatibleClassChangeError'{0x000000008437fd30}: Found class java.lang.Object, but interface was expected> (0x000000008437fd30) 
thrown [./src/hotspot/share/interpreter/linkResolver.cpp, line 832]

Events (20 events):
Event: 24.826 loading class sun/security/ssl/Alert$Level done
Event: 24.826 Executing VM operation: HandshakeOneThread
Event: 24.826 Executing VM operation: HandshakeOneThread done
Event: 24.827 Executing VM operation: HandshakeOneThread
Event: 24.828 Executing VM operation: HandshakeOneThread done
Event: 24.851 loading class sun/net/ConnectionResetException
Event: 24.851 loading class sun/net/ConnectionResetException done
Event: 24.852 Executing VM operation: HandshakeOneThread
Event: 24.852 Executing VM operation: HandshakeOneThread done
Event: 24.852 loading class javax/crypto/AEADBadTagException
Event: 24.852 loading class javax/crypto/AEADBadTagException done
Event: 24.853 Executing VM operation: HandshakeOneThread
Event: 24.853 Executing VM operation: HandshakeOneThread done
Event: 24.853 Thread 0x0000022c4ff1f800 Thread exited: 0x0000022c4ff1f800
Event: 25.503 Executing VM operation: HandshakeOneThread
Event: 25.503 Executing VM operation: HandshakeOneThread done
Event: 27.308 Thread 0x0000022c4ff1f800 Thread added: 0x0000022c4ff1f800
Event: 27.309 Executing VM operation: HandshakeOneThread
Event: 27.309 Executing VM operation: HandshakeOneThread done
Event: 27.310 Thread 0x0000022c4ff1e800 Thread exited: 0x0000022c4ff1e800


Dynamic libraries:
0x00007ff729530000 - 0x00007ff72953d000 	C:\Program Files\AdoptOpenJDK\jdk-14.0.2.12-hotspot\bin\java.exe
0x00007ffa25ff0000 - 0x00007ffa261e5000 	C:\WINDOWS\SYSTEM32\ntdll.dll
0x00007ffa256d0000 - 0x00007ffa2578d000 	C:\WINDOWS\System32\KERNEL32.DLL
0x00007ffa23bd0000 - 0x00007ffa23e98000 	C:\WINDOWS\System32\KERNELBASE.dll
0x00007ffa23730000 - 0x00007ffa23830000 	C:\WINDOWS\System32\ucrtbase.dll
0x00007ffa0aef0000 - 0x00007ffa0af08000 	C:\Program Files\AdoptOpenJDK\jdk-14.0.2.12-hotspot\bin\jli.dll
0x00007ffa07880000 - 0x00007ffa07895000 	C:\Program Files\AdoptOpenJDK\jdk-14.0.2.12-hotspot\bin\VCRUNTIME140.dll
0x00007ffa258d0000 - 0x00007ffa25a70000 	C:\WINDOWS\System32\USER32.dll
0x00007ffa23830000 - 0x00007ffa23852000 	C:\WINDOWS\System32\win32u.dll
0x00007ffa25f80000 - 0x00007ffa25faa000 	C:\WINDOWS\System32\GDI32.dll
0x00007ffa0fab0000 - 0x00007ffa0fd4a000 	C:\WINDOWS\WinSxS\amd64_microsoft.windows.common-controls_6595b64144ccf1df_6.0.19041.844_none_ca00b6081b84eb1d\COMCTL32.dll
0x00007ffa23f40000 - 0x00007ffa2404b000 	C:\WINDOWS\System32\gdi32full.dll
0x00007ffa23ea0000 - 0x00007ffa23f3d000 	C:\WINDOWS\System32\msvcp_win.dll
0x00007ffa25630000 - 0x00007ffa256ce000 	C:\WINDOWS\System32\msvcrt.dll
0x00007ffa258a0000 - 0x00007ffa258d0000 	C:\WINDOWS\System32\IMM32.DLL
0x00007ffa04e70000 - 0x00007ffa04f0b000 	C:\Program Files\AdoptOpenJDK\jdk-14.0.2.12-hotspot\bin\msvcp140.dll
0x00007ff9d2b90000 - 0x00007ff9d3724000 	C:\Program Files\AdoptOpenJDK\jdk-14.0.2.12-hotspot\bin\server\jvm.dll
0x00007ffa24f00000 - 0x00007ffa24fac000 	C:\WINDOWS\System32\ADVAPI32.dll
0x00007ffa25a70000 - 0x00007ffa25b0b000 	C:\WINDOWS\System32\sechost.dll
0x00007ffa25090000 - 0x00007ffa251bb000 	C:\WINDOWS\System32\RPCRT4.dll
0x00007ffa244f0000 - 0x00007ffa244f8000 	C:\WINDOWS\System32\PSAPI.DLL
0x00007ffa04cc0000 - 0x00007ffa04cc9000 	C:\WINDOWS\SYSTEM32\WSOCK32.dll
0x00007ffa25350000 - 0x00007ffa253bb000 	C:\WINDOWS\System32\WS2_32.dll
0x00007ffa15830000 - 0x00007ffa15857000 	C:\WINDOWS\SYSTEM32\WINMM.dll
0x00007ffa164f0000 - 0x00007ffa164fa000 	C:\WINDOWS\SYSTEM32\VERSION.dll
0x00007ffa22000000 - 0x00007ffa22012000 	C:\WINDOWS\SYSTEM32\kernel.appcore.dll
0x00007ffa1dfe0000 - 0x00007ffa1dfea000 	C:\Program Files\AdoptOpenJDK\jdk-14.0.2.12-hotspot\bin\jimage.dll
0x00007ffa19c90000 - 0x00007ffa19e74000 	C:\WINDOWS\SYSTEM32\DBGHELP.DLL
0x00007ffa19f40000 - 0x00007ffa19f6c000 	C:\WINDOWS\SYSTEM32\dbgcore.DLL
0x00007ffa23b20000 - 0x00007ffa23ba0000 	C:\WINDOWS\System32\bcryptPrimitives.dll
0x00007ffa07850000 - 0x00007ffa07875000 	C:\Program Files\AdoptOpenJDK\jdk-14.0.2.12-hotspot\bin\java.dll
0x00007ffa07830000 - 0x00007ffa07846000 	C:\Program Files\AdoptOpenJDK\jdk-14.0.2.12-hotspot\bin\zip.dll
0x00007ffa24700000 - 0x00007ffa24e42000 	C:\WINDOWS\System32\SHELL32.dll
0x00007ffa21860000 - 0x00007ffa21ff0000 	C:\WINDOWS\SYSTEM32\windows.storage.dll
0x00007ffa24190000 - 0x00007ffa244e5000 	C:\WINDOWS\System32\combase.dll
0x00007ffa231a0000 - 0x00007ffa231cc000 	C:\WINDOWS\SYSTEM32\Wldp.dll
0x00007ffa24e50000 - 0x00007ffa24efe000 	C:\WINDOWS\System32\SHCORE.dll
0x00007ffa25790000 - 0x00007ffa257e5000 	C:\WINDOWS\System32\shlwapi.dll
0x00007ffa23670000 - 0x00007ffa2368f000 	C:\WINDOWS\SYSTEM32\profapi.dll
0x00007ffa07810000 - 0x00007ffa07829000 	C:\Program Files\AdoptOpenJDK\jdk-14.0.2.12-hotspot\bin\net.dll
0x00007ffa16080000 - 0x00007ffa1618b000 	C:\WINDOWS\SYSTEM32\WINHTTP.dll
0x00007ffa22f10000 - 0x00007ffa22f7a000 	C:\WINDOWS\system32\mswsock.dll
0x00007ffa05450000 - 0x00007ffa05462000 	C:\Program Files\AdoptOpenJDK\jdk-14.0.2.12-hotspot\bin\nio.dll
0x0000000067ef0000 - 0x0000000067fb8000 	C:\Users\starw\AppData\Local\Temp\arc\5f24d8af\arc64.dll
0x0000000067d10000 - 0x0000000067eea000 	C:\Users\starw\AppData\Local\Temp\arc\87dfef74\sdl-arc64.dll
0x00007ffa25220000 - 0x00007ffa2534a000 	C:\WINDOWS\System32\ole32.dll
0x00007ffa24500000 - 0x00007ffa245cd000 	C:\WINDOWS\System32\OLEAUT32.dll
0x00007ffa25b10000 - 0x00007ffa25f79000 	C:\WINDOWS\System32\SETUPAPI.dll
0x00007ffa23860000 - 0x00007ffa238ae000 	C:\WINDOWS\System32\cfgmgr32.dll
0x00007ffa23ba0000 - 0x00007ffa23bc7000 	C:\WINDOWS\System32\bcrypt.dll
0x00007ffa065a0000 - 0x00007ffa066c6000 	C:\WINDOWS\SYSTEM32\OPENGL32.dll
0x00007ffa06530000 - 0x00007ffa0655c000 	C:\WINDOWS\SYSTEM32\GLU32.dll
0x00007ffa20dd0000 - 0x00007ffa20e6e000 	C:\WINDOWS\system32\uxtheme.dll
0x00007ffa245d0000 - 0x00007ffa246e5000 	C:\WINDOWS\System32\MSCTF.dll
0x00007ffa253c0000 - 0x00007ffa25469000 	C:\WINDOWS\System32\clbcatq.dll
0x00007ff9d2040000 - 0x00007ff9d2b88000 	C:\WINDOWS\SYSTEM32\ig75icd64.dll
0x00007ffa17260000 - 0x00007ffa17ca0000 	C:\WINDOWS\SYSTEM32\igdusc64.dll
0x00007ffa1e580000 - 0x00007ffa1e594000 	C:\WINDOWS\SYSTEM32\WTSAPI32.dll
0x00007ffa21080000 - 0x00007ffa210af000 	C:\WINDOWS\SYSTEM32\dwmapi.dll
0x00007ffa19300000 - 0x00007ffa1933b000 	C:\WINDOWS\SYSTEM32\dxcore.dll
0x00007ffa22d20000 - 0x00007ffa22d6b000 	C:\WINDOWS\SYSTEM32\powrprof.dll
0x00007ffa22b90000 - 0x00007ffa22ba2000 	C:\WINDOWS\SYSTEM32\UMPDC.dll
0x00007ffa21740000 - 0x00007ffa21837000 	C:\WINDOWS\SYSTEM32\PROPSYS.dll
0x00007ffa16c30000 - 0x00007ffa16c96000 	C:\WINDOWS\SYSTEM32\OLEACC.dll
0x00007ffa139c0000 - 0x00007ffa13ab9000 	C:\WINDOWS\SYSTEM32\textinputframework.dll
0x00007ffa20aa0000 - 0x00007ffa20b92000 	C:\WINDOWS\System32\CoreMessaging.dll
0x00007ffa203c0000 - 0x00007ffa2071e000 	C:\WINDOWS\System32\CoreUIComponents.dll
0x00007ffa22470000 - 0x00007ffa224a3000 	C:\WINDOWS\SYSTEM32\ntmarta.dll
0x00007ffa1f3e0000 - 0x00007ffa1f534000 	C:\WINDOWS\SYSTEM32\wintypes.dll
0x00007ffa13e40000 - 0x00007ffa13e81000 	C:\Windows\System32\IME\IMEKR\imkrapi.dll
0x00007ffa1ee90000 - 0x00007ffa1ef30000 	C:\WINDOWS\SYSTEM32\policymanager.dll
0x00007ffa228d0000 - 0x00007ffa2295a000 	C:\WINDOWS\SYSTEM32\msvcp110_win.dll
0x00007ffa142d0000 - 0x00007ffa1430e000 	C:\Windows\System32\IME\shared\imjkapi.dll
0x00007ffa22070000 - 0x00007ffa22164000 	C:\WINDOWS\SYSTEM32\dxgi.dll
0x00007ffa1f9a0000 - 0x00007ffa1fc04000 	C:\WINDOWS\SYSTEM32\d3d11.dll
0x00007ffa23210000 - 0x00007ffa23237000 	C:\WINDOWS\SYSTEM32\ncrypt.dll
0x00007ffa231d0000 - 0x00007ffa2320b000 	C:\WINDOWS\SYSTEM32\NTASN1.dll
0x00007ffa1d210000 - 0x00007ffa1d295000 	C:\WINDOWS\System32\MMDevApi.dll
0x00007ffa23500000 - 0x00007ffa2352c000 	C:\WINDOWS\System32\DEVOBJ.dll
0x00007ffa1d2b0000 - 0x00007ffa1d431000 	C:\WINDOWS\SYSTEM32\AUDIOSES.DLL
0x00007ffa20f90000 - 0x00007ffa20fa4000 	C:\WINDOWS\SYSTEM32\resourcepolicyclient.dll
0x00007ffa230e0000 - 0x00007ffa230f8000 	C:\WINDOWS\SYSTEM32\CRYPTSP.dll
0x00007ffa22840000 - 0x00007ffa22874000 	C:\WINDOWS\system32\rsaenh.dll
0x00007ffa235f0000 - 0x00007ffa2361e000 	C:\WINDOWS\SYSTEM32\USERENV.dll
0x00007ffa23100000 - 0x00007ffa2310c000 	C:\WINDOWS\SYSTEM32\CRYPTBASE.dll
0x00007ffa22bb0000 - 0x00007ffa22beb000 	C:\WINDOWS\SYSTEM32\IPHLPAPI.DLL
0x00007ffa246f0000 - 0x00007ffa246f8000 	C:\WINDOWS\System32\NSI.dll
0x00007ffa192e0000 - 0x00007ffa192f7000 	C:\WINDOWS\SYSTEM32\dhcpcsvc6.DLL
0x00007ffa1a090000 - 0x00007ffa1a0ad000 	C:\WINDOWS\SYSTEM32\dhcpcsvc.DLL
0x00007ffa22c00000 - 0x00007ffa22ccc000 	C:\WINDOWS\SYSTEM32\DNSAPI.dll
0x0000000066f40000 - 0x0000000066fc3000 	C:\Users\starw\AppData\Local\Temp\liblz4-java-15625703369720356247.so
0x00007ffa1e2d0000 - 0x00007ffa1e37e000 	C:\WINDOWS\SYSTEM32\mscms.dll
0x00007ffa1e260000 - 0x00007ffa1e271000 	C:\WINDOWS\SYSTEM32\ColorAdapterClient.dll
0x00007ffa10700000 - 0x00007ffa10743000 	C:\WINDOWS\SYSTEM32\icm32.dll
0x0000000067ca0000 - 0x0000000067d07000 	C:\Users\starw\AppData\Local\Temp\arc\955ce679\arc-freetype64.dll
0x00007ffa1b490000 - 0x00007ffa1b49e000 	C:\Program Files\AdoptOpenJDK\jdk-14.0.2.12-hotspot\bin\sunmscapi.dll
0x00007ffa238b0000 - 0x00007ffa23a0f000 	C:\WINDOWS\System32\CRYPT32.dll
0x00007ffa1b460000 - 0x00007ffa1b485000 	C:\Program Files\AdoptOpenJDK\jdk-14.0.2.12-hotspot\bin\sunec.dll
0x00007ffa1b930000 - 0x00007ffa1b93a000 	C:\Windows\System32\rasadhlp.dll
0x00007ffa15860000 - 0x00007ffa158df000 	C:\WINDOWS\System32\fwpuclnt.dll
0x00007ffa1c320000 - 0x00007ffa1c38a000 	C:\WINDOWS\system32\Ninput.dll

dbghelp: loaded successfully - version: 4.0.5 - missing functions: none
symbol engine: initialized successfully - sym options: 0x614 - pdb path: .;C:\Program Files\AdoptOpenJDK\jdk-14.0.2.12-hotspot\bin;C:\WINDOWS\SYSTEM32;C:\WINDOWS\WinSxS\amd64_microsoft.windows.common-controls_6595b64144ccf1df_6.0.19041.844_none_ca00b6081b84eb1d;C:\Program Files\AdoptOpenJDK\jdk-14.0.2.12-hotspot\bin\server;C:\Users\starw\AppData\Local\Temp\arc\5f24d8af;C:\Users\starw\AppData\Local\Temp\arc\87dfef74;C:\Windows\System32\IME\IMEKR;C:\Windows\System32\IME\shared;C:\Users\starw\AppData\Local\Temp;C:\Users\starw\AppData\Local\Temp\arc\955ce679

VM Arguments:
jvm_args: -Dfile.encoding=x-windows-949 
java_command: C:\Users\starw\AppData\Roaming\Mindustry\be_builds\client-be-21177.jar
java_class_path (initial): C:\Users\starw\AppData\Roaming\Mindustry\be_builds\client-be-21177.jar
Launcher Type: SUN_STANDARD

[Global flags]
     intx CICompilerCount                          = 3                                         {product} {ergonomic}
     uint ConcGCThreads                            = 1                                         {product} {ergonomic}
     uint G1ConcRefinementThreads                  = 4                                         {product} {ergonomic}
   size_t G1HeapRegionSize                         = 1048576                                   {product} {ergonomic}
    uintx GCDrainStackTargetSize                   = 64                                        {product} {ergonomic}
   size_t InitialHeapSize                          = 134217728                                 {product} {ergonomic}
   size_t MarkStackSize                            = 4194304                                   {product} {ergonomic}
   size_t MaxHeapSize                              = 2126512128                                {product} {ergonomic}
   size_t MaxNewSize                               = 1275068416                                {product} {ergonomic}
   size_t MinHeapDeltaBytes                        = 1048576                                   {product} {ergonomic}
   size_t MinHeapSize                              = 8388608                                   {product} {ergonomic}
    uintx NonNMethodCodeHeapSize                   = 5832780                                {pd product} {ergonomic}
    uintx NonProfiledCodeHeapSize                  = 122912730                              {pd product} {ergonomic}
    uintx ProfiledCodeHeapSize                     = 122912730                              {pd product} {ergonomic}
    uintx ReservedCodeCacheSize                    = 251658240                              {pd product} {ergonomic}
     bool SegmentedCodeCache                       = true                                      {product} {ergonomic}
   size_t SoftMaxHeapSize                          = 2126512128                             {manageable} {ergonomic}
     bool UseCompressedClassPointers               = true                                 {lp64_product} {ergonomic}
     bool UseCompressedOops                        = true                                 {lp64_product} {ergonomic}
     bool UseG1GC                                  = true                                      {product} {ergonomic}
     bool UseLargePagesIndividualAllocation        = false                                  {pd product} {ergonomic}

Logging:
Log output configuration:
 #0: stdout all=warning uptime,level,tags
 #1: stderr all=off uptime,level,tags

Environment Variables:
JAVA_HOME=C:\Program Files\AdoptOpenJDK\jdk-14.0.2.12-hotspot\
PATH=C:\Program Files\AdoptOpenJDK\jdk-14.0.2.12-hotspot\bin;C:\Users\starw\AppData\Roaming\npm;C:\Program Files\nodejs\;C:\WINDOWS\system32;C:\WINDOWS;C:\WINDOWS\System32\Wbem;C:\WINDOWS\System32\WindowsPowerShell\v1.0\;C:\WINDOWS\System32\OpenSSH\;C:\Gradle\gradle-6.7.1\bin;C:\Android\cmdline-tools\bin;C:\Users\starw\ANDROID_HOME\build-tools\29.0.3;C:\Program Files\Git\cmd;C:\Users\starw\AppData\Local\Microsoft\WindowsApps;C:\Users\starw\AppData\Local\Programs\Microsoft VS Code\bin;C:\Users\starw\AppData\Local\atom\bin;C:\Users\starw\AppData\Local\GitHubDesktop\bin;C:\Users\starw\AppData\Roaming\npm;C:\Users\starw\AppData\Local\Microsoft\WindowsApps;;C:\Program Files\JetBrains\IntelliJ IDEA Community Edition 2020.3\bin;
USERNAME=sunny
OS=Windows_NT
PROCESSOR_IDENTIFIER=Intel64 Family 6 Model 69 Stepping 1, GenuineIntel



---------------  S Y S T E M  ---------------

OS: Windows 10 , 64 bit Build 19041 (10.0.19041.928)
OS uptime: 0 days 0:44 hours

CPU:total 4 (initial active 4) (2 cores per cpu, 2 threads per core) family 6 model 69 stepping 1, cmov, cx8, fxsr, mmx, sse, sse2, sse3, ssse3, sse4.1, sse4.2, popcnt, avx, avx2, aes, clmul, erms, lzcnt, ht, tsc, tscinvbit, bmi1, bmi2, fma

Memory: 4k page, system-wide physical 8106M (1953M free)
TotalPageFile size 14250M (AvailPageFile size 6688M)
current process WorkingSet (physical memory assigned to process): 595M, peak: 1064M
current process commit charge ("private bytes"): 789M, peak: 1337M

vm_info: OpenJDK 64-Bit Server VM (14.0.2+12) for windows-amd64 JRE (14.0.2+12), built on Jul 15 2020 11:30:16 by "" with MS VC++ 15.9 (VS2017)

END.
