#
# A fatal error has been detected by the Java Runtime Environment:
#
#  EXCEPTION_ACCESS_VIOLATION (0xc0000005) at pc=0x00007ffa256a44d3, pid=2760, tid=11524
#
# JRE version: OpenJDK Runtime Environment AdoptOpenJDK (14.0.2+12) (build 14.0.2+12)
# Java VM: OpenJDK 64-Bit Server VM AdoptOpenJDK (14.0.2+12, mixed mode, sharing, tiered, compressed oops, g1 gc, windows-amd64)
# Problematic frame:
# C  [msvcrt.dll+0x744d3]
#
# No core dump will be written. Minidumps are not enabled by default on client versions of Windows
#
# If you would like to submit a bug report, please visit:
#   https://github.com/AdoptOpenJDK/openjdk-support/issues
# The crash happened outside the Java Virtual Machine in native code.
# See problematic frame for where to report the bug.
#

---------------  S U M M A R Y ------------

Command Line: -agentlib:jdwp=transport=dt_socket,address=127.0.0.1:63756,suspend=y,server=n -javaagent:C:\Users\starw\AppData\Local\JetBrains\IdeaIC2020.3\groovyHotSwap\gragent.jar -javaagent:C:\Users\starw\AppData\Local\JetBrains\IdeaIC2020.3\captureAgent\debugger-agent.jar -Dfile.encoding=x-windows-949 C:\Users\starw\AppData\Roaming\Mindustry\be_builds\client-be-21177.jar

Host: Intel(R) Core(TM) i7-4500U CPU @ 1.80GHz, 4 cores, 7G,  Windows 10 , 64 bit Build 19041 (10.0.19041.928)
Time: Sun Jun 13 13:17:49 2021 대한민국 표준시 elapsed time: 12 seconds (0d 0h 0m 12s)

---------------  T H R E A D  ---------------

Current thread (0x000001a1b920e000):  JavaThread "AsyncExecutor-Thread" daemon [_thread_in_native, id=11524, stack(0x0000004ac7e00000,0x0000004ac7f00000)]

Stack: [0x0000004ac7e00000,0x0000004ac7f00000],  sp=0x0000004ac7efe848,  free space=1018k
Native frames: (J=compiled Java code, j=interpreted, Vv=VM code, C=native code)
C  [msvcrt.dll+0x744d3]
C  [arc64.dll+0x371ee]

Java frames: (J=compiled Java code, j=interpreted, Vv=VM code)
j  arc.audio.Soloud.wavLoad([BI)J+0
j  arc.audio.Sound.load(Larc/files/Fi;)V+14
j  arc.assets.loaders.SoundLoader.loadAsync(Larc/assets/AssetManager;Ljava/lang/String;Larc/files/Fi;Larc/assets/loaders/SoundLoader$SoundParameter;)V+24
j  arc.assets.loaders.SoundLoader.loadAsync(Larc/assets/AssetManager;Ljava/lang/String;Larc/files/Fi;Larc/assets/AssetLoaderParameters;)V+9
j  arc.assets.AssetLoadingTask.call()Ljava/lang/Void;+116
j  arc.assets.AssetLoadingTask.call()Ljava/lang/Object;+1
J 2331 c1 arc.util.async.AsyncExecutor$$Lambda$363.call()Ljava/lang/Object; (10 bytes) @ 0x000001a118d617f4 [0x000001a118d616c0+0x0000000000000134]
j  java.util.concurrent.FutureTask.run$$$capture()V+39 java.base@14.0.2
J 2326 c1 java.util.concurrent.FutureTask.run()V java.base@14.0.2 (18 bytes) @ 0x000001a118d5ef24 [0x000001a118d5ee60+0x00000000000000c4]
j  java.util.concurrent.ThreadPoolExecutor.runWorker(Ljava/util/concurrent/ThreadPoolExecutor$Worker;)V+92 java.base@14.0.2
j  java.util.concurrent.ThreadPoolExecutor$Worker.run()V+5 java.base@14.0.2
j  java.lang.Thread.run()V+11 java.base@14.0.2
v  ~StubRoutines::call_stub

siginfo: EXCEPTION_ACCESS_VIOLATION (0xc0000005), writing address 0x000001a1d1a4f000


Register to memory mapping:

RIP=0x00007ffa256a44d3 msvcrt.dll
RAX=0x000001a1d1a4e6b8 points into unknown readable memory: 78 86 20 39 fc 7e 1b 39
RBX=0x0000000000000002 is an unknown value
RCX=0x000001a1d1a4f010 is an unknown value
RDX=0xffffffffffc81838 is an unknown value
RSP=0x0000004ac7efe848 is pointing into the stack for thread: 0x000001a1b920e000
RBP=0x0000000000000400 is an unknown value
RSI=0x0000000000001000 is an unknown value
RDI=0x00000000000089c0 is an unknown value
R8 =0x0000000000000028 is an unknown value
R9 =0x000000000000001a is an unknown value
R10=0x0000000000000400 is an unknown value
R11=0x000001a1d16d0ef0 points into unknown readable memory: ca 18 17 39 46 da 16 39
R12=0x00000000000089c0 is an unknown value
R13=0x000001a1d1a06040 points into unknown readable memory: 44 ac 00 00 02 00 00 00
R14=0x0000004ac7efe878 is pointing into the stack for thread: 0x000001a1b920e000
R15=0x000001a1cfcdf050 points into unknown readable memory: 80 a0 f9 67 00 00 00 00


Registers:
RAX=0x000001a1d1a4e6b8, RBX=0x0000000000000002, RCX=0x000001a1d1a4f010, RDX=0xffffffffffc81838
RSP=0x0000004ac7efe848, RBP=0x0000000000000400, RSI=0x0000000000001000, RDI=0x00000000000089c0
R8 =0x0000000000000028, R9 =0x000000000000001a, R10=0x0000000000000400, R11=0x000001a1d16d0ef0
R12=0x00000000000089c0, R13=0x000001a1d1a06040, R14=0x0000004ac7efe878, R15=0x000001a1cfcdf050
RIP=0x00007ffa256a44d3, EFLAGS=0x0000000000010202

Top of Stack: (sp=0x0000004ac7efe848)
0x0000004ac7efe848:   0000000067f271ee 000000008176e0f0
0x0000004ac7efe858:   000001a1cfcdf050 0000004ac7efe930
0x0000004ac7efe868:   0000000067f6475d 00000000000051c0
0x0000004ac7efe878:   000001a1d1a06438 000000020000ac44
0x0000004ac7efe888:   0000027100033870 0000040000001000
0x0000004ac7efe898:   5367674f67f648a8 0000000085844ce0
0x0000004ac7efe8a8:   0000000000000001 0000004ac7efe930
0x0000004ac7efe8b8:   000001a1cfcdf050 00000000858a1c00
0x0000004ac7efe8c8:   00000000000051c0 000001a12e855a30
0x0000004ac7efe8d8:   0000004ac7efea78 000001a1b920e000
0x0000004ac7efe8e8:   0000000067f27969 00000000000000a8
0x0000004ac7efe8f8:   000000008176e1f8 00000000858a1c00
0x0000004ac7efe908:   00007ffa25649d40 0000000000000001
0x0000004ac7efe918:   00000000000000a8 00000000858a1c00
0x0000004ac7efe928:   000051c000000001 0000000067f994a0
0x0000004ac7efe938:   000001a1d16b4010 00000004000051c0 

Instructions: (pc=0x00007ffa256a44d3)
0x00007ffa256a43d3:   8b 54 02 f8 4c 89 19 4a 89 54 01 f8 c3 49 83 f8
0x00007ffa256a43e3:   20 77 5a 0f 10 02 42 0f 10 4c 02 f0 0f 11 01 42
0x00007ffa256a43f3:   0f 11 4c 01 f0 c3 0f 1f 80 00 00 00 00 4d 85 c0
0x00007ffa256a4403:   74 15 48 2b d1 72 16 44 8a 1c 11 48 ff c1 49 ff
0x00007ffa256a4413:   c8 44 88 59 ff 75 f0 c3 0f 1f 44 00 00 49 03 c8
0x00007ffa256a4423:   44 8a 5c 11 ff 48 ff c9 49 ff c8 44 88 19 75 f0
0x00007ffa256a4433:   c3 66 66 66 66 0f 1f 84 00 00 00 00 00 4e 8d 1c
0x00007ffa256a4443:   02 48 2b d1 73 09 4c 3b d9 0f 87 6e 01 00 00 0f
0x00007ffa256a4453:   10 04 11 48 83 c1 10 f6 c1 0f 74 12 48 83 e1 f0
0x00007ffa256a4463:   0f 10 0c 11 0f 11 00 0f 28 c1 48 83 c1 10 4c 03
0x00007ffa256a4473:   c0 4c 2b c1 4d 8b c8 49 c1 e9 06 74 6f 49 81 f9
0x00007ffa256a4483:   00 10 00 00 0f 87 b3 00 00 00 49 83 e0 3f eb 2d
0x00007ffa256a4493:   66 66 66 66 66 66 66 0f 1f 84 00 00 00 00 00 66
0x00007ffa256a44a3:   66 66 66 66 66 66 0f 1f 84 00 00 00 00 00 66 66
0x00007ffa256a44b3:   66 66 66 66 66 0f 1f 84 00 00 00 00 00 0f 10 0c
0x00007ffa256a44c3:   11 0f 10 54 11 10 0f 10 5c 11 20 0f 10 64 11 30
0x00007ffa256a44d3:   0f 29 41 f0 48 83 c1 40 49 ff c9 0f 29 49 c0 0f
0x00007ffa256a44e3:   29 51 d0 0f 29 59 e0 0f 28 c4 75 d1 4d 8b c8 49
0x00007ffa256a44f3:   c1 e9 04 74 19 0f 1f 84 00 00 00 00 00 0f 29 41
0x00007ffa256a4503:   f0 0f 10 04 11 48 83 c1 10 49 ff c9 75 ef 49 83
0x00007ffa256a4513:   e0 0f 74 0e 4e 8d 5c 01 f0 41 0f 10 0c 13 41 0f
0x00007ffa256a4523:   11 0b 0f 29 41 f0 c3 66 66 66 66 66 66 66 0f 1f
0x00007ffa256a4533:   84 00 00 00 00 00 0f 1f 80 00 00 00 00 4d 8b c8
0x00007ffa256a4543:   49 c1 e9 06 49 83 e0 3f 0f 18 44 11 40 eb 2e 66
0x00007ffa256a4553:   66 66 66 66 66 66 0f 1f 84 00 00 00 00 00 66 66
0x00007ffa256a4563:   66 66 66 66 66 0f 1f 84 00 00 00 00 00 66 66 66
0x00007ffa256a4573:   66 66 66 66 0f 1f 84 00 00 00 00 00 90 0f 10 0c
0x00007ffa256a4583:   11 0f 10 54 11 10 0f 10 5c 11 20 0f 10 64 11 30
0x00007ffa256a4593:   0f 2b 41 f0 48 83 c1 40 0f 18 44 11 40 49 ff c9
0x00007ffa256a45a3:   0f 2b 49 c0 0f 2b 51 d0 0f 2b 59 e0 0f 28 c4 75
0x00007ffa256a45b3:   cc 0f ae f8 e9 33 ff ff ff 0f 1f 40 00 49 03 c8
0x00007ffa256a45c3:   0f 10 44 11 f0 48 83 e9 10 49 83 e8 10 f6 c1 0f 


Stack slot to memory mapping:
stack at sp + 0 slots: 0x0000000067f271ee arc64.dll
stack at sp + 1 slots: 0x000000008176e0f0 is an oop: java.util.zip.ZipFile$CleanableResource 
{0x000000008176e0f0} - klass: 'java/util/zip/ZipFile$CleanableResource'
stack at sp + 2 slots: 0x000001a1cfcdf050 points into unknown readable memory: 80 a0 f9 67 00 00 00 00
stack at sp + 3 slots: 0x0000004ac7efe930 is pointing into the stack for thread: 0x000001a1b920e000
stack at sp + 4 slots: 0x0000000067f6475d arc64.dll
stack at sp + 5 slots: 0x00000000000051c0 is an unknown value
stack at sp + 6 slots: 0x000001a1d1a06438 points into unknown readable memory: 40 9f 6d d1 a1 01 00 00
stack at sp + 7 slots: 0x000000020000ac44 is an unknown value


---------------  P R O C E S S  ---------------

Threads class SMR info:
_java_thread_list=0x000001a1b9d39890, length=21, elements={
0x000001a10f7ea800, 0x000001a12e28b800, 0x000001a12e28f000, 0x000001a12e2ac000,
0x000001a12e2af000, 0x000001a12e2b0800, 0x000001a12e2b3000, 0x000001a12e2bd800,
0x000001a12e2fe000, 0x000001a12e271000, 0x000001a12ed99000, 0x000001a12ed9a000,
0x000001a12edc2800, 0x000001a12ed55800, 0x000001a1b920e000, 0x000001a1b94d7800,
0x000001a1c1093000, 0x000001a1ce8d4800, 0x000001a1cf187800, 0x000001a1cf188000,
0x000001a1c0f6f000
}

Java Threads: ( => current thread )
  0x000001a10f7ea800 JavaThread "main" [_thread_in_native, id=14504, stack(0x0000004ac6000000,0x0000004ac6100000)]
  0x000001a12e28b800 JavaThread "Reference Handler" daemon [_thread_blocked, id=15344, stack(0x0000004ac6700000,0x0000004ac6800000)]
  0x000001a12e28f000 JavaThread "Finalizer" daemon [_thread_blocked, id=2884, stack(0x0000004ac6800000,0x0000004ac6900000)]
  0x000001a12e2ac000 JavaThread "Signal Dispatcher" daemon [_thread_blocked, id=7188, stack(0x0000004ac6900000,0x0000004ac6a00000)]
  0x000001a12e2af000 JavaThread "Attach Listener" daemon [_thread_blocked, id=14952, stack(0x0000004ac6a00000,0x0000004ac6b00000)]
  0x000001a12e2b0800 JavaThread "Service Thread" daemon [_thread_blocked, id=5472, stack(0x0000004ac6b00000,0x0000004ac6c00000)]
  0x000001a12e2b3000 JavaThread "C2 CompilerThread0" daemon [_thread_in_native, id=15572, stack(0x0000004ac6c00000,0x0000004ac6d00000)]
  0x000001a12e2bd800 JavaThread "C1 CompilerThread0" daemon [_thread_blocked, id=7588, stack(0x0000004ac6d00000,0x0000004ac6e00000)]
  0x000001a12e2fe000 JavaThread "Sweeper thread" daemon [_thread_blocked, id=11984, stack(0x0000004ac6e00000,0x0000004ac6f00000)]
  0x000001a12e271000 JavaThread "Common-Cleaner" daemon [_thread_blocked, id=9740, stack(0x0000004ac6f00000,0x0000004ac7000000)]
  0x000001a12ed99000 JavaThread "JDWP Transport Listener: dt_socket" daemon [_thread_blocked, id=13964, stack(0x0000004ac7000000,0x0000004ac7100000)]
  0x000001a12ed9a000 JavaThread "JDWP Event Helper Thread" daemon [_thread_blocked, id=14872, stack(0x0000004ac7100000,0x0000004ac7200000)]
  0x000001a12edc2800 JavaThread "JDWP Command Reader" daemon [_thread_in_native, id=3640, stack(0x0000004ac7200000,0x0000004ac7300000)]
  0x000001a12ed55800 JavaThread "Notification Thread" daemon [_thread_blocked, id=12980, stack(0x0000004ac7300000,0x0000004ac7400000)]
=>0x000001a1b920e000 JavaThread "AsyncExecutor-Thread" daemon [_thread_in_native, id=11524, stack(0x0000004ac7e00000,0x0000004ac7f00000)]
  0x000001a1b94d7800 JavaThread "Timer" daemon [_thread_blocked, id=8692, stack(0x0000004ac8000000,0x0000004ac8100000)]
  0x000001a1c1093000 JavaThread "AsyncExecutor-Thread" daemon [_thread_blocked, id=7584, stack(0x0000004ac8100000,0x0000004ac8200000)]
  0x000001a1ce8d4800 JavaThread "AsyncExecutor-Thread" daemon [_thread_blocked, id=9160, stack(0x0000004ac8200000,0x0000004ac8300000)]
  0x000001a1cf187800 JavaThread "AsyncExecutor-Thread" daemon [_thread_blocked, id=9152, stack(0x0000004ac8300000,0x0000004ac8400000)]
  0x000001a1cf188000 JavaThread "AsyncExecutor-Thread" daemon [_thread_blocked, id=14632, stack(0x0000004ac8400000,0x0000004ac8500000)]
  0x000001a1c0f6f000 JavaThread "C2 CompilerThread1" daemon [_thread_in_native, id=16168, stack(0x0000004ac7f00000,0x0000004ac8000000)]

Other Threads:
  0x000001a12e28a000 VMThread "VM Thread" [stack: 0x0000004ac6600000,0x0000004ac6700000] [id=8540]
  0x000001a12edc1800 WatcherThread [stack: 0x0000004ac7400000,0x0000004ac7500000] [id=12616]
  0x000001a10f82e800 GCTaskThread "GC Thread#0" [stack: 0x0000004ac6100000,0x0000004ac6200000] [id=9428]
  0x000001a1aff78000 GCTaskThread "GC Thread#1" [stack: 0x0000004ac7c00000,0x0000004ac7d00000] [id=14528]
  0x000001a1afdbc000 GCTaskThread "GC Thread#2" [stack: 0x0000004ac7d00000,0x0000004ac7e00000] [id=13332]
  0x000001a10f841000 ConcurrentGCThread "G1 Main Marker" [stack: 0x0000004ac6200000,0x0000004ac6300000] [id=16292]
  0x000001a10f842000 ConcurrentGCThread "G1 Conc#0" [stack: 0x0000004ac6300000,0x0000004ac6400000] [id=15492]
  0x000001a10f8cc000 ConcurrentGCThread "G1 Refine#0" [stack: 0x0000004ac6400000,0x0000004ac6500000] [id=8316]
  0x000001a1d4d6e800 ConcurrentGCThread "G1 Refine#1" [stack: 0x0000004ac8500000,0x0000004ac8600000] [id=12992]
  0x000001a10f8cd800 ConcurrentGCThread "G1 Young RemSet Sampling" [stack: 0x0000004ac6500000,0x0000004ac6600000] [id=12888]

Threads with active compile tasks:
C2 CompilerThread0    12570 2474       4       mindustry.graphics.LoadRenderer::draw (3658 bytes)
C2 CompilerThread1    12570 3240       4       arc.graphics.g2d.SortedSpriteBatch::flush (9 bytes)

VM state:not at safepoint (normal execution)

VM Mutex/Monitor currently owned by a thread: None

Heap address: 0x0000000081400000, size: 2028 MB, Compressed Oops mode: 32-bit
Narrow klass base: 0x0000000800000000, Narrow klass shift: 3
Compressed class space size: 1073741824 Address: 0x0000000800b30000

Heap:
 garbage-first heap   total 51200K, used 29835K [0x0000000081400000, 0x0000000100000000)
  region size 1024K, 2 young (2048K), 1 survivors (1024K)
 Metaspace       used 27763K, capacity 29465K, committed 29616K, reserved 1073152K
  class space    used 4339K, capacity 5082K, committed 5120K, reserved 1048576K
Heap Regions: E=young(eden), S=young(survivor), O=old, HS=humongous(starts), HC=humongous(continues), CS=collection set, F=free, OA=open archive, CA=closed archive, TAMS=top-at-mark-start (previous, next)
|   0|0x0000000081400000, 0x00000000814d2c00, 0x0000000081500000| 82%| O|  |TAMS 0x00000000814d2c00, 0x0000000081400000| Untracked 
|   1|0x0000000081500000, 0x0000000081600000, 0x0000000081600000|100%|HS|  |TAMS 0x0000000081600000, 0x0000000081500000| Complete 
|   2|0x0000000081600000, 0x0000000081700000, 0x0000000081700000|100%| O|  |TAMS 0x0000000081700000, 0x0000000081600000| Untracked 
|   3|0x0000000081700000, 0x0000000081800000, 0x0000000081800000|100%| O|  |TAMS 0x0000000081800000, 0x0000000081700000| Untracked 
|   4|0x0000000081800000, 0x0000000081900000, 0x0000000081900000|100%| O|  |TAMS 0x0000000081900000, 0x0000000081800000| Untracked 
|   5|0x0000000081900000, 0x0000000081a00000, 0x0000000081a00000|100%| O|  |TAMS 0x0000000081a00000, 0x0000000081900000| Untracked 
|   6|0x0000000081a00000, 0x0000000081b00000, 0x0000000081b00000|100%| O|  |TAMS 0x0000000081b00000, 0x0000000081a00000| Untracked 
|   7|0x0000000081b00000, 0x0000000081c00000, 0x0000000081c00000|100%| O|  |TAMS 0x0000000081c00000, 0x0000000081b00000| Untracked 
|   8|0x0000000081c00000, 0x0000000081d00000, 0x0000000081d00000|100%| O|  |TAMS 0x0000000081d00000, 0x0000000081c00000| Untracked 
|   9|0x0000000081d00000, 0x0000000081e00000, 0x0000000081e00000|100%| O|  |TAMS 0x0000000081e00000, 0x0000000081d00000| Untracked 
|  10|0x0000000081e00000, 0x0000000081f00000, 0x0000000081f00000|100%| O|  |TAMS 0x0000000081f00000, 0x0000000081e00000| Untracked 
|  11|0x0000000081f00000, 0x0000000082000000, 0x0000000082000000|100%| O|  |TAMS 0x0000000082000000, 0x0000000081f00000| Untracked 
|  12|0x0000000082000000, 0x0000000082100000, 0x0000000082100000|100%| O|  |TAMS 0x0000000082100000, 0x0000000082000000| Untracked 
|  13|0x0000000082100000, 0x0000000082200000, 0x0000000082200000|100%| O|  |TAMS 0x0000000082200000, 0x0000000082100000| Untracked 
|  14|0x0000000082200000, 0x0000000082300000, 0x0000000082300000|100%| O|  |TAMS 0x0000000082300000, 0x0000000082200000| Untracked 
|  15|0x0000000082300000, 0x0000000082400000, 0x0000000082400000|100%| O|  |TAMS 0x0000000082400000, 0x0000000082300000| Untracked 
|  16|0x0000000082400000, 0x0000000082500000, 0x0000000082500000|100%| O|  |TAMS 0x0000000082500000, 0x0000000082400000| Untracked 
|  17|0x0000000082500000, 0x0000000082600000, 0x0000000082600000|100%| O|  |TAMS 0x0000000082600000, 0x0000000082500000| Untracked 
|  18|0x0000000082600000, 0x0000000082700000, 0x0000000082700000|100%| O|  |TAMS 0x0000000082700000, 0x0000000082600000| Untracked 
|  19|0x0000000082700000, 0x0000000082800000, 0x0000000082800000|100%| O|  |TAMS 0x0000000082800000, 0x0000000082700000| Untracked 
|  20|0x0000000082800000, 0x0000000082900000, 0x0000000082900000|100%| O|  |TAMS 0x00000000828a8800, 0x0000000082800000| Untracked 
|  21|0x0000000082900000, 0x0000000082a00000, 0x0000000082a00000|100%| O|  |TAMS 0x0000000082a00000, 0x0000000082900000| Untracked 
|  22|0x0000000082a00000, 0x0000000082b00000, 0x0000000082b00000|100%| O|  |TAMS 0x0000000082b00000, 0x0000000082a00000| Untracked 
|  23|0x0000000082b00000, 0x0000000082c00000, 0x0000000082c00000|100%| O|  |TAMS 0x0000000082b00000, 0x0000000082b00000| Untracked 
|  24|0x0000000082c00000, 0x0000000082d00000, 0x0000000082d00000|100%| O|  |TAMS 0x0000000082c00000, 0x0000000082c00000| Untracked 
|  25|0x0000000082d00000, 0x0000000082e00000, 0x0000000082e00000|100%| O|  |TAMS 0x0000000082d00000, 0x0000000082d00000| Untracked 
|  26|0x0000000082e00000, 0x0000000082e60c00, 0x0000000082f00000| 37%| O|  |TAMS 0x0000000082e00000, 0x0000000082e00000| Untracked 
|  27|0x0000000082f00000, 0x0000000083000000, 0x0000000083000000|100%| O|  |TAMS 0x0000000082f00000, 0x0000000082f00000| Untracked 
|  28|0x0000000083000000, 0x0000000083100000, 0x0000000083100000|100%| O|  |TAMS 0x0000000083000000, 0x0000000083000000| Untracked 
|  29|0x0000000083100000, 0x0000000083100000, 0x0000000083200000|  0%| F|  |TAMS 0x0000000083100000, 0x0000000083100000| Untracked 
|  30|0x0000000083200000, 0x0000000083200000, 0x0000000083300000|  0%| F|  |TAMS 0x0000000083200000, 0x0000000083200000| Untracked 
|  31|0x0000000083300000, 0x0000000083300000, 0x0000000083400000|  0%| F|  |TAMS 0x0000000083300000, 0x0000000083300000| Untracked 
|  32|0x0000000083400000, 0x0000000083400000, 0x0000000083500000|  0%| F|  |TAMS 0x0000000083400000, 0x0000000083400000| Untracked 
|  33|0x0000000083500000, 0x0000000083500000, 0x0000000083600000|  0%| F|  |TAMS 0x0000000083500000, 0x0000000083500000| Untracked 
|  34|0x0000000083600000, 0x0000000083600000, 0x0000000083700000|  0%| F|  |TAMS 0x0000000083600000, 0x0000000083600000| Untracked 
|  35|0x0000000083700000, 0x0000000083700000, 0x0000000083800000|  0%| F|  |TAMS 0x0000000083700000, 0x0000000083700000| Untracked 
|  36|0x0000000083800000, 0x0000000083800000, 0x0000000083900000|  0%| F|  |TAMS 0x0000000083800000, 0x0000000083800000| Untracked 
|  37|0x0000000083900000, 0x0000000083900000, 0x0000000083a00000|  0%| F|  |TAMS 0x0000000083900000, 0x0000000083900000| Untracked 
|  38|0x0000000083a00000, 0x0000000083a00000, 0x0000000083b00000|  0%| F|  |TAMS 0x0000000083a00000, 0x0000000083a00000| Untracked 
|  39|0x0000000083b00000, 0x0000000083b00000, 0x0000000083c00000|  0%| F|  |TAMS 0x0000000083b00000, 0x0000000083b00000| Untracked 
|  59|0x0000000084f00000, 0x0000000084f00000, 0x0000000085000000|  0%| F|  |TAMS 0x0000000084f00000, 0x0000000084f00000| Untracked 
|  60|0x0000000085000000, 0x0000000085000000, 0x0000000085100000|  0%| F|  |TAMS 0x0000000085000000, 0x0000000085000000| Untracked 
|  61|0x0000000085100000, 0x0000000085100000, 0x0000000085200000|  0%| F|  |TAMS 0x0000000085100000, 0x0000000085100000| Untracked 
|  62|0x0000000085200000, 0x00000000852ef590, 0x0000000085300000| 93%| S|CS|TAMS 0x0000000085200000, 0x0000000085200000| Complete 
|  63|0x0000000085300000, 0x0000000085300000, 0x0000000085400000|  0%| F|  |TAMS 0x0000000085300000, 0x0000000085300000| Untracked 
|  64|0x0000000085400000, 0x0000000085400000, 0x0000000085500000|  0%| F|  |TAMS 0x0000000085400000, 0x0000000085400000| Untracked 
|  65|0x0000000085500000, 0x0000000085500000, 0x0000000085600000|  0%| F|  |TAMS 0x0000000085500000, 0x0000000085500000| Untracked 
|  66|0x0000000085600000, 0x0000000085600000, 0x0000000085700000|  0%| F|  |TAMS 0x0000000085600000, 0x0000000085600000| Untracked 
|  67|0x0000000085700000, 0x0000000085700000, 0x0000000085800000|  0%| F|  |TAMS 0x0000000085700000, 0x0000000085700000| Untracked 
|  68|0x0000000085800000, 0x00000000858eba70, 0x0000000085900000| 92%| E|  |TAMS 0x0000000085800000, 0x0000000085800000| Complete 

Card table byte_map: [0x000001a127670000,0x000001a127a70000] _byte_map_base: 0x000001a127266000

Marking Bits (Prev, Next): (CMBitMap*) 0x000001a10f830208, (CMBitMap*) 0x000001a10f830248
 Prev Bits: [0x000001a127e70000, 0x000001a129e20000)
 Next Bits: [0x000001a129e20000, 0x000001a12bdd0000)

Polling page: 0x000001a10efd0000

Metaspace:

Usage:
  Non-class:     23.81 MB capacity,    22.88 MB ( 96%) used,   797.25 KB (  3%) free+waste,   161.75 KB ( <1%) overhead. 
      Class:      4.96 MB capacity,     4.24 MB ( 85%) used,   647.20 KB ( 13%) free+waste,    95.25 KB (  2%) overhead. 
       Both:     28.77 MB capacity,    27.11 MB ( 94%) used,     1.41 MB (  5%) free+waste,   257.00 KB ( <1%) overhead. 

Virtual space:
  Non-class space:       24.00 MB reserved,      23.92 MB (>99%) committed 
      Class space:        1.00 GB reserved,       5.00 MB ( <1%) committed 
             Both:        1.02 GB reserved,      28.92 MB (  3%) committed 

Chunk freelists:
   Non-Class:  49.00 KB
       Class:  6.00 KB
        Both:  55.00 KB

MaxMetaspaceSize: 17179869184.00 GB
CompressedClassSpaceSize: 1.00 GB

CodeHeap 'non-profiled nmethods': size=120000Kb used=2386Kb max_used=2386Kb free=117613Kb
 bounds [0x000001a11fd40000, 0x000001a11ffb0000, 0x000001a127270000]
CodeHeap 'profiled nmethods': size=120000Kb used=8446Kb max_used=8446Kb free=111553Kb
 bounds [0x000001a118810000, 0x000001a119050000, 0x000001a11fd40000]
CodeHeap 'non-nmethods': size=5760Kb used=1478Kb max_used=1578Kb free=4281Kb
 bounds [0x000001a118270000, 0x000001a1184e0000, 0x000001a118810000]
 total_blobs=3898 nmethods=3191 adapters=619
 compilation: enabled
              stopped_count=0, restarted_count=0
 full_count=0

Compilation events (20 events):
Event: 12.135 Thread 0x000001a1c0f6f000 nmethod 3174 0x000001a11ff8ad90 code [0x000001a11ff8af40, 0x000001a11ff8b0e8]
Event: 12.135 Thread 0x000001a1c0f6f000 3147       4       mindustry.graphics.g3d.PlanetGrid::pos (30 bytes)
Event: 12.139 Thread 0x000001a1c0f6f000 nmethod 3147 0x000001a11ff8b210 code [0x000001a11ff8b3e0, 0x000001a11ff8b698]
Event: 12.139 Thread 0x000001a1c0f6f000 3157       4       mindustry.graphics.g3d.PlanetGrid::addCorner (138 bytes)
Event: 12.192 Thread 0x000001a1c0f6f000 nmethod 3157 0x000001a11ff8b810 code [0x000001a11ff8bc20, 0x000001a11ff8d758]
Event: 12.192 Thread 0x000001a1c0f6f000 3082       4       java.util.concurrent.atomic.AtomicLong::compareAndSet (13 bytes)
Event: 12.192 Thread 0x000001a1c0f6f000 nmethod 3082 0x000001a11ff8df90 code [0x000001a11ff8e100, 0x000001a11ff8e178]
Event: 12.192 Thread 0x000001a1c0f6f000 3083       4       java.util.Random::next (47 bytes)
Event: 12.194 Thread 0x000001a1c0f6f000 nmethod 3083 0x000001a11ff8e290 code [0x000001a11ff8e440, 0x000001a11ff8e5b8]
Event: 12.194 Thread 0x000001a1c0f6f000 3084       4       java.util.Random::nextDouble (24 bytes)
Event: 12.196 Thread 0x000001a1c0f6f000 nmethod 3084 0x000001a11ff8e690 code [0x000001a11ff8e8a0, 0x000001a11ff8eb58]
Event: 12.196 Thread 0x000001a1c0f6f000 3085       4       java.lang.Math::min (45 bytes)
Event: 12.197 Thread 0x000001a1c0f6f000 nmethod 3085 0x000001a11ff8ed10 code [0x000001a11ff8eec0, 0x000001a11ff8efb8]
Event: 12.197 Thread 0x000001a1c0f6f000 3162       4       arc.math.geom.Vec3::scl (23 bytes)
Event: 12.198 Thread 0x000001a1c0f6f000 nmethod 3162 0x000001a11ff8f090 code [0x000001a11ff8f200, 0x000001a11ff8f298]
Event: 12.198 Thread 0x000001a1c0f6f000 3086       4       java.lang.Math::max (45 bytes)
Event: 12.199 Thread 0x000001a1c0f6f000 nmethod 3086 0x000001a11ff8f390 code [0x000001a11ff8f540, 0x000001a11ff8f658]
Event: 12.199 Thread 0x000001a1c0f6f000 3140       4       arc.graphics.gl.VertexBufferObject::buffer (10 bytes)
Event: 12.199 Thread 0x000001a1c0f6f000 nmethod 3140 0x000001a11ff8f710 code [0x000001a11ff8f880, 0x000001a11ff8f8f8]
Event: 12.199 Thread 0x000001a1c0f6f000 3165       4       mindustry.graphics.g3d.MeshBuilder::vert (78 bytes)

GC Heap History (20 events):
Event: 0.978 GC heap before
{Heap before GC invocations=0 (full 0):
 garbage-first heap   total 131072K, used 12288K [0x0000000081400000, 0x0000000100000000)
  region size 1024K, 13 young (13312K), 0 survivors (0K)
 Metaspace       used 3714K, capacity 6816K, committed 7168K, reserved 1056768K
  class space    used 322K, capacity 668K, committed 768K, reserved 1048576K
}
Event: 0.982 GC heap after
{Heap after GC invocations=1 (full 0):
 garbage-first heap   total 131072K, used 2891K [0x0000000081400000, 0x0000000100000000)
  region size 1024K, 2 young (2048K), 2 survivors (2048K)
 Metaspace       used 3714K, capacity 6816K, committed 7168K, reserved 1056768K
  class space    used 322K, capacity 668K, committed 768K, reserved 1048576K
}
Event: 1.536 GC heap before
{Heap before GC invocations=1 (full 0):
 garbage-first heap   total 131072K, used 20299K [0x0000000081400000, 0x0000000100000000)
  region size 1024K, 18 young (18432K), 2 survivors (2048K)
 Metaspace       used 8223K, capacity 10174K, committed 10496K, reserved 1058816K
  class space    used 862K, capacity 1195K, committed 1280K, reserved 1048576K
}
Event: 1.541 GC heap after
{Heap after GC invocations=2 (full 0):
 garbage-first heap   total 131072K, used 4251K [0x0000000081400000, 0x0000000100000000)
  region size 1024K, 3 young (3072K), 3 survivors (3072K)
 Metaspace       used 8223K, capacity 10174K, committed 10496K, reserved 1058816K
  class space    used 862K, capacity 1195K, committed 1280K, reserved 1048576K
}
Event: 7.010 GC heap before
{Heap before GC invocations=2 (full 0):
 garbage-first heap   total 131072K, used 64667K [0x0000000081400000, 0x0000000100000000)
  region size 1024K, 59 young (60416K), 3 survivors (3072K)
 Metaspace       used 19729K, capacity 21179K, committed 21296K, reserved 1067008K
  class space    used 2894K, capacity 3426K, committed 3456K, reserved 1048576K
}
Event: 7.032 GC heap after
{Heap after GC invocations=3 (full 0):
 garbage-first heap   total 131072K, used 12107K [0x0000000081400000, 0x0000000100000000)
  region size 1024K, 10 young (10240K), 10 survivors (10240K)
 Metaspace       used 19729K, capacity 21179K, committed 21296K, reserved 1067008K
  class space    used 2894K, capacity 3426K, committed 3456K, reserved 1048576K
}
Event: 7.761 GC heap before
{Heap before GC invocations=4 (full 0):
 garbage-first heap   total 40960K, used 26443K [0x0000000081400000, 0x0000000100000000)
  region size 1024K, 24 young (24576K), 10 survivors (10240K)
 Metaspace       used 22964K, capacity 24833K, committed 25008K, reserved 1069056K
  class space    used 3846K, capacity 4536K, committed 4608K, reserved 1048576K
}
Event: 7.788 GC heap after
{Heap after GC invocations=5 (full 0):
 garbage-first heap   total 40960K, used 15197K [0x0000000081400000, 0x0000000100000000)
  region size 1024K, 3 young (3072K), 3 survivors (3072K)
 Metaspace       used 22964K, capacity 24833K, committed 25008K, reserved 1069056K
  class space    used 3846K, capacity 4536K, committed 4608K, reserved 1048576K
}
Event: 9.591 GC heap before
{Heap before GC invocations=5 (full 0):
 garbage-first heap   total 40960K, used 33629K [0x0000000081400000, 0x0000000100000000)
  region size 1024K, 16 young (16384K), 3 survivors (3072K)
 Metaspace       used 23502K, capacity 25279K, committed 25520K, reserved 1071104K
  class space    used 3911K, capacity 4575K, committed 4608K, reserved 1048576K
}
Event: 9.606 GC heap after
{Heap after GC invocations=6 (full 0):
 garbage-first heap   total 40960K, used 17227K [0x0000000081400000, 0x0000000100000000)
  region size 1024K, 2 young (2048K), 2 survivors (2048K)
 Metaspace       used 23502K, capacity 25279K, committed 25520K, reserved 1071104K
  class space    used 3911K, capacity 4575K, committed 4608K, reserved 1048576K
}
Event: 10.548 GC heap before
{Heap before GC invocations=6 (full 0):
 garbage-first heap   total 40960K, used 31563K [0x0000000081400000, 0x0000000100000000)
  region size 1024K, 15 young (15360K), 2 survivors (2048K)
 Metaspace       used 24076K, capacity 25784K, committed 25904K, reserved 1071104K
  class space    used 3973K, capacity 4652K, committed 4736K, reserved 1048576K
}
Event: 10.557 GC heap after
{Heap after GC invocations=7 (full 0):
 garbage-first heap   total 40960K, used 18384K [0x0000000081400000, 0x0000000100000000)
  region size 1024K, 2 young (2048K), 2 survivors (2048K)
 Metaspace       used 24076K, capacity 25784K, committed 25904K, reserved 1071104K
  class space    used 3973K, capacity 4652K, committed 4736K, reserved 1048576K
}
Event: 11.015 GC heap before
{Heap before GC invocations=7 (full 0):
 garbage-first heap   total 40960K, used 28624K [0x0000000081400000, 0x0000000100000000)
  region size 1024K, 13 young (13312K), 2 survivors (2048K)
 Metaspace       used 26673K, capacity 28276K, committed 28464K, reserved 1073152K
  class space    used 4248K, capacity 4957K, committed 4992K, reserved 1048576K
}
Event: 11.023 GC heap after
{Heap after GC invocations=8 (full 0):
 garbage-first heap   total 40960K, used 19275K [0x0000000081400000, 0x0000000100000000)
  region size 1024K, 1 young (1024K), 1 survivors (1024K)
 Metaspace       used 26673K, capacity 28276K, committed 28464K, reserved 1073152K
  class space    used 4248K, capacity 4957K, committed 4992K, reserved 1048576K
}
Event: 11.534 GC heap before
{Heap before GC invocations=8 (full 0):
 garbage-first heap   total 40960K, used 31563K [0x0000000081400000, 0x0000000100000000)
  region size 1024K, 13 young (13312K), 1 survivors (1024K)
 Metaspace       used 27644K, capacity 29349K, committed 29616K, reserved 1073152K
  class space    used 4335K, capacity 5044K, committed 5120K, reserved 1048576K
}
Event: 11.560 GC heap after
{Heap after GC invocations=9 (full 0):
 garbage-first heap   total 40960K, used 25069K [0x0000000081400000, 0x0000000100000000)
  region size 1024K, 2 young (2048K), 2 survivors (2048K)
 Metaspace       used 27644K, capacity 29349K, committed 29616K, reserved 1073152K
  class space    used 4335K, capacity 5044K, committed 5120K, reserved 1048576K
}
Event: 11.772 GC heap before
{Heap before GC invocations=9 (full 0):
 garbage-first heap   total 40960K, used 30189K [0x0000000081400000, 0x0000000100000000)
  region size 1024K, 7 young (7168K), 2 survivors (2048K)
 Metaspace       used 27656K, capacity 29354K, committed 29616K, reserved 1073152K
  class space    used 4335K, capacity 5045K, committed 5120K, reserved 1048576K
}
Event: 11.808 GC heap after
{Heap after GC invocations=10 (full 0):
 garbage-first heap   total 49152K, used 28491K [0x0000000081400000, 0x0000000100000000)
  region size 1024K, 1 young (1024K), 1 survivors (1024K)
 Metaspace       used 27656K, capacity 29354K, committed 29616K, reserved 1073152K
  class space    used 4335K, capacity 5045K, committed 5120K, reserved 1048576K
}
Event: 12.087 GC heap before
{Heap before GC invocations=11 (full 0):
 garbage-first heap   total 51200K, used 32587K [0x0000000081400000, 0x0000000100000000)
  region size 1024K, 6 young (6144K), 1 survivors (1024K)
 Metaspace       used 27763K, capacity 29465K, committed 29616K, reserved 1073152K
  class space    used 4339K, capacity 5082K, committed 5120K, reserved 1048576K
}
Event: 12.108 GC heap after
{Heap after GC invocations=12 (full 0):
 garbage-first heap   total 51200K, used 29835K [0x0000000081400000, 0x0000000100000000)
  region size 1024K, 1 young (1024K), 1 survivors (1024K)
 Metaspace       used 27763K, capacity 29465K, committed 29616K, reserved 1073152K
  class space    used 4339K, capacity 5082K, committed 5120K, reserved 1048576K
}

Deoptimization events (20 events):
Event: 11.738 Thread 0x000001a10f7ea800 DEOPT PACKING pc=0x000001a11901d470 sp=0x0000004ac60fe7c0
Event: 11.738 Thread 0x000001a10f7ea800 DEOPT UNPACKING pc=0x000001a1182b964e sp=0x0000004ac60fdc58 mode 0
Event: 11.741 Thread 0x000001a10f7ea800 DEOPT PACKING pc=0x000001a11901d470 sp=0x0000004ac60fe8e0
Event: 11.741 Thread 0x000001a10f7ea800 DEOPT UNPACKING pc=0x000001a1182b964e sp=0x0000004ac60fdd78 mode 0
Event: 11.741 Thread 0x000001a10f7ea800 DEOPT PACKING pc=0x000001a11901fb0c sp=0x0000004ac60feaf0
Event: 11.741 Thread 0x000001a10f7ea800 DEOPT UNPACKING pc=0x000001a1182b964e sp=0x0000004ac60fe158 mode 0
Event: 11.744 Thread 0x000001a10f7ea800 DEOPT PACKING pc=0x000001a11901d470 sp=0x0000004ac60fe7d0
Event: 11.744 Thread 0x000001a10f7ea800 DEOPT UNPACKING pc=0x000001a1182b964e sp=0x0000004ac60fdc68 mode 0
Event: 11.747 Thread 0x000001a10f7ea800 DEOPT PACKING pc=0x000001a11901d470 sp=0x0000004ac60fe8f0
Event: 11.747 Thread 0x000001a10f7ea800 DEOPT UNPACKING pc=0x000001a1182b964e sp=0x0000004ac60fdd88 mode 0
Event: 11.749 Thread 0x000001a10f7ea800 DEOPT PACKING pc=0x000001a11901d470 sp=0x0000004ac60fe7d0
Event: 11.749 Thread 0x000001a10f7ea800 DEOPT UNPACKING pc=0x000001a1182b964e sp=0x0000004ac60fdc68 mode 0
Event: 11.761 Thread 0x000001a10f7ea800 DEOPT PACKING pc=0x000001a118c334d7 sp=0x0000004ac60fe940
Event: 11.761 Thread 0x000001a10f7ea800 DEOPT UNPACKING pc=0x000001a1182b964e sp=0x0000004ac60fe528 mode 0
Event: 12.011 Thread 0x000001a10f7ea800 DEOPT PACKING pc=0x000001a118c334b6 sp=0x0000004ac60fe940
Event: 12.011 Thread 0x000001a10f7ea800 DEOPT UNPACKING pc=0x000001a1182b964e sp=0x0000004ac60fe528 mode 0
Event: 12.078 Thread 0x000001a10f7ea800 DEOPT PACKING pc=0x000001a118c334b6 sp=0x0000004ac60fe940
Event: 12.078 Thread 0x000001a10f7ea800 DEOPT UNPACKING pc=0x000001a1182b964e sp=0x0000004ac60fe528 mode 0
Event: 12.193 Thread 0x000001a10f7ea800 DEOPT PACKING pc=0x000001a118c334b6 sp=0x0000004ac60fe940
Event: 12.193 Thread 0x000001a10f7ea800 DEOPT UNPACKING pc=0x000001a1182b964e sp=0x0000004ac60fe528 mode 0

Classes unloaded (0 events):
No events

Classes redefined (0 events):
No events

Internal exceptions (20 events):
Event: 3.146 Thread 0x000001a10f7ea800 Exception <a 'java/io/FileNotFoundException'{0x00000000892f6c90}> (0x00000000892f6c90) 
thrown [./src/hotspot/share/prims/jni.cpp, line 599]
Event: 3.605 Thread 0x000001a10f7ea800 Exception <a 'java/io/FileNotFoundException'{0x0000000086f87400}> (0x0000000086f87400) 
thrown [./src/hotspot/share/prims/jni.cpp, line 599]
Event: 4.635 Thread 0x000001a10f7ea800 Implicit null exception at 0x000001a11fe30ad5 to 0x000001a11fe31a50
Event: 6.052 Thread 0x000001a1b920e000 Exception <a 'java/lang/NoSuchMethodError'{0x000000008613a918}: 'float java.lang.invoke.DirectMethodHandle$Holder.invokeStaticInit(java.lang.Object, float)'> (0x000000008613a918) 
thrown [./src/hotspot/share/interpreter/linkResolver.cpp, line 766]
Event: 6.931 Thread 0x000001a1b920e000 Exception <a 'java/lang/NoSuchMethodError'{0x0000000085a5f5a0}: 'int java.lang.invoke.DirectMethodHandle$Holder.invokeStaticInit(java.lang.Object)'> (0x0000000085a5f5a0) 
thrown [./src/hotspot/share/interpreter/linkResolver.cpp, line 766]
Event: 7.203 Thread 0x000001a1b920e000 Exception <a 'java/lang/IncompatibleClassChangeError'{0x0000000082f8cf98}: Found class java.lang.Object, but interface was expected> (0x0000000082f8cf98) 
thrown [./src/hotspot/share/interpreter/linkResolver.cpp, line 832]
Event: 7.244 Thread 0x000001a1b920e000 Exception <a 'java/lang/NoSuchMethodError'{0x0000000082fdf850}: 'float java.lang.invoke.DirectMethodHandle$Holder.invokeStatic(java.lang.Object, java.lang.Object, float, float)'> (0x0000000082fdf850) 
thrown [./src/hotspot/share/interpreter/linkResolver.cpp, line 766]
Event: 7.714 Thread 0x000001a1b920e000 Exception <a 'java/lang/NoSuchMethodError'{0x00000000825500b0}: 'java.lang.Object java.lang.invoke.DirectMethodHandle$Holder.invokeStatic(java.lang.Object, java.lang.Object, java.lang.Object, int, int, java.lang.Object)'> (0x00000000825500b0) 
thrown [./src/hotspot/share/interpreter/linkResolver.cpp, line 766]
Event: 7.720 Thread 0x000001a1b920e000 Exception <a 'java/lang/NoSuchMethodError'{0x0000000082556230}: 'java.lang.Object java.lang.invoke.Invokers$Holder.linkToTargetMethod(java.lang.Object, java.lang.Object, int, int, java.lang.Object, java.lang.Object)'> (0x0000000082556230) 
thrown [./src/hotspot/share/interpreter/linkResolver.cpp, line 766]
Event: 7.728 Thread 0x000001a1c1093000 Exception <a 'java/lang/NoSuchMethodError'{0x00000000825c1da0}: 'java.lang.Object java.lang.invoke.DirectMethodHandle$Holder.invokeStatic(java.lang.Object, java.lang.Object, java.lang.Object, int, java.lang.Object, java.lang.Object)'> (0x00000000825c1da0) 
thrown [./src/hotspot/share/interpreter/linkResolver.cpp, line 766]
Event: 7.729 Thread 0x000001a1c1093000 Exception <a 'java/lang/NoSuchMethodError'{0x00000000825c8228}: 'java.lang.Object java.lang.invoke.Invokers$Holder.linkToTargetMethod(java.lang.Object, java.lang.Object, int, java.lang.Object, java.lang.Object, java.lang.Object)'> (0x00000000825c8228) 
thrown [./src/hotspot/share/interpreter/linkResolver.cpp, line 766]
Event: 10.087 Thread 0x000001a10f7ea800 Implicit null exception at 0x000001a11fe4054c to 0x000001a11fe406b0
Event: 10.315 Thread 0x000001a10f7ea800 Exception <a 'java/io/FileNotFoundException'{0x00000000831ee4d8}> (0x00000000831ee4d8) 
thrown [./src/hotspot/share/prims/jni.cpp, line 599]
Event: 10.558 Thread 0x000001a10f7ea800 Exception <a 'java/lang/NoSuchMethodError'{0x00000000858003e0}: 'java.lang.Object java.lang.invoke.DirectMethodHandle$Holder.invokeStatic(java.lang.Object, int, java.lang.Object)'> (0x00000000858003e0) 
thrown [./src/hotspot/share/interpreter/linkResolver.cpp, line 766]
Event: 10.776 Thread 0x000001a1b920e000 Exception <a 'java/lang/NoSuchMethodError'{0x0000000085212120}: 'java.lang.Object java.lang.invoke.DirectMethodHandle$Holder.invokeStaticInit(java.lang.Object, java.lang.Object, java.lang.Object, java.lang.Object)'> (0x0000000085212120) 
thrown [./src/hotspot/share/interpreter/linkResolver.cpp, line 766]
Event: 11.276 Thread 0x000001a1b920e000 Exception <a 'java/lang/NoSuchMethodError'{0x00000000855f2078}: 'java.lang.Object java.lang.invoke.DirectMethodHandle$Holder.invokeStatic(java.lang.Object, java.lang.Object, int, float, java.lang.Object)'> (0x00000000855f2078) 
thrown [./src/hotspot/share/interpreter/linkResolver.cpp, line 766]
Event: 11.277 Thread 0x000001a1b920e000 Exception <a 'java/lang/NoSuchMethodError'{0x00000000855f8538}: 'java.lang.Object java.lang.invoke.Invokers$Holder.linkToTargetMethod(java.lang.Object, int, float, java.lang.Object, java.lang.Object)'> (0x00000000855f8538) 
thrown [./src/hotspot/share/interpreter/linkResolver.cpp, line 766]
Event: 11.279 Thread 0x000001a1b920e000 Exception <a 'java/lang/NoSuchMethodError'{0x0000000085404468}: 'void java.lang.invoke.DirectMethodHandle$Holder.invokeSpecial(java.lang.Object, java.lang.Object, java.lang.Object, java.lang.Object, float)'> (0x0000000085404468) 
thrown [./src/hotspot/share/interpreter/linkResolver.cpp, line 766]
Event: 11.286 Thread 0x000001a1b920e000 Exception <a 'java/lang/NoSuchMethodError'{0x00000000854285f8}: 'float java.lang.invoke.DirectMethodHandle$Holder.invokeStatic(java.lang.Object, java.lang.Object)'> (0x00000000854285f8) 
thrown [./src/hotspot/share/interpreter/linkResolver.cpp, line 766]
Event: 11.287 Thread 0x000001a1b920e000 Exception <a 'java/lang/NoSuchMethodError'{0x000000008542d678}: 'float java.lang.invoke.DirectMethodHandle$Holder.invokeVirtual(java.lang.Object, java.lang.Object)'> (0x000000008542d678) 
thrown [./src/hotspot/share/interpreter/linkResolver.cpp, line 766]

Events (20 events):
Event: 11.906 Executing VM operation: G1Concurrent
Event: 11.912 Executing VM operation: G1Concurrent done
Event: 11.942 Loaded shared library C:\Program Files\AdoptOpenJDK\jdk-14.0.2.12-hotspot\bin\zip.dll
Event: 11.963 Loaded shared library C:\Program Files\AdoptOpenJDK\jdk-14.0.2.12-hotspot\bin\zip.dll
Event: 11.964 Executing VM operation: G1Concurrent
Event: 11.965 Executing VM operation: G1Concurrent done
Event: 12.000 loading class arc/func/Floatf
Event: 12.000 loading class arc/func/Floatf done
Event: 12.000 loading class mindustry/ai/BaseRegistry$BasePart
Event: 12.000 loading class mindustry/ai/BaseRegistry$BasePart done
Event: 12.000 loading class mindustry/ai/BaseRegistry$BasePart
Event: 12.000 loading class mindustry/ai/BaseRegistry$BasePart done
Event: 12.001 loading class arc/func/Cons2
Event: 12.001 loading class arc/func/Cons2 done
Event: 12.001 loading class mindustry/ctype/Content
Event: 12.001 loading class mindustry/ctype/Content done
Event: 12.001 loading class mindustry/ctype/Content
Event: 12.001 loading class mindustry/ctype/Content done
Event: 12.087 Executing VM operation: G1CollectForAllocation
Event: 12.108 Executing VM operation: G1CollectForAllocation done


Dynamic libraries:
0x00007ff729530000 - 0x00007ff72953d000 	C:\Program Files\AdoptOpenJDK\jdk-14.0.2.12-hotspot\bin\java.exe
0x00007ffa25ff0000 - 0x00007ffa261e5000 	C:\WINDOWS\SYSTEM32\ntdll.dll
0x00007ffa256d0000 - 0x00007ffa2578d000 	C:\WINDOWS\System32\KERNEL32.DLL
0x00007ffa23bd0000 - 0x00007ffa23e98000 	C:\WINDOWS\System32\KERNELBASE.dll
0x00007ffa23730000 - 0x00007ffa23830000 	C:\WINDOWS\System32\ucrtbase.dll
0x00007ffa0aef0000 - 0x00007ffa0af08000 	C:\Program Files\AdoptOpenJDK\jdk-14.0.2.12-hotspot\bin\jli.dll
0x00007ffa07880000 - 0x00007ffa07895000 	C:\Program Files\AdoptOpenJDK\jdk-14.0.2.12-hotspot\bin\VCRUNTIME140.dll
0x00007ffa258d0000 - 0x00007ffa25a70000 	C:\WINDOWS\System32\USER32.dll
0x00007ffa23830000 - 0x00007ffa23852000 	C:\WINDOWS\System32\win32u.dll
0x00007ffa25f80000 - 0x00007ffa25faa000 	C:\WINDOWS\System32\GDI32.dll
0x00007ffa0fab0000 - 0x00007ffa0fd4a000 	C:\WINDOWS\WinSxS\amd64_microsoft.windows.common-controls_6595b64144ccf1df_6.0.19041.844_none_ca00b6081b84eb1d\COMCTL32.dll
0x00007ffa25630000 - 0x00007ffa256ce000 	C:\WINDOWS\System32\msvcrt.dll
0x00007ffa23f40000 - 0x00007ffa2404b000 	C:\WINDOWS\System32\gdi32full.dll
0x00007ffa23ea0000 - 0x00007ffa23f3d000 	C:\WINDOWS\System32\msvcp_win.dll
0x00007ffa258a0000 - 0x00007ffa258d0000 	C:\WINDOWS\System32\IMM32.DLL
0x00007ffa04e70000 - 0x00007ffa04f0b000 	C:\Program Files\AdoptOpenJDK\jdk-14.0.2.12-hotspot\bin\msvcp140.dll
0x00007ff9d2b90000 - 0x00007ff9d3724000 	C:\Program Files\AdoptOpenJDK\jdk-14.0.2.12-hotspot\bin\server\jvm.dll
0x00007ffa24f00000 - 0x00007ffa24fac000 	C:\WINDOWS\System32\ADVAPI32.dll
0x00007ffa25a70000 - 0x00007ffa25b0b000 	C:\WINDOWS\System32\sechost.dll
0x00007ffa25090000 - 0x00007ffa251bb000 	C:\WINDOWS\System32\RPCRT4.dll
0x00007ffa244f0000 - 0x00007ffa244f8000 	C:\WINDOWS\System32\PSAPI.DLL
0x00007ffa04cc0000 - 0x00007ffa04cc9000 	C:\WINDOWS\SYSTEM32\WSOCK32.dll
0x00007ffa15830000 - 0x00007ffa15857000 	C:\WINDOWS\SYSTEM32\WINMM.dll
0x00007ffa25350000 - 0x00007ffa253bb000 	C:\WINDOWS\System32\WS2_32.dll
0x00007ffa164f0000 - 0x00007ffa164fa000 	C:\WINDOWS\SYSTEM32\VERSION.dll
0x00007ffa22000000 - 0x00007ffa22012000 	C:\WINDOWS\SYSTEM32\kernel.appcore.dll
0x00007ffa1dfe0000 - 0x00007ffa1dfea000 	C:\Program Files\AdoptOpenJDK\jdk-14.0.2.12-hotspot\bin\jimage.dll
0x00007ffa19c90000 - 0x00007ffa19e74000 	C:\WINDOWS\SYSTEM32\DBGHELP.DLL
0x00007ffa19f40000 - 0x00007ffa19f6c000 	C:\WINDOWS\SYSTEM32\dbgcore.DLL
0x00007ffa23b20000 - 0x00007ffa23ba0000 	C:\WINDOWS\System32\bcryptPrimitives.dll
0x00007ffa05410000 - 0x00007ffa05448000 	C:\Program Files\AdoptOpenJDK\jdk-14.0.2.12-hotspot\bin\jdwp.dll
0x00007ffa07850000 - 0x00007ffa07875000 	C:\Program Files\AdoptOpenJDK\jdk-14.0.2.12-hotspot\bin\java.dll
0x00007ffa10f30000 - 0x00007ffa10f3e000 	C:\Program Files\AdoptOpenJDK\jdk-14.0.2.12-hotspot\bin\instrument.dll
0x00007ffa07830000 - 0x00007ffa07846000 	C:\Program Files\AdoptOpenJDK\jdk-14.0.2.12-hotspot\bin\zip.dll
0x00007ffa24700000 - 0x00007ffa24e42000 	C:\WINDOWS\System32\SHELL32.dll
0x00007ffa21860000 - 0x00007ffa21ff0000 	C:\WINDOWS\SYSTEM32\windows.storage.dll
0x00007ffa24190000 - 0x00007ffa244e5000 	C:\WINDOWS\System32\combase.dll
0x00007ffa231a0000 - 0x00007ffa231cc000 	C:\WINDOWS\SYSTEM32\Wldp.dll
0x00007ffa24e50000 - 0x00007ffa24efe000 	C:\WINDOWS\System32\SHCORE.dll
0x00007ffa25790000 - 0x00007ffa257e5000 	C:\WINDOWS\System32\shlwapi.dll
0x00007ffa23670000 - 0x00007ffa2368f000 	C:\WINDOWS\SYSTEM32\profapi.dll
0x00007ffa108b0000 - 0x00007ffa108ba000 	C:\Program Files\AdoptOpenJDK\jdk-14.0.2.12-hotspot\bin\dt_socket.dll
0x00007ffa22bb0000 - 0x00007ffa22beb000 	C:\WINDOWS\SYSTEM32\IPHLPAPI.DLL
0x00007ffa22f10000 - 0x00007ffa22f7a000 	C:\WINDOWS\system32\mswsock.dll
0x00007ffa07810000 - 0x00007ffa07829000 	C:\Program Files\AdoptOpenJDK\jdk-14.0.2.12-hotspot\bin\net.dll
0x00007ffa16080000 - 0x00007ffa1618b000 	C:\WINDOWS\SYSTEM32\WINHTTP.dll
0x00007ffa05450000 - 0x00007ffa05462000 	C:\Program Files\AdoptOpenJDK\jdk-14.0.2.12-hotspot\bin\nio.dll
0x00007ffa1d9a0000 - 0x00007ffa1d9b0000 	C:\Program Files\AdoptOpenJDK\jdk-14.0.2.12-hotspot\bin\verify.dll
0x0000000067ef0000 - 0x0000000067fb8000 	C:\Users\starw\AppData\Local\Temp\arc\5f24d8af\arc64.dll
0x0000000067d10000 - 0x0000000067eea000 	C:\Users\starw\AppData\Local\Temp\arc\87dfef74\sdl-arc64.dll
0x00007ffa25220000 - 0x00007ffa2534a000 	C:\WINDOWS\System32\ole32.dll
0x00007ffa24500000 - 0x00007ffa245cd000 	C:\WINDOWS\System32\OLEAUT32.dll
0x00007ffa25b10000 - 0x00007ffa25f79000 	C:\WINDOWS\System32\SETUPAPI.dll
0x00007ffa23860000 - 0x00007ffa238ae000 	C:\WINDOWS\System32\cfgmgr32.dll
0x00007ffa23ba0000 - 0x00007ffa23bc7000 	C:\WINDOWS\System32\bcrypt.dll
0x00007ffa065a0000 - 0x00007ffa066c6000 	C:\WINDOWS\SYSTEM32\OPENGL32.dll
0x00007ffa06530000 - 0x00007ffa0655c000 	C:\WINDOWS\SYSTEM32\GLU32.dll
0x00007ffa20dd0000 - 0x00007ffa20e6e000 	C:\WINDOWS\system32\uxtheme.dll
0x00007ffa245d0000 - 0x00007ffa246e5000 	C:\WINDOWS\System32\MSCTF.dll
0x00007ffa253c0000 - 0x00007ffa25469000 	C:\WINDOWS\System32\clbcatq.dll
0x00007ff9d2040000 - 0x00007ff9d2b88000 	C:\WINDOWS\SYSTEM32\ig75icd64.dll
0x00007ffa1e580000 - 0x00007ffa1e594000 	C:\WINDOWS\SYSTEM32\WTSAPI32.dll
0x00007ffa17260000 - 0x00007ffa17ca0000 	C:\WINDOWS\SYSTEM32\igdusc64.dll
0x00007ffa21080000 - 0x00007ffa210af000 	C:\WINDOWS\SYSTEM32\dwmapi.dll
0x00007ffa19300000 - 0x00007ffa1933b000 	C:\WINDOWS\SYSTEM32\dxcore.dll
0x00007ffa22d20000 - 0x00007ffa22d6b000 	C:\WINDOWS\SYSTEM32\powrprof.dll
0x00007ffa22b90000 - 0x00007ffa22ba2000 	C:\WINDOWS\SYSTEM32\UMPDC.dll
0x00007ffa13e90000 - 0x00007ffa13f61000 	C:\Windows\System32\IME\IMEKR\imkrtip.dll
0x00007ffa21740000 - 0x00007ffa21837000 	C:\WINDOWS\SYSTEM32\PROPSYS.dll
0x00007ffa05200000 - 0x00007ffa05342000 	C:\Windows\System32\IME\shared\imetip.dll
0x00007ffa16c30000 - 0x00007ffa16c96000 	C:\WINDOWS\SYSTEM32\OLEACC.dll
0x00007ff9ff2f0000 - 0x00007ff9ff49e000 	C:\WINDOWS\SYSTEM32\DUI70.dll
0x00007ffa139c0000 - 0x00007ffa13ab9000 	C:\WINDOWS\SYSTEM32\textinputframework.dll
0x00007ffa203c0000 - 0x00007ffa2071e000 	C:\WINDOWS\System32\CoreUIComponents.dll
0x00007ffa20aa0000 - 0x00007ffa20b92000 	C:\WINDOWS\System32\CoreMessaging.dll
0x00007ffa22470000 - 0x00007ffa224a3000 	C:\WINDOWS\SYSTEM32\ntmarta.dll
0x00007ffa1f3e0000 - 0x00007ffa1f534000 	C:\WINDOWS\SYSTEM32\wintypes.dll
0x00007ffa13e40000 - 0x00007ffa13e81000 	C:\Windows\System32\IME\IMEKR\imkrapi.dll
0x00007ffa1ee90000 - 0x00007ffa1ef30000 	C:\WINDOWS\SYSTEM32\policymanager.dll
0x00007ffa228d0000 - 0x00007ffa2295a000 	C:\WINDOWS\SYSTEM32\msvcp110_win.dll
0x00007ffa142d0000 - 0x00007ffa1430e000 	C:\Windows\System32\IME\shared\imjkapi.dll
0x00007ffa22070000 - 0x00007ffa22164000 	C:\WINDOWS\SYSTEM32\dxgi.dll
0x00007ffa1f9a0000 - 0x00007ffa1fc04000 	C:\WINDOWS\SYSTEM32\d3d11.dll
0x00007ffa18320000 - 0x00007ffa1927c000 	C:\WINDOWS\SYSTEM32\igd10iumd64.dll
0x00007ffa23210000 - 0x00007ffa23237000 	C:\WINDOWS\SYSTEM32\ncrypt.dll
0x00007ffa231d0000 - 0x00007ffa2320b000 	C:\WINDOWS\SYSTEM32\NTASN1.dll
0x00007ffa1d210000 - 0x00007ffa1d295000 	C:\WINDOWS\System32\MMDevApi.dll
0x00007ffa23500000 - 0x00007ffa2352c000 	C:\WINDOWS\System32\DEVOBJ.dll
0x00007ffa1d2b0000 - 0x00007ffa1d431000 	C:\WINDOWS\SYSTEM32\AUDIOSES.DLL
0x00007ffa20f90000 - 0x00007ffa20fa4000 	C:\WINDOWS\SYSTEM32\resourcepolicyclient.dll
0x00007ffa230e0000 - 0x00007ffa230f8000 	C:\WINDOWS\SYSTEM32\CRYPTSP.dll
0x00007ffa22840000 - 0x00007ffa22874000 	C:\WINDOWS\system32\rsaenh.dll
0x00007ffa235f0000 - 0x00007ffa2361e000 	C:\WINDOWS\SYSTEM32\USERENV.dll
0x00007ffa23100000 - 0x00007ffa2310c000 	C:\WINDOWS\SYSTEM32\CRYPTBASE.dll
0x00007ffa246f0000 - 0x00007ffa246f8000 	C:\WINDOWS\System32\NSI.dll
0x00007ffa192e0000 - 0x00007ffa192f7000 	C:\WINDOWS\SYSTEM32\dhcpcsvc6.DLL
0x00007ffa1a090000 - 0x00007ffa1a0ad000 	C:\WINDOWS\SYSTEM32\dhcpcsvc.DLL
0x00007ffa22c00000 - 0x00007ffa22ccc000 	C:\WINDOWS\SYSTEM32\DNSAPI.dll
0x0000000066f40000 - 0x0000000066fc3000 	C:\Users\starw\AppData\Local\Temp\liblz4-java-16445090863392380913.so
0x00007ffa1e2d0000 - 0x00007ffa1e37e000 	C:\WINDOWS\SYSTEM32\mscms.dll
0x00007ffa1e260000 - 0x00007ffa1e271000 	C:\WINDOWS\SYSTEM32\ColorAdapterClient.dll
0x00007ffa10700000 - 0x00007ffa10743000 	C:\WINDOWS\SYSTEM32\icm32.dll
0x0000000067ca0000 - 0x0000000067d07000 	C:\Users\starw\AppData\Local\Temp\arc\955ce679\arc-freetype64.dll

dbghelp: loaded successfully - version: 4.0.5 - missing functions: none
symbol engine: initialized successfully - sym options: 0x614 - pdb path: .;C:\Program Files\AdoptOpenJDK\jdk-14.0.2.12-hotspot\bin;C:\WINDOWS\SYSTEM32;C:\WINDOWS\WinSxS\amd64_microsoft.windows.common-controls_6595b64144ccf1df_6.0.19041.844_none_ca00b6081b84eb1d;C:\Program Files\AdoptOpenJDK\jdk-14.0.2.12-hotspot\bin\server;C:\Users\starw\AppData\Local\Temp\arc\5f24d8af;C:\Users\starw\AppData\Local\Temp\arc\87dfef74;C:\Windows\System32\IME\IMEKR;C:\Windows\System32\IME\shared;C:\Users\starw\AppData\Local\Temp;C:\Users\starw\AppData\Local\Temp\arc\955ce679

VM Arguments:
jvm_args: -agentlib:jdwp=transport=dt_socket,address=127.0.0.1:63756,suspend=y,server=n -javaagent:C:\Users\starw\AppData\Local\JetBrains\IdeaIC2020.3\groovyHotSwap\gragent.jar -javaagent:C:\Users\starw\AppData\Local\JetBrains\IdeaIC2020.3\captureAgent\debugger-agent.jar -Dfile.encoding=x-windows-949 
java_command: C:\Users\starw\AppData\Roaming\Mindustry\be_builds\client-be-21177.jar
java_class_path (initial): C:\Users\starw\AppData\Roaming\Mindustry\be_builds\client-be-21177.jar
Launcher Type: SUN_STANDARD

[Global flags]
     intx CICompilerCount                          = 3                                         {product} {ergonomic}
     uint ConcGCThreads                            = 1                                         {product} {ergonomic}
     uint G1ConcRefinementThreads                  = 4                                         {product} {ergonomic}
   size_t G1HeapRegionSize                         = 1048576                                   {product} {ergonomic}
    uintx GCDrainStackTargetSize                   = 64                                        {product} {ergonomic}
   size_t InitialHeapSize                          = 134217728                                 {product} {ergonomic}
   size_t MarkStackSize                            = 4194304                                   {product} {ergonomic}
   size_t MaxHeapSize                              = 2126512128                                {product} {ergonomic}
   size_t MaxNewSize                               = 1275068416                                {product} {ergonomic}
   size_t MinHeapDeltaBytes                        = 1048576                                   {product} {ergonomic}
   size_t MinHeapSize                              = 8388608                                   {product} {ergonomic}
    uintx NonNMethodCodeHeapSize                   = 5832780                                {pd product} {ergonomic}
    uintx NonProfiledCodeHeapSize                  = 122912730                              {pd product} {ergonomic}
    uintx ProfiledCodeHeapSize                     = 122912730                              {pd product} {ergonomic}
    uintx ReservedCodeCacheSize                    = 251658240                              {pd product} {ergonomic}
     bool SegmentedCodeCache                       = true                                      {product} {ergonomic}
   size_t SoftMaxHeapSize                          = 2126512128                             {manageable} {ergonomic}
     bool UseCompressedClassPointers               = true                                 {lp64_product} {ergonomic}
     bool UseCompressedOops                        = true                                 {lp64_product} {ergonomic}
     bool UseG1GC                                  = true                                      {product} {ergonomic}
     bool UseLargePagesIndividualAllocation        = false                                  {pd product} {ergonomic}

Logging:
Log output configuration:
 #0: stdout all=warning uptime,level,tags
 #1: stderr all=off uptime,level,tags

Environment Variables:
JAVA_HOME=C:\Program Files\AdoptOpenJDK\jdk-14.0.2.12-hotspot\
PATH=C:\Program Files\AdoptOpenJDK\jdk-14.0.2.12-hotspot\bin;C:\Users\starw\AppData\Roaming\npm;C:\Program Files\nodejs\;C:\WINDOWS\system32;C:\WINDOWS;C:\WINDOWS\System32\Wbem;C:\WINDOWS\System32\WindowsPowerShell\v1.0\;C:\WINDOWS\System32\OpenSSH\;C:\Gradle\gradle-6.7.1\bin;C:\Android\cmdline-tools\bin;C:\Users\starw\ANDROID_HOME\build-tools\29.0.3;C:\Program Files\Git\cmd;C:\Users\starw\AppData\Local\Microsoft\WindowsApps;C:\Users\starw\AppData\Local\Programs\Microsoft VS Code\bin;C:\Users\starw\AppData\Local\atom\bin;C:\Users\starw\AppData\Local\GitHubDesktop\bin;C:\Users\starw\AppData\Roaming\npm;C:\Users\starw\AppData\Local\Microsoft\WindowsApps;;C:\Program Files\JetBrains\IntelliJ IDEA Community Edition 2020.3\bin;
USERNAME=sunny
OS=Windows_NT
PROCESSOR_IDENTIFIER=Intel64 Family 6 Model 69 Stepping 1, GenuineIntel



---------------  S Y S T E M  ---------------

OS: Windows 10 , 64 bit Build 19041 (10.0.19041.928)
OS uptime: 0 days 1:00 hours

CPU:total 4 (initial active 4) (2 cores per cpu, 2 threads per core) family 6 model 69 stepping 1, cmov, cx8, fxsr, mmx, sse, sse2, sse3, ssse3, sse4.1, sse4.2, popcnt, avx, avx2, aes, clmul, erms, lzcnt, ht, tsc, tscinvbit, bmi1, bmi2, fma

Memory: 4k page, system-wide physical 8106M (1559M free)
TotalPageFile size 14250M (AvailPageFile size 6335M)
current process WorkingSet (physical memory assigned to process): 1273M, peak: 1275M
current process commit charge ("private bytes"): 1444M, peak: 1446M

vm_info: OpenJDK 64-Bit Server VM (14.0.2+12) for windows-amd64 JRE (14.0.2+12), built on Jul 15 2020 11:30:16 by "" with MS VC++ 15.9 (VS2017)

END.
