#
# A fatal error has been detected by the Java Runtime Environment:
#
#  EXCEPTION_ACCESS_VIOLATION (0xc0000005) at pc=0x00007ffa24634902, pid=11772, tid=15100
#
# JRE version: OpenJDK Runtime Environment AdoptOpenJDK (14.0.2+12) (build 14.0.2+12)
# Java VM: OpenJDK 64-Bit Server VM AdoptOpenJDK (14.0.2+12, mixed mode, sharing, tiered, compressed oops, g1 gc, windows-amd64)
# Problematic frame:
# C  [MSCTF.dll+0x64902]
#
# No core dump will be written. Minidumps are not enabled by default on client versions of Windows
#
# If you would like to submit a bug report, please visit:
#   https://github.com/AdoptOpenJDK/openjdk-support/issues
# The crash happened outside the Java Virtual Machine in native code.
# See problematic frame for where to report the bug.
#

---------------  S U M M A R Y ------------

Command Line: -javaagent:C:\Users\starw\AppData\Local\JetBrains\IdeaIC2020.3\testAgent\intellij-coverage-agent-1.0.573.jar=C:\Users\starw\AppData\Local\Temp\coverage1args -Dfile.encoding=x-windows-949 C:\Users\starw\AppData\Roaming\Mindustry\be_builds\client-be-21177.jar

Host: Intel(R) Core(TM) i7-4500U CPU @ 1.80GHz, 4 cores, 7G,  Windows 10 , 64 bit Build 19041 (10.0.19041.928)
Time: Sun Jun 13 13:07:29 2021 대한민국 표준시 elapsed time: 15 seconds (0d 0h 0m 15s)

---------------  T H R E A D  ---------------

Current thread (0x000001d341596800):  JavaThread "main" [_thread_in_native, id=15100, stack(0x0000000fef200000,0x0000000fef300000)]

Stack: [0x0000000fef200000,0x0000000fef300000],  sp=0x0000000fef2fed20,  free space=1019k
Native frames: (J=compiled Java code, j=interpreted, Vv=VM code, C=native code)
C  [MSCTF.dll+0x64902]

Java frames: (J=compiled Java code, j=interpreted, Vv=VM code)
j  arc.backend.sdl.jni.SDL.SDL_Quit()V+0
j  arc.backend.sdl.SdlApplication.cleanup()V+54
j  arc.backend.sdl.SdlApplication.<init>(Larc/ApplicationListener;Larc/backend/sdl/SdlConfig;)V+371
j  mindustry.desktop.DesktopLauncher.main([Ljava/lang/String;)V+43
v  ~StubRoutines::call_stub

siginfo: EXCEPTION_ACCESS_VIOLATION (0xc0000005), reading address 0x00007ffa052d4f40


Register to memory mapping:

RIP=0x00007ffa24634902 MSCTF.dll
RAX=0x00007ffa052d4f30 is an unknown value
RBX=0x000001d36247c200 points into unknown readable memory: 20 86 6a 24 fa 7f 00 00
RCX=0x000001d36249abd0 points into unknown readable memory: 30 4f 2d 05 fa 7f 00 00
RDX=0x0 is NULL
RSP=0x0000000fef2fed20 is pointing into the stack for thread: 0x000001d341596800
RBP=0x0000000fef2ff158 is pointing into the stack for thread: 0x000001d341596800
RSI=0x0 is NULL
RDI=0x000001d3620598b0 points into unknown readable memory: 80 5e 6a 24 fa 7f 00 00
R8 =0x0000000000000002 is an unknown value
R9 =0x0000000000000001 is an unknown value
R10=0x0 is NULL
R11=0x0000000fef2fec90 is pointing into the stack for thread: 0x000001d341596800
R12=0x00000000000003ff is an unknown value
R13={method} {0x000001d360598f90} 'SDL_Quit' '()V' in 'arc/backend/sdl/jni/SDL'
R14=0x0 is NULL
R15=0x0 is NULL


Registers:
RAX=0x00007ffa052d4f30, RBX=0x000001d36247c200, RCX=0x000001d36249abd0, RDX=0x0000000000000000
RSP=0x0000000fef2fed20, RBP=0x0000000fef2ff158, RSI=0x0000000000000000, RDI=0x000001d3620598b0
R8 =0x0000000000000002, R9 =0x0000000000000001, R10=0x0000000000000000, R11=0x0000000fef2fec90
R12=0x00000000000003ff, R13=0x000001d360598f88, R14=0x0000000000000000, R15=0x0000000000000000
RIP=0x00007ffa24634902, EFLAGS=0x0000000000210202

Top of Stack: (sp=0x0000000fef2fed20)
0x0000000fef2fed20:   000001d300000002 000001d36247c200
0x0000000fef2fed30:   00000000ffffffff 00007ffa245e4e8c
0x0000000fef2fed40:   000001d36247c200 00007ffa24634b42
0x0000000fef2fed50:   0000000000000000 000001d3620598b0
0x0000000fef2fed60:   00000000000003ff 000001d36205a410
0x0000000fef2fed70:   0000000000000000 00007ffa24636f57
0x0000000fef2fed80:   000001d3620598b0 0000000000000000
0x0000000fef2fed90:   0000000000000000 000001d3620598b0
0x0000000fef2feda0:   000001d3620598b0 00007ffa2461c2c2
0x0000000fef2fedb0:   000001d36247c200 0000000fef2ff158
0x0000000fef2fedc0:   0000000000000001 000001d3620598b0
0x0000000fef2fedd0:   000001d3620598b0 00007ffa245f1cd8
0x0000000fef2fede0:   000001d361f722e0 0000000fef2ff158
0x0000000fef2fedf0:   0000000000000001 0000000000000001
0x0000000fef2fee00:   0000000000000101 0000000000000001
0x0000000fef2fee10:   0000000100000001 0000000100000000 

Instructions: (pc=0x00007ffa24634902)
0x00007ffa24634802:   01 49 8b f8 48 89 51 10 48 8b d9 48 85 d2 74 10
0x00007ffa24634812:   48 8b 02 48 8b ca 48 8b 40 08 ff 15 ee 87 07 00
0x00007ffa24634822:   48 89 7b 18 48 85 ff 74 10 48 8b 07 48 8b cf 48
0x00007ffa24634832:   8b 40 08 ff 15 d5 87 07 00 48 8b c3 48 8b 5c 24
0x00007ffa24634842:   30 48 83 c4 20 5f c3 cc cc cc cc cc cc cc c7 41
0x00007ffa24634852:   10 01 00 00 00 48 8d 05 c2 3d 07 00 48 89 01 33
0x00007ffa24634862:   d2 48 8d 05 9e 3b 07 00 48 89 41 08 48 8d 05 4b
0x00007ffa24634872:   0c 07 00 48 89 51 38 48 89 51 40 48 89 41 60 48
0x00007ffa24634882:   8b c1 48 89 51 70 48 89 51 68 48 89 51 78 48 89
0x00007ffa24634892:   91 80 00 00 00 c3 cc cc cc cc cc cc cc cc e9 93
0x00007ffa246348a2:   12 fa ff cc cc cc cc cc cc cc e9 bb 17 fa ff cc
0x00007ffa246348b2:   cc cc cc cc cc cc 40 53 48 83 ec 20 48 8d 05 5b
0x00007ffa246348c2:   3d 07 00 48 8b d9 48 89 01 48 8d 05 36 3b 07 00
0x00007ffa246348d2:   48 89 41 08 e8 5d 2f 00 00 48 8b 4b 48 48 85 c9
0x00007ffa246348e2:   74 12 48 8b 01 48 8b 40 10 ff 15 1f 87 07 00 48
0x00007ffa246348f2:   83 63 48 00 48 8b 4b 18 48 85 c9 74 12 48 8b 01
0x00007ffa24634902:   48 8b 40 10 ff 15 04 87 07 00 48 83 63 18 00 48
0x00007ffa24634912:   8b 8b 90 00 00 00 48 85 c9 74 0d e8 aa 6c 01 00
0x00007ffa24634922:   48 83 a3 90 00 00 00 00 48 8b 8b 80 00 00 00 48
0x00007ffa24634932:   85 c9 74 0d 48 8b 01 48 8b 40 10 ff 15 cd 86 07
0x00007ffa24634942:   00 48 8b 4b 78 48 85 c9 74 0d 48 8b 01 48 8b 40
0x00007ffa24634952:   10 ff 15 b7 86 07 00 48 8b 4b 68 48 8d 05 5c 0b
0x00007ffa24634962:   07 00 48 89 43 60 48 85 c9 74 0c 48 ff 15 14 7f
0x00007ffa24634972:   07 00 0f 1f 44 00 00 48 8b 4b 40 48 85 c9 74 0d
0x00007ffa24634982:   48 8b 01 48 8b 40 10 ff 15 81 86 07 00 48 8b 4b
0x00007ffa24634992:   38 48 85 c9 74 0d 48 8b 01 48 8b 40 10 ff 15 6b
0x00007ffa246349a2:   86 07 00 48 83 c4 20 5b c3 cc cc cc cc cc cc cc
0x00007ffa246349b2:   cc cc 40 53 48 83 ec 20 48 8d 05 3f 3b 07 00 48
0x00007ffa246349c2:   8b d9 48 89 01 48 8d 05 02 3b 07 00 48 89 41 08
0x00007ffa246349d2:   48 8d 05 af 3a 07 00 48 89 41 10 48 8d 05 7c 3a
0x00007ffa246349e2:   07 00 48 89 41 18 48 8d 05 19 3a 07 00 48 89 41
0x00007ffa246349f2:   20 48 83 c1 58 e8 90 07 00 00 48 8d 05 75 0f 07 


Stack slot to memory mapping:
stack at sp + 0 slots: 0x000001d300000002 points into unknown readable memory: 00 00 00 00 00 00
stack at sp + 1 slots: 0x000001d36247c200 points into unknown readable memory: 20 86 6a 24 fa 7f 00 00
stack at sp + 2 slots: 0x00000000ffffffff is pointing into object: [I 
{0x00000000ffffffe8} - klass: {type array int}
 - length: 2
stack at sp + 3 slots: 0x00007ffa245e4e8c MSCTF.dll
stack at sp + 4 slots: 0x000001d36247c200 points into unknown readable memory: 20 86 6a 24 fa 7f 00 00
stack at sp + 5 slots: 0x00007ffa24634b42 MSCTF.dll
stack at sp + 6 slots: 0x0 is NULL
stack at sp + 7 slots: 0x000001d3620598b0 points into unknown readable memory: 80 5e 6a 24 fa 7f 00 00


---------------  P R O C E S S  ---------------

Threads class SMR info:
_java_thread_list=0x000001d3616d8af0, length=18, elements={
0x000001d341596800, 0x000001d36003f800, 0x000001d360040800, 0x000001d360061000,
0x000001d360064000, 0x000001d360065800, 0x000001d36006f800, 0x000001d360074000,
0x000001d360084000, 0x000001d360988800, 0x000001d360b4c800, 0x000001d3636c8000,
0x000001d3ef210000, 0x000001d3608f6800, 0x000001d3608f7000, 0x000001d3ee5c3800,
0x000001d3ebad5000, 0x000001d3ee5bf000
}

Java Threads: ( => current thread )
=>0x000001d341596800 JavaThread "main" [_thread_in_native, id=15100, stack(0x0000000fef200000,0x0000000fef300000)]
  0x000001d36003f800 JavaThread "Reference Handler" daemon [_thread_blocked, id=16116, stack(0x0000000fefa00000,0x0000000fefb00000)]
  0x000001d360040800 JavaThread "Finalizer" daemon [_thread_blocked, id=14036, stack(0x0000000fefb00000,0x0000000fefc00000)]
  0x000001d360061000 JavaThread "Signal Dispatcher" daemon [_thread_blocked, id=15052, stack(0x0000000fefc00000,0x0000000fefd00000)]
  0x000001d360064000 JavaThread "Attach Listener" daemon [_thread_blocked, id=15904, stack(0x0000000fefd00000,0x0000000fefe00000)]
  0x000001d360065800 JavaThread "Service Thread" daemon [_thread_blocked, id=10408, stack(0x0000000fefe00000,0x0000000feff00000)]
  0x000001d36006f800 JavaThread "C2 CompilerThread0" daemon [_thread_blocked, id=1148, stack(0x0000000feff00000,0x0000000ff0000000)]
  0x000001d360074000 JavaThread "C1 CompilerThread0" daemon [_thread_blocked, id=1108, stack(0x0000000ff0000000,0x0000000ff0100000)]
  0x000001d360084000 JavaThread "Sweeper thread" daemon [_thread_blocked, id=15020, stack(0x0000000ff0100000,0x0000000ff0200000)]
  0x000001d360988800 JavaThread "Common-Cleaner" daemon [_thread_blocked, id=15508, stack(0x0000000ff0200000,0x0000000ff0300000)]
  0x000001d360b4c800 JavaThread "Notification Thread" daemon [_thread_blocked, id=8576, stack(0x0000000ff0300000,0x0000000ff0400000)]
  0x000001d3636c8000 JavaThread "AsyncExecutor-Thread" daemon [_thread_blocked, id=15048, stack(0x0000000ff0f00000,0x0000000ff1000000)]
  0x000001d3ef210000 JavaThread "AsyncExecutor-Thread" daemon [_thread_blocked, id=13052, stack(0x0000000ff1200000,0x0000000ff1300000)]
  0x000001d3608f6800 JavaThread "AsyncExecutor-Thread" daemon [_thread_blocked, id=13564, stack(0x0000000ff1300000,0x0000000ff1400000)]
  0x000001d3608f7000 JavaThread "AsyncExecutor-Thread" daemon [_thread_blocked, id=13512, stack(0x0000000ff1400000,0x0000000ff1500000)]
  0x000001d3ee5c3800 JavaThread "AsyncExecutor-Thread" daemon [_thread_blocked, id=7352, stack(0x0000000ff1500000,0x0000000ff1600000)]
  0x000001d3ebad5000 JavaThread "C2 CompilerThread1" daemon [_thread_in_native, id=16332, stack(0x0000000ff0500000,0x0000000ff0600000)]
  0x000001d3ee5bf000 JavaThread "AsyncExecutor-Thread" daemon [_thread_blocked, id=11128, stack(0x0000000ff1600000,0x0000000ff1700000)]

Other Threads:
  0x000001d36003e800 VMThread "VM Thread" [stack: 0x0000000fef900000,0x0000000fefa00000] [id=14812]
  0x000001d360b4d800 WatcherThread [stack: 0x0000000ff0400000,0x0000000ff0500000] [id=15036]
  0x000001d3415de800 GCTaskThread "GC Thread#0" [stack: 0x0000000fef400000,0x0000000fef500000] [id=13324]
  0x000001d3609de800 GCTaskThread "GC Thread#1" [stack: 0x0000000ff0600000,0x0000000ff0700000] [id=14240]
  0x000001d3609df000 GCTaskThread "GC Thread#2" [stack: 0x0000000ff0700000,0x0000000ff0800000] [id=2848]
  0x000001d3415f0000 ConcurrentGCThread "G1 Main Marker" [stack: 0x0000000fef500000,0x0000000fef600000] [id=11148]
  0x000001d3415f3000 ConcurrentGCThread "G1 Conc#0" [stack: 0x0000000fef600000,0x0000000fef700000] [id=9088]
  0x000001d35fec0800 ConcurrentGCThread "G1 Refine#0" [stack: 0x0000000fef700000,0x0000000fef800000] [id=16340]
  0x000001d3eec62000 ConcurrentGCThread "G1 Refine#1" [stack: 0x0000000ff1000000,0x0000000ff1100000] [id=9460]
  0x000001d341671800 ConcurrentGCThread "G1 Young RemSet Sampling" [stack: 0x0000000fef800000,0x0000000fef900000] [id=496]

Threads with active compile tasks:
C2 CompilerThread1    15292 3862 %     4       org.jetbrains.coverage.org.objectweb.asm.ClassReader::readCode @ 71 (5089 bytes)

VM state:not at safepoint (normal execution)

VM Mutex/Monitor currently owned by a thread: None

Heap address: 0x0000000081400000, size: 2028 MB, Compressed Oops mode: 32-bit
Narrow klass base: 0x0000000800000000, Narrow klass shift: 3
Compressed class space size: 1073741824 Address: 0x0000000800b30000

Heap:
 garbage-first heap   total 99328K, used 65746K [0x0000000081400000, 0x0000000100000000)
  region size 1024K, 32 young (32768K), 4 survivors (4096K)
 Metaspace       used 29798K, capacity 31232K, committed 31484K, reserved 1075200K
  class space    used 4278K, capacity 4898K, committed 4940K, reserved 1048576K
Heap Regions: E=young(eden), S=young(survivor), O=old, HS=humongous(starts), HC=humongous(continues), CS=collection set, F=free, OA=open archive, CA=closed archive, TAMS=top-at-mark-start (previous, next)
|   0|0x0000000081400000, 0x0000000081500000, 0x0000000081500000|100%| O|  |TAMS 0x0000000081500000, 0x0000000081400000| Untracked 
|   1|0x0000000081500000, 0x0000000081600000, 0x0000000081600000|100%| O|  |TAMS 0x0000000081600000, 0x0000000081500000| Untracked 
|   2|0x0000000081600000, 0x0000000081700000, 0x0000000081700000|100%| O|  |TAMS 0x0000000081700000, 0x0000000081600000| Untracked 
|   3|0x0000000081700000, 0x0000000081800000, 0x0000000081800000|100%| O|  |TAMS 0x0000000081800000, 0x0000000081700000| Untracked 
|   4|0x0000000081800000, 0x0000000081900000, 0x0000000081900000|100%|HS|  |TAMS 0x0000000081900000, 0x0000000081800000| Complete 
|   5|0x0000000081900000, 0x0000000081a00000, 0x0000000081a00000|100%| O|  |TAMS 0x0000000081a00000, 0x0000000081900000| Untracked 
|   6|0x0000000081a00000, 0x0000000081b00000, 0x0000000081b00000|100%| O|  |TAMS 0x0000000081b00000, 0x0000000081a00000| Untracked 
|   7|0x0000000081b00000, 0x0000000081c00000, 0x0000000081c00000|100%| O|  |TAMS 0x0000000081b00000, 0x0000000081b00000| Untracked 
|   8|0x0000000081c00000, 0x0000000081d00000, 0x0000000081d00000|100%| O|  |TAMS 0x0000000081c00000, 0x0000000081c00000| Untracked 
|   9|0x0000000081d00000, 0x0000000081e00000, 0x0000000081e00000|100%| O|  |TAMS 0x0000000081d00000, 0x0000000081d00000| Untracked 
|  10|0x0000000081e00000, 0x0000000081f00000, 0x0000000081f00000|100%| O|  |TAMS 0x0000000081e00000, 0x0000000081e00000| Untracked 
|  11|0x0000000081f00000, 0x0000000082000000, 0x0000000082000000|100%| O|  |TAMS 0x0000000081f00000, 0x0000000081f00000| Untracked 
|  12|0x0000000082000000, 0x0000000082100000, 0x0000000082100000|100%| O|  |TAMS 0x0000000082100000, 0x0000000082000000| Untracked 
|  13|0x0000000082100000, 0x0000000082200000, 0x0000000082200000|100%| O|  |TAMS 0x0000000082200000, 0x0000000082100000| Untracked 
|  14|0x0000000082200000, 0x0000000082300000, 0x0000000082300000|100%| O|  |TAMS 0x0000000082300000, 0x0000000082200000| Untracked 
|  15|0x0000000082300000, 0x0000000082400000, 0x0000000082400000|100%| O|  |TAMS 0x0000000082400000, 0x0000000082300000| Untracked 
|  16|0x0000000082400000, 0x0000000082500000, 0x0000000082500000|100%| O|  |TAMS 0x0000000082500000, 0x0000000082400000| Untracked 
|  17|0x0000000082500000, 0x0000000082600000, 0x0000000082600000|100%| O|  |TAMS 0x0000000082600000, 0x0000000082500000| Untracked 
|  18|0x0000000082600000, 0x0000000082700000, 0x0000000082700000|100%| O|  |TAMS 0x0000000082700000, 0x0000000082600000| Untracked 
|  19|0x0000000082700000, 0x0000000082800000, 0x0000000082800000|100%| O|  |TAMS 0x0000000082800000, 0x0000000082700000| Untracked 
|  20|0x0000000082800000, 0x0000000082900000, 0x0000000082900000|100%| O|  |TAMS 0x0000000082900000, 0x0000000082800000| Untracked 
|  21|0x0000000082900000, 0x00000000829d0200, 0x0000000082a00000| 81%| O|  |TAMS 0x00000000829d0200, 0x0000000082900000| Untracked 
|  22|0x0000000082a00000, 0x0000000082b00000, 0x0000000082b00000|100%| O|  |TAMS 0x0000000082a00000, 0x0000000082a00000| Untracked 
|  23|0x0000000082b00000, 0x0000000082c00000, 0x0000000082c00000|100%| O|  |TAMS 0x0000000082b00000, 0x0000000082b00000| Untracked 
|  24|0x0000000082c00000, 0x0000000082d00000, 0x0000000082d00000|100%| O|  |TAMS 0x0000000082c00000, 0x0000000082c00000| Untracked 
|  25|0x0000000082d00000, 0x0000000082e00000, 0x0000000082e00000|100%| O|  |TAMS 0x0000000082d00000, 0x0000000082d00000| Untracked 
|  26|0x0000000082e00000, 0x0000000082f00000, 0x0000000082f00000|100%| O|  |TAMS 0x0000000082e00000, 0x0000000082e00000| Untracked 
|  27|0x0000000082f00000, 0x0000000083000000, 0x0000000083000000|100%| O|  |TAMS 0x0000000082f00000, 0x0000000082f00000| Untracked 
|  28|0x0000000083000000, 0x0000000083064800, 0x0000000083100000| 39%| O|  |TAMS 0x0000000083000000, 0x0000000083000000| Untracked 
|  29|0x0000000083100000, 0x0000000083200000, 0x0000000083200000|100%|HS|  |TAMS 0x0000000083100000, 0x0000000083100000| Complete 
|  30|0x0000000083200000, 0x0000000083300000, 0x0000000083300000|100%|HC|  |TAMS 0x0000000083200000, 0x0000000083200000| Complete 
|  31|0x0000000083300000, 0x0000000083400000, 0x0000000083400000|100%|HC|  |TAMS 0x0000000083300000, 0x0000000083300000| Complete 
|  32|0x0000000083400000, 0x0000000083500000, 0x0000000083500000|100%|HS|  |TAMS 0x0000000083400000, 0x0000000083400000| Complete 
|  33|0x0000000083500000, 0x0000000083600000, 0x0000000083600000|100%|HS|  |TAMS 0x0000000083500000, 0x0000000083500000| Complete 
|  34|0x0000000083600000, 0x0000000083600000, 0x0000000083700000|  0%| F|  |TAMS 0x0000000083600000, 0x0000000083600000| Untracked 
|  35|0x0000000083700000, 0x0000000083700000, 0x0000000083800000|  0%| F|  |TAMS 0x0000000083700000, 0x0000000083700000| Untracked 
|  36|0x0000000083800000, 0x0000000083800000, 0x0000000083900000|  0%| F|  |TAMS 0x0000000083800000, 0x0000000083800000| Untracked 
|  37|0x0000000083900000, 0x0000000083900000, 0x0000000083a00000|  0%| F|  |TAMS 0x0000000083900000, 0x0000000083900000| Untracked 
|  38|0x0000000083a00000, 0x0000000083b00000, 0x0000000083b00000|100%| S|CS|TAMS 0x0000000083a00000, 0x0000000083a00000| Complete 
|  39|0x0000000083b00000, 0x0000000083c00000, 0x0000000083c00000|100%| S|CS|TAMS 0x0000000083b00000, 0x0000000083b00000| Complete 
|  40|0x0000000083c00000, 0x0000000083d00000, 0x0000000083d00000|100%| S|CS|TAMS 0x0000000083c00000, 0x0000000083c00000| Complete 
|  41|0x0000000083d00000, 0x0000000083e00000, 0x0000000083e00000|100%| S|CS|TAMS 0x0000000083d00000, 0x0000000083d00000| Complete 
|  42|0x0000000083e00000, 0x0000000083e00000, 0x0000000083f00000|  0%| F|  |TAMS 0x0000000083e00000, 0x0000000083e00000| Untracked 
|  43|0x0000000083f00000, 0x0000000083f00000, 0x0000000084000000|  0%| F|  |TAMS 0x0000000083f00000, 0x0000000083f00000| Untracked 
|  44|0x0000000084000000, 0x0000000084000000, 0x0000000084100000|  0%| F|  |TAMS 0x0000000084000000, 0x0000000084000000| Untracked 
|  45|0x0000000084100000, 0x0000000084100000, 0x0000000084200000|  0%| F|  |TAMS 0x0000000084100000, 0x0000000084100000| Untracked 
|  46|0x0000000084200000, 0x0000000084200000, 0x0000000084300000|  0%| F|  |TAMS 0x0000000084200000, 0x0000000084200000| Untracked 
|  47|0x0000000084300000, 0x0000000084300000, 0x0000000084400000|  0%| F|  |TAMS 0x0000000084300000, 0x0000000084300000| Untracked 
|  48|0x0000000084400000, 0x0000000084400000, 0x0000000084500000|  0%| F|  |TAMS 0x0000000084400000, 0x0000000084400000| Untracked 
|  49|0x0000000084500000, 0x0000000084500000, 0x0000000084600000|  0%| F|  |TAMS 0x0000000084500000, 0x0000000084500000| Untracked 
|  50|0x0000000084600000, 0x0000000084600000, 0x0000000084700000|  0%| F|  |TAMS 0x0000000084600000, 0x0000000084600000| Untracked 
|  51|0x0000000084700000, 0x0000000084700000, 0x0000000084800000|  0%| F|  |TAMS 0x0000000084700000, 0x0000000084700000| Untracked 
|  52|0x0000000084800000, 0x0000000084800000, 0x0000000084900000|  0%| F|  |TAMS 0x0000000084800000, 0x0000000084800000| Untracked 
|  53|0x0000000084900000, 0x0000000084900000, 0x0000000084a00000|  0%| F|  |TAMS 0x0000000084900000, 0x0000000084900000| Untracked 
|  54|0x0000000084a00000, 0x0000000084a00000, 0x0000000084b00000|  0%| F|  |TAMS 0x0000000084a00000, 0x0000000084a00000| Untracked 
|  55|0x0000000084b00000, 0x0000000084b00000, 0x0000000084c00000|  0%| F|  |TAMS 0x0000000084b00000, 0x0000000084b00000| Untracked 
|  56|0x0000000084c00000, 0x0000000084c00000, 0x0000000084d00000|  0%| F|  |TAMS 0x0000000084c00000, 0x0000000084c00000| Untracked 
|  57|0x0000000084d00000, 0x0000000084d00000, 0x0000000084e00000|  0%| F|  |TAMS 0x0000000084d00000, 0x0000000084d00000| Untracked 
|  58|0x0000000084e00000, 0x0000000084e00000, 0x0000000084f00000|  0%| F|  |TAMS 0x0000000084e00000, 0x0000000084e00000| Untracked 
|  59|0x0000000084f00000, 0x0000000084f00000, 0x0000000085000000|  0%| F|  |TAMS 0x0000000084f00000, 0x0000000084f00000| Untracked 
|  60|0x0000000085000000, 0x0000000085000000, 0x0000000085100000|  0%| F|  |TAMS 0x0000000085000000, 0x0000000085000000| Untracked 
|  61|0x0000000085100000, 0x0000000085100000, 0x0000000085200000|  0%| F|  |TAMS 0x0000000085100000, 0x0000000085100000| Untracked 
|  62|0x0000000085200000, 0x0000000085200000, 0x0000000085300000|  0%| F|  |TAMS 0x0000000085200000, 0x0000000085200000| Untracked 
|  63|0x0000000085300000, 0x0000000085300000, 0x0000000085400000|  0%| F|  |TAMS 0x0000000085300000, 0x0000000085300000| Untracked 
|  64|0x0000000085400000, 0x0000000085400000, 0x0000000085500000|  0%| F|  |TAMS 0x0000000085400000, 0x0000000085400000| Untracked 
|  65|0x0000000085500000, 0x0000000085500000, 0x0000000085600000|  0%| F|  |TAMS 0x0000000085500000, 0x0000000085500000| Untracked 
|  66|0x0000000085600000, 0x0000000085600000, 0x0000000085700000|  0%| F|  |TAMS 0x0000000085600000, 0x0000000085600000| Untracked 
|  67|0x0000000085700000, 0x0000000085700000, 0x0000000085800000|  0%| F|  |TAMS 0x0000000085700000, 0x0000000085700000| Untracked 
|  68|0x0000000085800000, 0x0000000085800800, 0x0000000085900000|  0%| E|  |TAMS 0x0000000085800000, 0x0000000085800000| Complete 
|  69|0x0000000085900000, 0x0000000085a00000, 0x0000000085a00000|100%| E|CS|TAMS 0x0000000085900000, 0x0000000085900000| Complete 
|  70|0x0000000085a00000, 0x0000000085b00000, 0x0000000085b00000|100%| E|CS|TAMS 0x0000000085a00000, 0x0000000085a00000| Complete 
|  71|0x0000000085b00000, 0x0000000085c00000, 0x0000000085c00000|100%| E|CS|TAMS 0x0000000085b00000, 0x0000000085b00000| Complete 
|  72|0x0000000085c00000, 0x0000000085d00000, 0x0000000085d00000|100%| E|CS|TAMS 0x0000000085c00000, 0x0000000085c00000| Complete 
|  73|0x0000000085d00000, 0x0000000085e00000, 0x0000000085e00000|100%| E|CS|TAMS 0x0000000085d00000, 0x0000000085d00000| Complete 
|  74|0x0000000085e00000, 0x0000000085f00000, 0x0000000085f00000|100%| E|CS|TAMS 0x0000000085e00000, 0x0000000085e00000| Complete 
|  75|0x0000000085f00000, 0x0000000086000000, 0x0000000086000000|100%| E|CS|TAMS 0x0000000085f00000, 0x0000000085f00000| Complete 
|  76|0x0000000086000000, 0x0000000086100000, 0x0000000086100000|100%| E|CS|TAMS 0x0000000086000000, 0x0000000086000000| Complete 
|  77|0x0000000086100000, 0x0000000086200000, 0x0000000086200000|100%| E|  |TAMS 0x0000000086100000, 0x0000000086100000| Complete 
|  78|0x0000000086200000, 0x0000000086300000, 0x0000000086300000|100%| E|CS|TAMS 0x0000000086200000, 0x0000000086200000| Complete 
|  79|0x0000000086300000, 0x0000000086400000, 0x0000000086400000|100%| E|CS|TAMS 0x0000000086300000, 0x0000000086300000| Complete 
|  80|0x0000000086400000, 0x0000000086500000, 0x0000000086500000|100%| E|CS|TAMS 0x0000000086400000, 0x0000000086400000| Complete 
|  81|0x0000000086500000, 0x0000000086600000, 0x0000000086600000|100%| E|CS|TAMS 0x0000000086500000, 0x0000000086500000| Complete 
|  82|0x0000000086600000, 0x0000000086700000, 0x0000000086700000|100%| E|CS|TAMS 0x0000000086600000, 0x0000000086600000| Complete 
|  83|0x0000000086700000, 0x0000000086800000, 0x0000000086800000|100%| E|CS|TAMS 0x0000000086700000, 0x0000000086700000| Complete 
|  84|0x0000000086800000, 0x0000000086900000, 0x0000000086900000|100%| E|CS|TAMS 0x0000000086800000, 0x0000000086800000| Complete 
|  85|0x0000000086900000, 0x0000000086a00000, 0x0000000086a00000|100%| E|CS|TAMS 0x0000000086900000, 0x0000000086900000| Complete 
|  86|0x0000000086a00000, 0x0000000086b00000, 0x0000000086b00000|100%| E|CS|TAMS 0x0000000086a00000, 0x0000000086a00000| Complete 
|  87|0x0000000086b00000, 0x0000000086c00000, 0x0000000086c00000|100%| E|CS|TAMS 0x0000000086b00000, 0x0000000086b00000| Complete 
| 145|0x000000008a500000, 0x000000008a600000, 0x000000008a600000|100%| E|CS|TAMS 0x000000008a500000, 0x000000008a500000| Complete 
| 146|0x000000008a600000, 0x000000008a700000, 0x000000008a700000|100%| E|CS|TAMS 0x000000008a600000, 0x000000008a600000| Complete 
| 147|0x000000008a700000, 0x000000008a800000, 0x000000008a800000|100%| E|CS|TAMS 0x000000008a700000, 0x000000008a700000| Complete 
| 148|0x000000008a800000, 0x000000008a900000, 0x000000008a900000|100%| E|CS|TAMS 0x000000008a800000, 0x000000008a800000| Complete 
| 149|0x000000008a900000, 0x000000008aa00000, 0x000000008aa00000|100%| E|CS|TAMS 0x000000008a900000, 0x000000008a900000| Complete 
| 150|0x000000008aa00000, 0x000000008ab00000, 0x000000008ab00000|100%| E|CS|TAMS 0x000000008aa00000, 0x000000008aa00000| Complete 
| 152|0x000000008ac00000, 0x000000008ad00000, 0x000000008ad00000|100%| E|CS|TAMS 0x000000008ac00000, 0x000000008ac00000| Complete 
| 153|0x000000008ad00000, 0x000000008ae00000, 0x000000008ae00000|100%| E|CS|TAMS 0x000000008ad00000, 0x000000008ad00000| Complete 
|2027|0x00000000fff00000, 0x0000000100000000, 0x0000000100000000|100%| O|  |TAMS 0x00000000fff00000, 0x00000000fff00000| Untracked 

Card table byte_map: [0x000001d359420000,0x000001d359820000] _byte_map_base: 0x000001d359016000

Marking Bits (Prev, Next): (CMBitMap*) 0x000001d3415df578, (CMBitMap*) 0x000001d3415df538
 Prev Bits: [0x000001d35bbd0000, 0x000001d35db80000)
 Next Bits: [0x000001d359c20000, 0x000001d35bbd0000)

Polling page: 0x000001d33f530000

Metaspace:

Usage:
  Non-class:     25.72 MB capacity,    24.92 MB ( 97%) used,   687.51 KB (  3%) free+waste,   126.75 KB ( <1%) overhead. 
      Class:      4.78 MB capacity,     4.18 MB ( 87%) used,   530.42 KB ( 11%) free+waste,    88.63 KB (  2%) overhead. 
       Both:     30.50 MB capacity,    29.10 MB ( 95%) used,     1.19 MB (  4%) free+waste,   215.38 KB ( <1%) overhead. 

Virtual space:
  Non-class space:       26.00 MB reserved,      25.92 MB (>99%) committed 
      Class space:        1.00 GB reserved,       4.82 MB ( <1%) committed 
             Both:        1.03 GB reserved,      30.75 MB (  3%) committed 

Chunk freelists:
   Non-Class:  18.00 KB
       Class:  0 bytes
        Both:  18.00 KB

MaxMetaspaceSize: 17179869184.00 GB
CompressedClassSpaceSize: 1.00 GB

CodeHeap 'non-profiled nmethods': size=120000Kb used=3126Kb max_used=3126Kb free=116874Kb
 bounds [0x000001d351af0000, 0x000001d351e00000, 0x000001d359020000]
CodeHeap 'profiled nmethods': size=120000Kb used=15811Kb max_used=15811Kb free=104188Kb
 bounds [0x000001d34a5c0000, 0x000001d34b540000, 0x000001d351af0000]
CodeHeap 'non-nmethods': size=5760Kb used=1375Kb max_used=1430Kb free=4384Kb
 bounds [0x000001d34a020000, 0x000001d34a290000, 0x000001d34a5c0000]
 total_blobs=3747 nmethods=3054 adapters=605
 compilation: enabled
              stopped_count=0, restarted_count=0
 full_count=0

Compilation events (20 events):
Event: 14.980 Thread 0x000001d360074000 3886       3       java.io.DataOutputStream::incCount (20 bytes)
Event: 14.980 Thread 0x000001d360074000 nmethod 3886 0x000001d34b52eb10 code [0x000001d34b52eca0, 0x000001d34b52edf8]
Event: 14.980 Thread 0x000001d360074000 3888  s    3       java.io.BufferedOutputStream::write (67 bytes)
Event: 14.981 Thread 0x000001d360074000 nmethod 3888 0x000001d34b52ee90 code [0x000001d34b52f080, 0x000001d34b52f8f8]
Event: 14.981 Thread 0x000001d360074000 3889  s    3       java.io.DataOutputStream::write (16 bytes)
Event: 14.981 Thread 0x000001d360074000 nmethod 3889 0x000001d34b52fb10 code [0x000001d34b52fcc0, 0x000001d34b530108]
Event: 14.981 Thread 0x000001d360074000 3890       3       java.io.DataOutputStream::writeUTF (7 bytes)
Event: 14.981 Thread 0x000001d360074000 nmethod 3890 0x000001d34b530210 code [0x000001d34b5303c0, 0x000001d34b530508]
Event: 14.981 Thread 0x000001d360074000 3891       3       java.io.DataOutputStream::writeByte (14 bytes)
Event: 14.982 Thread 0x000001d360074000 nmethod 3891 0x000001d34b530590 code [0x000001d34b530740, 0x000001d34b5309e8]
Event: 14.982 Thread 0x000001d360074000 3892       3       java.io.DataOutputStream::writeInt (65 bytes)
Event: 14.982 Thread 0x000001d360074000 nmethod 3892 0x000001d34b530b10 code [0x000001d34b530d00, 0x000001d34b531278]
Event: 14.984 Thread 0x000001d36006f800 nmethod 3855% 0x000001d351debb10 code [0x000001d351dec8c0, 0x000001d351df17b0]
Event: 14.985 Thread 0x000001d360074000 3893       3       java.util.Calendar::internalSet (8 bytes)
Event: 14.985 Thread 0x000001d36006f800 3868       4       java.util.HashMap$HashIterator::nextNode (100 bytes)
Event: 14.985 Thread 0x000001d360074000 nmethod 3893 0x000001d34b531410 code [0x000001d34b5315a0, 0x000001d34b5316f8]
Event: 14.987 Thread 0x000001d360074000 3894       3       jdk.internal.org.objectweb.asm.FieldWriter::visitEnd (1 bytes)
Event: 14.987 Thread 0x000001d360074000 nmethod 3894 0x000001d34b531810 code [0x000001d34b5319a0, 0x000001d34b531ab8]
Event: 14.993 Thread 0x000001d36006f800 nmethod 3868 0x000001d351df4a90 code [0x000001d351df4c60, 0x000001d351df50f8]
Event: 14.993 Thread 0x000001d36006f800 3878       4       org.jetbrains.coverage.org.objectweb.asm.ClassReader::readField (667 bytes)

GC Heap History (16 events):
Event: 0.604 GC heap before
{Heap before GC invocations=0 (full 0):
 garbage-first heap   total 131072K, used 13312K [0x0000000081400000, 0x0000000100000000)
  region size 1024K, 13 young (13312K), 0 survivors (0K)
 Metaspace       used 2392K, capacity 5233K, committed 5376K, reserved 1056768K
  class space    used 185K, capacity 493K, committed 512K, reserved 1048576K
}
Event: 0.610 GC heap after
{Heap after GC invocations=1 (full 0):
 garbage-first heap   total 131072K, used 3453K [0x0000000081400000, 0x0000000100000000)
  region size 1024K, 2 young (2048K), 2 survivors (2048K)
 Metaspace       used 2392K, capacity 5233K, committed 5376K, reserved 1056768K
  class space    used 185K, capacity 493K, committed 512K, reserved 1048576K
}
Event: 1.119 GC heap before
{Heap before GC invocations=1 (full 0):
 garbage-first heap   total 131072K, used 14717K [0x0000000081400000, 0x0000000100000000)
  region size 1024K, 14 young (14336K), 2 survivors (2048K)
 Metaspace       used 3667K, capacity 6101K, committed 6272K, reserved 1056768K
  class space    used 278K, capacity 552K, committed 640K, reserved 1048576K
}
Event: 1.125 GC heap after
{Heap after GC invocations=2 (full 0):
 garbage-first heap   total 131072K, used 4519K [0x0000000081400000, 0x0000000100000000)
  region size 1024K, 1 young (1024K), 1 survivors (1024K)
 Metaspace       used 3667K, capacity 6101K, committed 6272K, reserved 1056768K
  class space    used 278K, capacity 552K, committed 640K, reserved 1048576K
}
Event: 1.904 GC heap before
{Heap before GC invocations=2 (full 0):
 garbage-first heap   total 131072K, used 27047K [0x0000000081400000, 0x0000000100000000)
  region size 1024K, 24 young (24576K), 1 survivors (1024K)
 Metaspace       used 6423K, capacity 7918K, committed 8064K, reserved 1056768K
  class space    used 593K, capacity 858K, committed 896K, reserved 1048576K
}
Event: 1.909 GC heap after
{Heap after GC invocations=3 (full 0):
 garbage-first heap   total 131072K, used 6672K [0x0000000081400000, 0x0000000100000000)
  region size 1024K, 3 young (3072K), 3 survivors (3072K)
 Metaspace       used 6423K, capacity 7918K, committed 8064K, reserved 1056768K
  class space    used 593K, capacity 858K, committed 896K, reserved 1048576K
}
Event: 3.625 GC heap before
{Heap before GC invocations=3 (full 0):
 garbage-first heap   total 131072K, used 82448K [0x0000000081400000, 0x0000000100000000)
  region size 1024K, 76 young (77824K), 3 survivors (3072K)
 Metaspace       used 14875K, capacity 15345K, committed 15488K, reserved 1062912K
  class space    used 1632K, capacity 1906K, committed 1920K, reserved 1048576K
}
Event: 3.644 GC heap after
{Heap after GC invocations=4 (full 0):
 garbage-first heap   total 131072K, used 17026K [0x0000000081400000, 0x0000000100000000)
  region size 1024K, 10 young (10240K), 10 survivors (10240K)
 Metaspace       used 14875K, capacity 15345K, committed 15488K, reserved 1062912K
  class space    used 1632K, capacity 1906K, committed 1920K, reserved 1048576K
}
Event: 8.683 GC heap before
{Heap before GC invocations=4 (full 0):
 garbage-first heap   total 131072K, used 88706K [0x0000000081400000, 0x0000000100000000)
  region size 1024K, 76 young (77824K), 10 survivors (10240K)
 Metaspace       used 20294K, capacity 21143K, committed 21296K, reserved 1067008K
  class space    used 2702K, capacity 3153K, committed 3200K, reserved 1048576K
}
Event: 8.707 GC heap after
{Heap after GC invocations=5 (full 0):
 garbage-first heap   total 157696K, used 24353K [0x0000000081400000, 0x0000000100000000)
  region size 1024K, 7 young (7168K), 7 survivors (7168K)
 Metaspace       used 20294K, capacity 21143K, committed 21296K, reserved 1067008K
  class space    used 2702K, capacity 3153K, committed 3200K, reserved 1048576K
}
Event: 8.763 GC heap before
{Heap before GC invocations=5 (full 0):
 garbage-first heap   total 157696K, used 26401K [0x0000000081400000, 0x0000000100000000)
  region size 1024K, 10 young (10240K), 7 survivors (7168K)
 Metaspace       used 20341K, capacity 21143K, committed 21296K, reserved 1067008K
  class space    used 2702K, capacity 3153K, committed 3200K, reserved 1048576K
}
Event: 8.772 GC heap after
{Heap after GC invocations=6 (full 0):
 garbage-first heap   total 157696K, used 23360K [0x0000000081400000, 0x0000000100000000)
  region size 1024K, 6 young (6144K), 6 survivors (6144K)
 Metaspace       used 20341K, capacity 21143K, committed 21296K, reserved 1067008K
  class space    used 2702K, capacity 3153K, committed 3200K, reserved 1048576K
}
Event: 9.891 GC heap before
{Heap before GC invocations=7 (full 0):
 garbage-first heap   total 86016K, used 85824K [0x0000000081400000, 0x0000000100000000)
  region size 1024K, 67 young (68608K), 6 survivors (6144K)
 Metaspace       used 25484K, capacity 26496K, committed 26748K, reserved 1071104K
  class space    used 3661K, capacity 4239K, committed 4300K, reserved 1048576K
}
Event: 9.912 GC heap after
{Heap after GC invocations=8 (full 0):
 garbage-first heap   total 99328K, used 30032K [0x0000000081400000, 0x0000000100000000)
  region size 1024K, 12 young (12288K), 12 survivors (12288K)
 Metaspace       used 25484K, capacity 26496K, committed 26748K, reserved 1071104K
  class space    used 3661K, capacity 4239K, committed 4300K, reserved 1048576K
}
Event: 12.100 GC heap before
{Heap before GC invocations=8 (full 0):
 garbage-first heap   total 99328K, used 73040K [0x0000000081400000, 0x0000000100000000)
  region size 1024K, 54 young (55296K), 12 survivors (12288K)
 Metaspace       used 27789K, capacity 29049K, committed 29180K, reserved 1075200K
  class space    used 3813K, capacity 4398K, committed 4428K, reserved 1048576K
}
Event: 12.129 GC heap after
{Heap after GC invocations=9 (full 0):
 garbage-first heap   total 99328K, used 34002K [0x0000000081400000, 0x0000000100000000)
  region size 1024K, 4 young (4096K), 4 survivors (4096K)
 Metaspace       used 27789K, capacity 29049K, committed 29180K, reserved 1075200K
  class space    used 3813K, capacity 4398K, committed 4428K, reserved 1048576K
}

Deoptimization events (20 events):
Event: 14.849 Thread 0x000001d341596800 DEOPT PACKING pc=0x000001d34b5068bc sp=0x0000000fef2fe860
Event: 14.849 Thread 0x000001d341596800 DEOPT UNPACKING pc=0x000001d34a06964e sp=0x0000000fef2fdea8 mode 0
Event: 14.854 Thread 0x000001d341596800 DEOPT PACKING pc=0x000001d34b5068bc sp=0x0000000fef2fe860
Event: 14.854 Thread 0x000001d341596800 DEOPT UNPACKING pc=0x000001d34a06964e sp=0x0000000fef2fdea8 mode 0
Event: 14.859 Thread 0x000001d341596800 DEOPT PACKING pc=0x000001d34b5068bc sp=0x0000000fef2fe860
Event: 14.859 Thread 0x000001d341596800 DEOPT UNPACKING pc=0x000001d34a06964e sp=0x0000000fef2fdea8 mode 0
Event: 14.865 Thread 0x000001d341596800 DEOPT PACKING pc=0x000001d34b5068bc sp=0x0000000fef2fe860
Event: 14.865 Thread 0x000001d341596800 DEOPT UNPACKING pc=0x000001d34a06964e sp=0x0000000fef2fdea8 mode 0
Event: 14.868 Thread 0x000001d341596800 DEOPT PACKING pc=0x000001d34b5068bc sp=0x0000000fef2fe860
Event: 14.868 Thread 0x000001d341596800 DEOPT UNPACKING pc=0x000001d34a06964e sp=0x0000000fef2fdea8 mode 0
Event: 14.872 Thread 0x000001d341596800 DEOPT PACKING pc=0x000001d34b5068bc sp=0x0000000fef2fe860
Event: 14.872 Thread 0x000001d341596800 DEOPT UNPACKING pc=0x000001d34a06964e sp=0x0000000fef2fdea8 mode 0
Event: 14.876 Thread 0x000001d341596800 DEOPT PACKING pc=0x000001d34b5068bc sp=0x0000000fef2fe860
Event: 14.876 Thread 0x000001d341596800 DEOPT UNPACKING pc=0x000001d34a06964e sp=0x0000000fef2fdea8 mode 0
Event: 14.879 Thread 0x000001d341596800 DEOPT PACKING pc=0x000001d34b5068bc sp=0x0000000fef2fe860
Event: 14.879 Thread 0x000001d341596800 DEOPT UNPACKING pc=0x000001d34a06964e sp=0x0000000fef2fdea8 mode 0
Event: 14.894 Thread 0x000001d341596800 DEOPT PACKING pc=0x000001d34b016da6 sp=0x0000000fef2fa740
Event: 14.894 Thread 0x000001d341596800 DEOPT UNPACKING pc=0x000001d34a06964e sp=0x0000000fef2f9db0 mode 0
Event: 14.947 Thread 0x000001d341596800 DEOPT PACKING pc=0x000001d34b016da6 sp=0x0000000fef2f63e0
Event: 14.947 Thread 0x000001d341596800 DEOPT UNPACKING pc=0x000001d34a06964e sp=0x0000000fef2f5a50 mode 0

Classes unloaded (0 events):
No events

Classes redefined (0 events):
No events

Internal exceptions (20 events):
Event: 4.353 Thread 0x000001d3636c8000 Exception <a 'java/lang/NoSuchMethodError'{0x00000000876065b8}: 'int java.lang.invoke.DirectMethodHandle$Holder.invokeStaticInit(java.lang.Object, java.lang.Object)'> (0x00000000876065b8) 
thrown [./src/hotspot/share/interpreter/linkResolver.cpp, line 766]
Event: 4.406 Thread 0x000001d341596800 Exception <a 'java/io/FileNotFoundException'{0x000000008741dc48}> (0x000000008741dc48) 
thrown [./src/hotspot/share/prims/jni.cpp, line 599]
Event: 4.960 Thread 0x000001d341596800 Exception <a 'java/io/FileNotFoundException'{0x0000000087361390}> (0x0000000087361390) 
thrown [./src/hotspot/share/prims/jni.cpp, line 599]
Event: 5.436 Thread 0x000001d341596800 Exception <a 'java/lang/IncompatibleClassChangeError'{0x00000000872e1948}: Found class java.lang.Object, but interface was expected> (0x00000000872e1948) 
thrown [./src/hotspot/share/interpreter/linkResolver.cpp, line 832]
Event: 7.979 Thread 0x000001d3636c8000 Exception <a 'java/lang/NoSuchMethodError'{0x000000008634e318}: 'float java.lang.invoke.DirectMethodHandle$Holder.invokeStaticInit(java.lang.Object, float)'> (0x000000008634e318) 
thrown [./src/hotspot/share/interpreter/linkResolver.cpp, line 766]
Event: 9.051 Thread 0x000001d3636c8000 Exception <a 'java/lang/NoSuchMethodError'{0x0000000085966d70}: 'int java.lang.invoke.DirectMethodHandle$Holder.invokeStaticInit(java.lang.Object)'> (0x0000000085966d70) 
thrown [./src/hotspot/share/interpreter/linkResolver.cpp, line 766]
Event: 9.277 Thread 0x000001d3636c8000 Exception <a 'java/lang/IncompatibleClassChangeError'{0x000000008515a458}: Found class java.lang.Object, but interface was expected> (0x000000008515a458) 
thrown [./src/hotspot/share/interpreter/linkResolver.cpp, line 832]
Event: 9.315 Thread 0x000001d3636c8000 Exception <a 'java/lang/NoSuchMethodError'{0x0000000085033578}: 'float java.lang.invoke.DirectMethodHandle$Holder.invokeStatic(java.lang.Object, java.lang.Object, float, float)'> (0x0000000085033578) 
thrown [./src/hotspot/share/interpreter/linkResolver.cpp, line 766]
Event: 9.753 Thread 0x000001d341596800 Exception <a 'java/lang/NoSuchMethodError'{0x00000000831afc30}: 'java.lang.Object java.lang.invoke.DirectMethodHandle$Holder.invokeStaticInit(java.lang.Object, java.lang.Object, java.lang.Object, java.lang.Object)'> (0x00000000831afc30) 
thrown [./src/hotspot/share/interpreter/linkResolver.cpp, line 766]
Event: 10.331 Thread 0x000001d341596800 Implicit null exception at 0x000001d351d0fd8d to 0x000001d351d1588c
Event: 12.509 Thread 0x000001d341596800 Exception <a 'java/lang/NoSuchMethodError'{0x0000000086624ca8}: 'void java.lang.invoke.DirectMethodHandle$Holder.invokeSpecial(java.lang.Object, java.lang.Object, java.lang.Object, java.lang.Object, java.lang.Object, java.lang.Object)'> (0x0000000086624ca8) 
thrown [./src/hotspot/share/interpreter/linkResolver.cpp, line 766]
Event: 12.510 Thread 0x000001d341596800 Exception <a 'java/lang/NoSuchMethodError'{0x000000008662bdc0}: 'java.lang.Object java.lang.invoke.Invokers$Holder.linkToTargetMethod(java.lang.Object, java.lang.Object, java.lang.Object, java.lang.Object, java.lang.Object, java.lang.Object)'> (0x000000008662bdc0) 
thrown [./src/hotspot/share/interpreter/linkResolver.cpp, line 766]
Event: 12.585 Thread 0x000001d3636c8000 Exception <a 'java/lang/NoSuchMethodError'{0x00000000866de658}: 'java.lang.Object java.lang.invoke.DirectMethodHandle$Holder.invokeStatic(java.lang.Object, java.lang.Object, java.lang.Object, int, int, java.lang.Object)'> (0x00000000866de658) 
thrown [./src/hotspot/share/interpreter/linkResolver.cpp, line 766]
Event: 12.586 Thread 0x000001d3636c8000 Exception <a 'java/lang/NoSuchMethodError'{0x00000000866e47d8}: 'java.lang.Object java.lang.invoke.Invokers$Holder.linkToTargetMethod(java.lang.Object, java.lang.Object, int, int, java.lang.Object, java.lang.Object)'> (0x00000000866e47d8) 
thrown [./src/hotspot/share/interpreter/linkResolver.cpp, line 766]
Event: 12.592 Thread 0x000001d3ef210000 Exception <a 'java/lang/NoSuchMethodError'{0x0000000086509758}: 'java.lang.Object java.lang.invoke.DirectMethodHandle$Holder.invokeStatic(java.lang.Object, java.lang.Object, java.lang.Object, int, java.lang.Object, java.lang.Object)'> (0x0000000086509758) 
thrown [./src/hotspot/share/interpreter/linkResolver.cpp, line 766]
Event: 12.594 Thread 0x000001d3608f6800 Exception <a 'java/lang/NoSuchMethodError'{0x0000000086549bc0}: 'java.lang.Object java.lang.invoke.DirectMethodHandle$Holder.invokeSpecial(java.lang.Object, java.lang.Object, java.lang.Object, java.lang.Object, int, java.lang.Object, java.lang.Object)'> (0x0000000086549bc0) 
thrown [./src/hotspot/share/interpreter/linkResolver.cpp, line 766]
Event: 12.601 Thread 0x000001d3608f6800 Exception <a 'java/lang/NoSuchMethodError'{0x000000008654c788}: 'java.lang.Object java.lang.invoke.Invokers$Holder.linkToTargetMethod(java.lang.Object, java.lang.Object, int, java.lang.Object, java.lang.Object, java.lang.Object)'> (0x000000008654c788) 
thrown [./src/hotspot/share/interpreter/linkResolver.cpp, line 766]
Event: 12.601 Thread 0x000001d3ef210000 Exception <a 'java/lang/NoSuchMethodError'{0x000000008650fb90}: 'java.lang.Object java.lang.invoke.Invokers$Holder.linkToTargetMethod(java.lang.Object, java.lang.Object, int, java.lang.Object, java.lang.Object, java.lang.Object)'> (0x000000008650fb90) 
thrown [./src/hotspot/share/interpreter/linkResolver.cpp, line 766]
Event: 14.974 Thread 0x000001d341596800 Exception <a 'java/lang/NullPointerException'{0x00000000859df2f0}> (0x00000000859df2f0) 
thrown [./src/hotspot/share/interpreter/linkResolver.cpp, line 1348]
Event: 14.974 Thread 0x000001d341596800 Exception <a 'java/lang/reflect/InvocationTargetException'{0x00000000859df868}> (0x00000000859df868) 
thrown [./src/hotspot/share/runtime/reflection.cpp, line 1188]

Events (20 events):
Event: 14.974 loading class arc/scene/Action
Event: 14.974 loading class arc/scene/Action done
Event: 14.974 loading class arc/func/Prov
Event: 14.974 loading class arc/func/Prov done
Event: 14.974 loading class arc/scene/Action
Event: 14.974 loading class arc/scene/Action done
Event: 14.975 loading class arc/func/Cons
Event: 14.975 loading class arc/func/Cons done
Event: 14.975 loading class arc/ApplicationListener
Event: 14.975 loading class arc/ApplicationListener done
Event: 14.986 loading class arc/net/DcReason
Event: 14.986 loading class arc/net/DcReason done
Event: 14.986 loading class arc/net/Server
Event: 14.986 loading class arc/net/Server done
Event: 14.987 loading class arc/util/async/AsyncTask
Event: 14.987 loading class arc/util/async/AsyncTask done
Event: 14.987 Thread 0x000001d3ee5bf000 Thread added: 0x000001d3ee5bf000
Event: 14.988 Executing VM operation: HandshakeOneThread
Event: 14.988 Executing VM operation: HandshakeOneThread done
Event: 14.988 Thread 0x000001d361b3b800 Thread exited: 0x000001d361b3b800


Dynamic libraries:
0x00007ff729530000 - 0x00007ff72953d000 	C:\Program Files\AdoptOpenJDK\jdk-14.0.2.12-hotspot\bin\java.exe
0x00007ffa25ff0000 - 0x00007ffa261e5000 	C:\WINDOWS\SYSTEM32\ntdll.dll
0x00007ffa256d0000 - 0x00007ffa2578d000 	C:\WINDOWS\System32\KERNEL32.DLL
0x00007ffa23bd0000 - 0x00007ffa23e98000 	C:\WINDOWS\System32\KERNELBASE.dll
0x00007ffa23730000 - 0x00007ffa23830000 	C:\WINDOWS\System32\ucrtbase.dll
0x00007ffa0aef0000 - 0x00007ffa0af08000 	C:\Program Files\AdoptOpenJDK\jdk-14.0.2.12-hotspot\bin\jli.dll
0x00007ffa07880000 - 0x00007ffa07895000 	C:\Program Files\AdoptOpenJDK\jdk-14.0.2.12-hotspot\bin\VCRUNTIME140.dll
0x00007ffa258d0000 - 0x00007ffa25a70000 	C:\WINDOWS\System32\USER32.dll
0x00007ffa23830000 - 0x00007ffa23852000 	C:\WINDOWS\System32\win32u.dll
0x00007ffa0fab0000 - 0x00007ffa0fd4a000 	C:\WINDOWS\WinSxS\amd64_microsoft.windows.common-controls_6595b64144ccf1df_6.0.19041.844_none_ca00b6081b84eb1d\COMCTL32.dll
0x00007ffa25f80000 - 0x00007ffa25faa000 	C:\WINDOWS\System32\GDI32.dll
0x00007ffa25630000 - 0x00007ffa256ce000 	C:\WINDOWS\System32\msvcrt.dll
0x00007ffa23f40000 - 0x00007ffa2404b000 	C:\WINDOWS\System32\gdi32full.dll
0x00007ffa23ea0000 - 0x00007ffa23f3d000 	C:\WINDOWS\System32\msvcp_win.dll
0x00007ffa258a0000 - 0x00007ffa258d0000 	C:\WINDOWS\System32\IMM32.DLL
0x00007ffa04e70000 - 0x00007ffa04f0b000 	C:\Program Files\AdoptOpenJDK\jdk-14.0.2.12-hotspot\bin\msvcp140.dll
0x00007ff9d2b90000 - 0x00007ff9d3724000 	C:\Program Files\AdoptOpenJDK\jdk-14.0.2.12-hotspot\bin\server\jvm.dll
0x00007ffa24f00000 - 0x00007ffa24fac000 	C:\WINDOWS\System32\ADVAPI32.dll
0x00007ffa25a70000 - 0x00007ffa25b0b000 	C:\WINDOWS\System32\sechost.dll
0x00007ffa25090000 - 0x00007ffa251bb000 	C:\WINDOWS\System32\RPCRT4.dll
0x00007ffa244f0000 - 0x00007ffa244f8000 	C:\WINDOWS\System32\PSAPI.DLL
0x00007ffa04cc0000 - 0x00007ffa04cc9000 	C:\WINDOWS\SYSTEM32\WSOCK32.dll
0x00007ffa25350000 - 0x00007ffa253bb000 	C:\WINDOWS\System32\WS2_32.dll
0x00007ffa15830000 - 0x00007ffa15857000 	C:\WINDOWS\SYSTEM32\WINMM.dll
0x00007ffa164f0000 - 0x00007ffa164fa000 	C:\WINDOWS\SYSTEM32\VERSION.dll
0x00007ffa22000000 - 0x00007ffa22012000 	C:\WINDOWS\SYSTEM32\kernel.appcore.dll
0x00007ffa1dfe0000 - 0x00007ffa1dfea000 	C:\Program Files\AdoptOpenJDK\jdk-14.0.2.12-hotspot\bin\jimage.dll
0x00007ffa19c90000 - 0x00007ffa19e74000 	C:\WINDOWS\SYSTEM32\DBGHELP.DLL
0x00007ffa19f40000 - 0x00007ffa19f6c000 	C:\WINDOWS\SYSTEM32\dbgcore.DLL
0x00007ffa23b20000 - 0x00007ffa23ba0000 	C:\WINDOWS\System32\bcryptPrimitives.dll
0x00007ffa1b490000 - 0x00007ffa1b49e000 	C:\Program Files\AdoptOpenJDK\jdk-14.0.2.12-hotspot\bin\instrument.dll
0x00007ffa07850000 - 0x00007ffa07875000 	C:\Program Files\AdoptOpenJDK\jdk-14.0.2.12-hotspot\bin\java.dll
0x00007ffa07830000 - 0x00007ffa07846000 	C:\Program Files\AdoptOpenJDK\jdk-14.0.2.12-hotspot\bin\zip.dll
0x00007ffa24700000 - 0x00007ffa24e42000 	C:\WINDOWS\System32\SHELL32.dll
0x00007ffa21860000 - 0x00007ffa21ff0000 	C:\WINDOWS\SYSTEM32\windows.storage.dll
0x00007ffa24190000 - 0x00007ffa244e5000 	C:\WINDOWS\System32\combase.dll
0x00007ffa231a0000 - 0x00007ffa231cc000 	C:\WINDOWS\SYSTEM32\Wldp.dll
0x00007ffa24e50000 - 0x00007ffa24efe000 	C:\WINDOWS\System32\SHCORE.dll
0x00007ffa25790000 - 0x00007ffa257e5000 	C:\WINDOWS\System32\shlwapi.dll
0x00007ffa23670000 - 0x00007ffa2368f000 	C:\WINDOWS\SYSTEM32\profapi.dll
0x00007ffa07810000 - 0x00007ffa07829000 	C:\Program Files\AdoptOpenJDK\jdk-14.0.2.12-hotspot\bin\net.dll
0x00007ffa16080000 - 0x00007ffa1618b000 	C:\WINDOWS\SYSTEM32\WINHTTP.dll
0x00007ffa22f10000 - 0x00007ffa22f7a000 	C:\WINDOWS\system32\mswsock.dll
0x00007ffa05450000 - 0x00007ffa05462000 	C:\Program Files\AdoptOpenJDK\jdk-14.0.2.12-hotspot\bin\nio.dll
0x0000000067ef0000 - 0x0000000067fb8000 	C:\Users\starw\AppData\Local\Temp\arc\5f24d8af\arc64.dll
0x0000000067d10000 - 0x0000000067eea000 	C:\Users\starw\AppData\Local\Temp\arc\87dfef74\sdl-arc64.dll
0x00007ffa25220000 - 0x00007ffa2534a000 	C:\WINDOWS\System32\ole32.dll
0x00007ffa24500000 - 0x00007ffa245cd000 	C:\WINDOWS\System32\OLEAUT32.dll
0x00007ffa25b10000 - 0x00007ffa25f79000 	C:\WINDOWS\System32\SETUPAPI.dll
0x00007ffa23860000 - 0x00007ffa238ae000 	C:\WINDOWS\System32\cfgmgr32.dll
0x00007ffa23ba0000 - 0x00007ffa23bc7000 	C:\WINDOWS\System32\bcrypt.dll
0x00007ffa065a0000 - 0x00007ffa066c6000 	C:\WINDOWS\SYSTEM32\OPENGL32.dll
0x00007ffa06530000 - 0x00007ffa0655c000 	C:\WINDOWS\SYSTEM32\GLU32.dll
0x00007ffa20dd0000 - 0x00007ffa20e6e000 	C:\WINDOWS\system32\uxtheme.dll
0x00007ffa245d0000 - 0x00007ffa246e5000 	C:\WINDOWS\System32\MSCTF.dll
0x00007ffa253c0000 - 0x00007ffa25469000 	C:\WINDOWS\System32\clbcatq.dll
0x00007ff9f3cc0000 - 0x00007ff9f4808000 	C:\WINDOWS\SYSTEM32\ig75icd64.dll
0x00007ffa17260000 - 0x00007ffa17ca0000 	C:\WINDOWS\SYSTEM32\igdusc64.dll
0x00007ffa1e580000 - 0x00007ffa1e594000 	C:\WINDOWS\SYSTEM32\WTSAPI32.dll
0x00007ffa21080000 - 0x00007ffa210af000 	C:\WINDOWS\SYSTEM32\dwmapi.dll
0x00007ffa19300000 - 0x00007ffa1933b000 	C:\WINDOWS\SYSTEM32\dxcore.dll
0x00007ffa22d20000 - 0x00007ffa22d6b000 	C:\WINDOWS\SYSTEM32\powrprof.dll
0x00007ffa22b90000 - 0x00007ffa22ba2000 	C:\WINDOWS\SYSTEM32\UMPDC.dll
0x00007ffa21740000 - 0x00007ffa21837000 	C:\WINDOWS\SYSTEM32\PROPSYS.dll
0x00007ffa16c30000 - 0x00007ffa16c96000 	C:\WINDOWS\SYSTEM32\OLEACC.dll
0x00007ffa139c0000 - 0x00007ffa13ab9000 	C:\WINDOWS\SYSTEM32\textinputframework.dll
0x00007ffa203c0000 - 0x00007ffa2071e000 	C:\WINDOWS\System32\CoreUIComponents.dll
0x00007ffa20aa0000 - 0x00007ffa20b92000 	C:\WINDOWS\System32\CoreMessaging.dll
0x00007ffa22470000 - 0x00007ffa224a3000 	C:\WINDOWS\SYSTEM32\ntmarta.dll
0x00007ffa1f3e0000 - 0x00007ffa1f534000 	C:\WINDOWS\SYSTEM32\wintypes.dll
0x00007ffa13e40000 - 0x00007ffa13e81000 	C:\Windows\System32\IME\IMEKR\imkrapi.dll
0x00007ffa1ee90000 - 0x00007ffa1ef30000 	C:\WINDOWS\SYSTEM32\policymanager.dll
0x00007ffa228d0000 - 0x00007ffa2295a000 	C:\WINDOWS\SYSTEM32\msvcp110_win.dll
0x00007ffa142d0000 - 0x00007ffa1430e000 	C:\Windows\System32\IME\shared\imjkapi.dll
0x00007ffa22070000 - 0x00007ffa22164000 	C:\WINDOWS\SYSTEM32\dxgi.dll
0x00007ffa1f9a0000 - 0x00007ffa1fc04000 	C:\WINDOWS\SYSTEM32\d3d11.dll
0x00007ffa1d210000 - 0x00007ffa1d295000 	C:\WINDOWS\System32\MMDevApi.dll
0x00007ffa23500000 - 0x00007ffa2352c000 	C:\WINDOWS\System32\DEVOBJ.dll
0x00007ffa1d2b0000 - 0x00007ffa1d431000 	C:\WINDOWS\SYSTEM32\AUDIOSES.DLL
0x00007ffa20f90000 - 0x00007ffa20fa4000 	C:\WINDOWS\SYSTEM32\resourcepolicyclient.dll
0x00007ffa230e0000 - 0x00007ffa230f8000 	C:\WINDOWS\SYSTEM32\CRYPTSP.dll
0x00007ffa22840000 - 0x00007ffa22874000 	C:\WINDOWS\system32\rsaenh.dll
0x00007ffa235f0000 - 0x00007ffa2361e000 	C:\WINDOWS\SYSTEM32\USERENV.dll
0x00007ffa23100000 - 0x00007ffa2310c000 	C:\WINDOWS\SYSTEM32\CRYPTBASE.dll
0x00007ffa22bb0000 - 0x00007ffa22beb000 	C:\WINDOWS\SYSTEM32\IPHLPAPI.DLL
0x00007ffa246f0000 - 0x00007ffa246f8000 	C:\WINDOWS\System32\NSI.dll
0x00007ffa192e0000 - 0x00007ffa192f7000 	C:\WINDOWS\SYSTEM32\dhcpcsvc6.DLL
0x00007ffa1a090000 - 0x00007ffa1a0ad000 	C:\WINDOWS\SYSTEM32\dhcpcsvc.DLL
0x00007ffa22c00000 - 0x00007ffa22ccc000 	C:\WINDOWS\SYSTEM32\DNSAPI.dll
0x0000000066f40000 - 0x0000000066fc3000 	C:\Users\starw\AppData\Local\Temp\liblz4-java-10591522667711310474.so
0x00007ffa1e2d0000 - 0x00007ffa1e37e000 	C:\WINDOWS\SYSTEM32\mscms.dll
0x00007ffa1e260000 - 0x00007ffa1e271000 	C:\WINDOWS\SYSTEM32\ColorAdapterClient.dll
0x00007ffa10700000 - 0x00007ffa10743000 	C:\WINDOWS\SYSTEM32\icm32.dll
0x0000000067ca0000 - 0x0000000067d07000 	C:\Users\starw\AppData\Local\Temp\arc\955ce679\arc-freetype64.dll

dbghelp: loaded successfully - version: 4.0.5 - missing functions: none
symbol engine: initialized successfully - sym options: 0x614 - pdb path: .;C:\Program Files\AdoptOpenJDK\jdk-14.0.2.12-hotspot\bin;C:\WINDOWS\SYSTEM32;C:\WINDOWS\WinSxS\amd64_microsoft.windows.common-controls_6595b64144ccf1df_6.0.19041.844_none_ca00b6081b84eb1d;C:\Program Files\AdoptOpenJDK\jdk-14.0.2.12-hotspot\bin\server;C:\Users\starw\AppData\Local\Temp\arc\5f24d8af;C:\Users\starw\AppData\Local\Temp\arc\87dfef74;C:\Windows\System32\IME\IMEKR;C:\Windows\System32\IME\shared;C:\Users\starw\AppData\Local\Temp;C:\Users\starw\AppData\Local\Temp\arc\955ce679

VM Arguments:
jvm_args: -javaagent:C:\Users\starw\AppData\Local\JetBrains\IdeaIC2020.3\testAgent\intellij-coverage-agent-1.0.573.jar=C:\Users\starw\AppData\Local\Temp\coverage1args -Dfile.encoding=x-windows-949 
java_command: C:\Users\starw\AppData\Roaming\Mindustry\be_builds\client-be-21177.jar
java_class_path (initial): C:\Users\starw\AppData\Roaming\Mindustry\be_builds\client-be-21177.jar
Launcher Type: SUN_STANDARD

[Global flags]
     intx CICompilerCount                          = 3                                         {product} {ergonomic}
     uint ConcGCThreads                            = 1                                         {product} {ergonomic}
     uint G1ConcRefinementThreads                  = 4                                         {product} {ergonomic}
   size_t G1HeapRegionSize                         = 1048576                                   {product} {ergonomic}
    uintx GCDrainStackTargetSize                   = 64                                        {product} {ergonomic}
   size_t InitialHeapSize                          = 134217728                                 {product} {ergonomic}
   size_t MarkStackSize                            = 4194304                                   {product} {ergonomic}
   size_t MaxHeapSize                              = 2126512128                                {product} {ergonomic}
   size_t MaxNewSize                               = 1275068416                                {product} {ergonomic}
   size_t MinHeapDeltaBytes                        = 1048576                                   {product} {ergonomic}
   size_t MinHeapSize                              = 8388608                                   {product} {ergonomic}
    uintx NonNMethodCodeHeapSize                   = 5832780                                {pd product} {ergonomic}
    uintx NonProfiledCodeHeapSize                  = 122912730                              {pd product} {ergonomic}
    uintx ProfiledCodeHeapSize                     = 122912730                              {pd product} {ergonomic}
    uintx ReservedCodeCacheSize                    = 251658240                              {pd product} {ergonomic}
     bool SegmentedCodeCache                       = true                                      {product} {ergonomic}
   size_t SoftMaxHeapSize                          = 2126512128                             {manageable} {ergonomic}
     bool UseCompressedClassPointers               = true                                 {lp64_product} {ergonomic}
     bool UseCompressedOops                        = true                                 {lp64_product} {ergonomic}
     bool UseG1GC                                  = true                                      {product} {ergonomic}
     bool UseLargePagesIndividualAllocation        = false                                  {pd product} {ergonomic}

Logging:
Log output configuration:
 #0: stdout all=warning uptime,level,tags
 #1: stderr all=off uptime,level,tags

Environment Variables:
JAVA_HOME=C:\Program Files\AdoptOpenJDK\jdk-14.0.2.12-hotspot\
PATH=C:\Program Files\AdoptOpenJDK\jdk-14.0.2.12-hotspot\bin;C:\Users\starw\AppData\Roaming\npm;C:\Program Files\nodejs\;C:\WINDOWS\system32;C:\WINDOWS;C:\WINDOWS\System32\Wbem;C:\WINDOWS\System32\WindowsPowerShell\v1.0\;C:\WINDOWS\System32\OpenSSH\;C:\Gradle\gradle-6.7.1\bin;C:\Android\cmdline-tools\bin;C:\Users\starw\ANDROID_HOME\build-tools\29.0.3;C:\Program Files\Git\cmd;C:\Users\starw\AppData\Local\Microsoft\WindowsApps;C:\Users\starw\AppData\Local\Programs\Microsoft VS Code\bin;C:\Users\starw\AppData\Local\atom\bin;C:\Users\starw\AppData\Local\GitHubDesktop\bin;C:\Users\starw\AppData\Roaming\npm;C:\Users\starw\AppData\Local\Microsoft\WindowsApps;;C:\Program Files\JetBrains\IntelliJ IDEA Community Edition 2020.3\bin;
USERNAME=sunny
OS=Windows_NT
PROCESSOR_IDENTIFIER=Intel64 Family 6 Model 69 Stepping 1, GenuineIntel



---------------  S Y S T E M  ---------------

OS: Windows 10 , 64 bit Build 19041 (10.0.19041.928)
OS uptime: 0 days 0:50 hours

CPU:total 4 (initial active 4) (2 cores per cpu, 2 threads per core) family 6 model 69 stepping 1, cmov, cx8, fxsr, mmx, sse, sse2, sse3, ssse3, sse4.1, sse4.2, popcnt, avx, avx2, aes, clmul, erms, lzcnt, ht, tsc, tscinvbit, bmi1, bmi2, fma

Memory: 4k page, system-wide physical 8106M (1957M free)
TotalPageFile size 14250M (AvailPageFile size 6783M)
current process WorkingSet (physical memory assigned to process): 927M, peak: 1041M
current process commit charge ("private bytes"): 1009M, peak: 1121M

vm_info: OpenJDK 64-Bit Server VM (14.0.2+12) for windows-amd64 JRE (14.0.2+12), built on Jul 15 2020 11:30:16 by "" with MS VC++ 15.9 (VS2017)

END.
