#
# A fatal error has been detected by the Java Runtime Environment:
#
#  EXCEPTION_ACCESS_VIOLATION (0xc0000005) at pc=0x00007ffa24634902, pid=5044, tid=8168
#
# JRE version: OpenJDK Runtime Environment AdoptOpenJDK (14.0.2+12) (build 14.0.2+12)
# Java VM: OpenJDK 64-Bit Server VM AdoptOpenJDK (14.0.2+12, mixed mode, sharing, tiered, compressed oops, g1 gc, windows-amd64)
# Problematic frame:
# C  [MSCTF.dll+0x64902]
#
# No core dump will be written. Minidumps are not enabled by default on client versions of Windows
#
# If you would like to submit a bug report, please visit:
#   https://github.com/AdoptOpenJDK/openjdk-support/issues
# The crash happened outside the Java Virtual Machine in native code.
# See problematic frame for where to report the bug.
#

---------------  S U M M A R Y ------------

Command Line: -agentlib:jdwp=transport=dt_socket,address=127.0.0.1:50030,suspend=y,server=n -javaagent:C:\Users\starw\AppData\Local\JetBrains\IdeaIC2020.3\groovyHotSwap\gragent.jar -javaagent:C:\Users\starw\AppData\Local\JetBrains\IdeaIC2020.3\captureAgent\debugger-agent.jar -Dfile.encoding=x-windows-949 C:\Users\starw\AppData\Roaming\Mindustry\be_builds\client-be-21177.jar

Host: Intel(R) Core(TM) i7-4500U CPU @ 1.80GHz, 4 cores, 7G,  Windows 10 , 64 bit Build 19041 (10.0.19041.928)
Time: Sun Jun 13 13:06:57 2021 대한민국 표준시 elapsed time: 9 seconds (0d 0h 0m 9s)

---------------  T H R E A D  ---------------

Current thread (0x00000239d38a8800):  JavaThread "main" [_thread_in_native, id=8168, stack(0x000000b538000000,0x000000b538100000)]

Stack: [0x000000b538000000,0x000000b538100000],  sp=0x000000b5380ff260,  free space=1020k
Native frames: (J=compiled Java code, j=interpreted, Vv=VM code, C=native code)
C  [MSCTF.dll+0x64902]

Java frames: (J=compiled Java code, j=interpreted, Vv=VM code)
j  arc.backend.sdl.jni.SDL.SDL_Quit()V+0
j  arc.backend.sdl.SdlApplication.cleanup()V+20
j  arc.backend.sdl.SdlApplication.<init>(Larc/ApplicationListener;Larc/backend/sdl/SdlConfig;)V+181
j  mindustry.desktop.DesktopLauncher.main([Ljava/lang/String;)V+23
v  ~StubRoutines::call_stub

siginfo: EXCEPTION_ACCESS_VIOLATION (0xc0000005), reading address 0x00007ffa052d4f40


Register to memory mapping:

RIP=0x00007ffa24634902 MSCTF.dll
RAX=0x00007ffa052d4f30 is an unknown value
RBX=0x00000239f2f0b290 points into unknown readable memory: 20 86 6a 24 fa 7f 00 00
RCX=0x00000239f30babd0 points into unknown readable memory: 30 4f 2d 05 fa 7f 00 00
RDX=0x0 is NULL
RSP=0x000000b5380ff260 is pointing into the stack for thread: 0x00000239d38a8800
RBP=0x000000b5380ff6a0 is pointing into the stack for thread: 0x00000239d38a8800
RSI=0x0 is NULL
RDI=0x00000239f2f86800 points into unknown readable memory: 80 5e 6a 24 fa 7f 00 00
R8 =0x0000000000000002 is an unknown value
R9 =0x0000000000000001 is an unknown value
R10=0x0 is NULL
R11=0x000000b5380ff1d0 is pointing into the stack for thread: 0x00000239d38a8800
R12=0x00000000000003ff is an unknown value
R13={method} {0x00000239f28868a8} 'SDL_Quit' '()V' in 'arc/backend/sdl/jni/SDL'
R14=0x0 is NULL
R15=0x0 is NULL


Registers:
RAX=0x00007ffa052d4f30, RBX=0x00000239f2f0b290, RCX=0x00000239f30babd0, RDX=0x0000000000000000
RSP=0x000000b5380ff260, RBP=0x000000b5380ff6a0, RSI=0x0000000000000000, RDI=0x00000239f2f86800
R8 =0x0000000000000002, R9 =0x0000000000000001, R10=0x0000000000000000, R11=0x000000b5380ff1d0
R12=0x00000000000003ff, R13=0x00000239f28868a0, R14=0x0000000000000000, R15=0x0000000000000000
RIP=0x00007ffa24634902, EFLAGS=0x0000000000210202

Top of Stack: (sp=0x000000b5380ff260)
0x000000b5380ff260:   0000023900000002 00000239f2f0b290
0x000000b5380ff270:   00000000ffffffff 00007ffa245e4e8c
0x000000b5380ff280:   00000239f2f0b290 00007ffa24634b42
0x000000b5380ff290:   0000000000000000 00000239f2f86800
0x000000b5380ff2a0:   0000000000000080 0000023900000000
0x000000b5380ff2b0:   0000000000000000 00007ffa24636f57
0x000000b5380ff2c0:   00000239f2f86800 00000239f28868a0
0x000000b5380ff2d0:   0000000000000000 00000239f2f86800
0x000000b5380ff2e0:   00000239f2f86800 00007ffa2461c2c2
0x000000b5380ff2f0:   00000239f2f0b290 000000b5380ff6a0
0x000000b5380ff300:   0000000000000001 00000239f2f86800
0x000000b5380ff310:   00000239f2f86800 00007ffa245f1cd8
0x000000b5380ff320:   0000023a33b871d0 000000b5380ff6a0
0x000000b5380ff330:   0000000000000001 0000000000000001
0x000000b5380ff340:   0000000000000101 0000000000000001
0x000000b5380ff350:   0000000100000001 0000000100000000 

Instructions: (pc=0x00007ffa24634902)
0x00007ffa24634802:   01 49 8b f8 48 89 51 10 48 8b d9 48 85 d2 74 10
0x00007ffa24634812:   48 8b 02 48 8b ca 48 8b 40 08 ff 15 ee 87 07 00
0x00007ffa24634822:   48 89 7b 18 48 85 ff 74 10 48 8b 07 48 8b cf 48
0x00007ffa24634832:   8b 40 08 ff 15 d5 87 07 00 48 8b c3 48 8b 5c 24
0x00007ffa24634842:   30 48 83 c4 20 5f c3 cc cc cc cc cc cc cc c7 41
0x00007ffa24634852:   10 01 00 00 00 48 8d 05 c2 3d 07 00 48 89 01 33
0x00007ffa24634862:   d2 48 8d 05 9e 3b 07 00 48 89 41 08 48 8d 05 4b
0x00007ffa24634872:   0c 07 00 48 89 51 38 48 89 51 40 48 89 41 60 48
0x00007ffa24634882:   8b c1 48 89 51 70 48 89 51 68 48 89 51 78 48 89
0x00007ffa24634892:   91 80 00 00 00 c3 cc cc cc cc cc cc cc cc e9 93
0x00007ffa246348a2:   12 fa ff cc cc cc cc cc cc cc e9 bb 17 fa ff cc
0x00007ffa246348b2:   cc cc cc cc cc cc 40 53 48 83 ec 20 48 8d 05 5b
0x00007ffa246348c2:   3d 07 00 48 8b d9 48 89 01 48 8d 05 36 3b 07 00
0x00007ffa246348d2:   48 89 41 08 e8 5d 2f 00 00 48 8b 4b 48 48 85 c9
0x00007ffa246348e2:   74 12 48 8b 01 48 8b 40 10 ff 15 1f 87 07 00 48
0x00007ffa246348f2:   83 63 48 00 48 8b 4b 18 48 85 c9 74 12 48 8b 01
0x00007ffa24634902:   48 8b 40 10 ff 15 04 87 07 00 48 83 63 18 00 48
0x00007ffa24634912:   8b 8b 90 00 00 00 48 85 c9 74 0d e8 aa 6c 01 00
0x00007ffa24634922:   48 83 a3 90 00 00 00 00 48 8b 8b 80 00 00 00 48
0x00007ffa24634932:   85 c9 74 0d 48 8b 01 48 8b 40 10 ff 15 cd 86 07
0x00007ffa24634942:   00 48 8b 4b 78 48 85 c9 74 0d 48 8b 01 48 8b 40
0x00007ffa24634952:   10 ff 15 b7 86 07 00 48 8b 4b 68 48 8d 05 5c 0b
0x00007ffa24634962:   07 00 48 89 43 60 48 85 c9 74 0c 48 ff 15 14 7f
0x00007ffa24634972:   07 00 0f 1f 44 00 00 48 8b 4b 40 48 85 c9 74 0d
0x00007ffa24634982:   48 8b 01 48 8b 40 10 ff 15 81 86 07 00 48 8b 4b
0x00007ffa24634992:   38 48 85 c9 74 0d 48 8b 01 48 8b 40 10 ff 15 6b
0x00007ffa246349a2:   86 07 00 48 83 c4 20 5b c3 cc cc cc cc cc cc cc
0x00007ffa246349b2:   cc cc 40 53 48 83 ec 20 48 8d 05 3f 3b 07 00 48
0x00007ffa246349c2:   8b d9 48 89 01 48 8d 05 02 3b 07 00 48 89 41 08
0x00007ffa246349d2:   48 8d 05 af 3a 07 00 48 89 41 10 48 8d 05 7c 3a
0x00007ffa246349e2:   07 00 48 89 41 18 48 8d 05 19 3a 07 00 48 89 41
0x00007ffa246349f2:   20 48 83 c1 58 e8 90 07 00 00 48 8d 05 75 0f 07 


Stack slot to memory mapping:
stack at sp + 0 slots: 0x0000023900000002 is an unknown value
stack at sp + 1 slots: 0x00000239f2f0b290 points into unknown readable memory: 20 86 6a 24 fa 7f 00 00
stack at sp + 2 slots: 
[error occurred during error reporting (inspecting top of stack), id 0xc0000005, EXCEPTION_ACCESS_VIOLATION (0xc0000005) at pc=0x00007ff9d2e34644]


---------------  P R O C E S S  ---------------

Threads class SMR info:
_java_thread_list=0x0000023a5769d6d0, length=21, elements={
0x00000239d38a8800, 0x00000239f234d800, 0x00000239f2350800, 0x00000239f236e000,
0x00000239f236f000, 0x00000239f2372000, 0x00000239f2374800, 0x00000239f2395000,
0x00000239f23be800, 0x00000239f2cae800, 0x00000239f2d1c000, 0x00000239f2d12000,
0x00000239f2db4000, 0x00000239f2daf000, 0x0000023a3d1b1800, 0x0000023a3d468800,
0x0000023a53541000, 0x0000023a53542000, 0x0000023a4536c800, 0x0000023a4536d000,
0x0000023a5754c800
}

Java Threads: ( => current thread )
=>0x00000239d38a8800 JavaThread "main" [_thread_in_native, id=8168, stack(0x000000b538000000,0x000000b538100000)]
  0x00000239f234d800 JavaThread "Reference Handler" daemon [_thread_blocked, id=9120, stack(0x000000b538700000,0x000000b538800000)]
  0x00000239f2350800 JavaThread "Finalizer" daemon [_thread_blocked, id=14708, stack(0x000000b538800000,0x000000b538900000)]
  0x00000239f236e000 JavaThread "Signal Dispatcher" daemon [_thread_blocked, id=14432, stack(0x000000b538900000,0x000000b538a00000)]
  0x00000239f236f000 JavaThread "Attach Listener" daemon [_thread_blocked, id=10604, stack(0x000000b538a00000,0x000000b538b00000)]
  0x00000239f2372000 JavaThread "Service Thread" daemon [_thread_blocked, id=6268, stack(0x000000b538b00000,0x000000b538c00000)]
  0x00000239f2374800 JavaThread "C2 CompilerThread0" daemon [_thread_in_native, id=13320, stack(0x000000b538c00000,0x000000b538d00000)]
  0x00000239f2395000 JavaThread "C1 CompilerThread0" daemon [_thread_blocked, id=6688, stack(0x000000b538d00000,0x000000b538e00000)]
  0x00000239f23be800 JavaThread "Sweeper thread" daemon [_thread_blocked, id=15452, stack(0x000000b538e00000,0x000000b538f00000)]
  0x00000239f2cae800 JavaThread "Common-Cleaner" daemon [_thread_blocked, id=12584, stack(0x000000b538f00000,0x000000b539000000)]
  0x00000239f2d1c000 JavaThread "JDWP Transport Listener: dt_socket" daemon [_thread_blocked, id=12260, stack(0x000000b539000000,0x000000b539100000)]
  0x00000239f2d12000 JavaThread "JDWP Event Helper Thread" daemon [_thread_blocked, id=14820, stack(0x000000b539100000,0x000000b539200000)]
  0x00000239f2db4000 JavaThread "JDWP Command Reader" daemon [_thread_in_native, id=2716, stack(0x000000b539200000,0x000000b539300000)]
  0x00000239f2daf000 JavaThread "Notification Thread" daemon [_thread_blocked, id=2228, stack(0x000000b539300000,0x000000b539400000)]
  0x0000023a3d1b1800 JavaThread "AsyncExecutor-Thread" daemon [_thread_blocked, id=4472, stack(0x000000b539e00000,0x000000b539f00000)]
  0x0000023a3d468800 JavaThread "C2 CompilerThread1" daemon [_thread_in_native, id=15248, stack(0x000000b53a000000,0x000000b53a100000)]
  0x0000023a53541000 JavaThread "AsyncExecutor-Thread" daemon [_thread_blocked, id=14088, stack(0x000000b53a100000,0x000000b53a200000)]
  0x0000023a53542000 JavaThread "AsyncExecutor-Thread" daemon [_thread_blocked, id=8004, stack(0x000000b53a200000,0x000000b53a300000)]
  0x0000023a4536c800 JavaThread "AsyncExecutor-Thread" daemon [_thread_blocked, id=13328, stack(0x000000b53a300000,0x000000b53a400000)]
  0x0000023a4536d000 JavaThread "AsyncExecutor-Thread" daemon [_thread_blocked, id=13588, stack(0x000000b53a400000,0x000000b53a500000)]
  0x0000023a5754c800 JavaThread "AsyncExecutor-Thread" daemon [_thread_blocked, id=2768, stack(0x000000b53a500000,0x000000b53a600000)]

Other Threads:
  0x00000239f234b800 VMThread "VM Thread" [stack: 0x000000b538600000,0x000000b538700000] [id=16004]
  0x00000239f2db0000 WatcherThread [stack: 0x000000b539400000,0x000000b539500000] [id=10108]
  0x00000239d38ed000 GCTaskThread "GC Thread#0" [stack: 0x000000b538100000,0x000000b538200000] [id=15436]
  0x0000023a33f59800 GCTaskThread "GC Thread#1" [stack: 0x000000b539c00000,0x000000b539d00000] [id=9136]
  0x0000023a33e81800 GCTaskThread "GC Thread#2" [stack: 0x000000b539d00000,0x000000b539e00000] [id=3188]
  0x00000239d38ff800 ConcurrentGCThread "G1 Main Marker" [stack: 0x000000b538200000,0x000000b538300000] [id=16276]
  0x00000239d3900800 ConcurrentGCThread "G1 Conc#0" [stack: 0x000000b538300000,0x000000b538400000] [id=3408]
  0x00000239d3981000 ConcurrentGCThread "G1 Refine#0" [stack: 0x000000b538400000,0x000000b538500000] [id=13136]
  0x00000239f21d0800 ConcurrentGCThread "G1 Young RemSet Sampling" [stack: 0x000000b538500000,0x000000b538600000] [id=15748]

Threads with active compile tasks:
C2 CompilerThread0    10079 2608       4       rhino.classfile.TypeInfo::merge (308 bytes)
C2 CompilerThread1    10080 2974       4       mindustry.graphics.LoadRenderer::draw (3658 bytes)

VM state:not at safepoint (normal execution)

VM Mutex/Monitor currently owned by a thread: None

Heap address: 0x0000000081400000, size: 2028 MB, Compressed Oops mode: 32-bit
Narrow klass base: 0x0000000800000000, Narrow klass shift: 3
Compressed class space size: 1073741824 Address: 0x0000000800b30000

Heap:
 garbage-first heap   total 48128K, used 39111K [0x0000000081400000, 0x0000000100000000)
  region size 1024K, 21 young (21504K), 2 survivors (2048K)
 Metaspace       used 27509K, capacity 29312K, committed 29488K, reserved 1073152K
  class space    used 4250K, capacity 4923K, committed 4992K, reserved 1048576K
Heap Regions: E=young(eden), S=young(survivor), O=old, HS=humongous(starts), HC=humongous(continues), CS=collection set, F=free, OA=open archive, CA=closed archive, TAMS=top-at-mark-start (previous, next)
|   0|0x0000000081400000, 0x0000000081500000, 0x0000000081500000|100%| O|  |TAMS 0x0000000081500000, 0x0000000081400000| Untracked 
|   1|0x0000000081500000, 0x0000000081600000, 0x0000000081600000|100%|HS|  |TAMS 0x0000000081600000, 0x0000000081500000| Complete 
|   2|0x0000000081600000, 0x0000000081700000, 0x0000000081700000|100%| O|  |TAMS 0x0000000081700000, 0x0000000081600000| Untracked 
|   3|0x0000000081700000, 0x000000008173ec00, 0x0000000081800000| 24%| O|  |TAMS 0x000000008173ec00, 0x0000000081700000| Untracked 
|   4|0x0000000081800000, 0x0000000081900000, 0x0000000081900000|100%| O|  |TAMS 0x0000000081800000, 0x0000000081800000| Untracked 
|   5|0x0000000081900000, 0x0000000081a00000, 0x0000000081a00000|100%| O|  |TAMS 0x0000000081900000, 0x0000000081900000| Untracked 
|   6|0x0000000081a00000, 0x0000000081b00000, 0x0000000081b00000|100%| O|  |TAMS 0x0000000081a00000, 0x0000000081a00000| Untracked 
|   7|0x0000000081b00000, 0x0000000081c00000, 0x0000000081c00000|100%| O|  |TAMS 0x0000000081b00000, 0x0000000081b00000| Untracked 
|   8|0x0000000081c00000, 0x0000000081d00000, 0x0000000081d00000|100%| O|  |TAMS 0x0000000081c00000, 0x0000000081c00000| Untracked 
|   9|0x0000000081d00000, 0x0000000081e00000, 0x0000000081e00000|100%| O|  |TAMS 0x0000000081d00000, 0x0000000081d00000| Untracked 
|  10|0x0000000081e00000, 0x0000000081f00000, 0x0000000081f00000|100%| O|  |TAMS 0x0000000081e00000, 0x0000000081e00000| Untracked 
|  11|0x0000000081f00000, 0x0000000082000000, 0x0000000082000000|100%| O|  |TAMS 0x0000000081f00000, 0x0000000081f00000| Untracked 
|  12|0x0000000082000000, 0x0000000082100000, 0x0000000082100000|100%| O|  |TAMS 0x0000000082000000, 0x0000000082000000| Untracked 
|  13|0x0000000082100000, 0x0000000082200000, 0x0000000082200000|100%| O|  |TAMS 0x0000000082100000, 0x0000000082100000| Untracked 
|  14|0x0000000082200000, 0x0000000082300000, 0x0000000082300000|100%| O|  |TAMS 0x0000000082200000, 0x0000000082200000| Untracked 
|  15|0x0000000082300000, 0x0000000082400000, 0x0000000082400000|100%|HS|  |TAMS 0x0000000082300000, 0x0000000082300000| Complete 
|  16|0x0000000082400000, 0x0000000082500000, 0x0000000082500000|100%|HC|  |TAMS 0x0000000082400000, 0x0000000082400000| Complete 
|  17|0x0000000082500000, 0x0000000082600000, 0x0000000082600000|100%|HC|  |TAMS 0x0000000082500000, 0x0000000082500000| Complete 
|  18|0x0000000082600000, 0x0000000082700000, 0x0000000082700000|100%|HS|  |TAMS 0x0000000082600000, 0x0000000082600000| Complete 
|  19|0x0000000082700000, 0x0000000082800000, 0x0000000082800000|100%|HS|  |TAMS 0x0000000082700000, 0x0000000082700000| Complete 
|  20|0x0000000082800000, 0x0000000082800000, 0x0000000082900000|  0%| F|  |TAMS 0x0000000082800000, 0x0000000082800000| Untracked 
|  21|0x0000000082900000, 0x0000000082900000, 0x0000000082a00000|  0%| F|  |TAMS 0x0000000082900000, 0x0000000082900000| Untracked 
|  22|0x0000000082a00000, 0x0000000082a00000, 0x0000000082b00000|  0%| F|  |TAMS 0x0000000082a00000, 0x0000000082a00000| Untracked 
|  23|0x0000000082b00000, 0x0000000082b00000, 0x0000000082c00000|  0%| F|  |TAMS 0x0000000082b00000, 0x0000000082b00000| Untracked 
|  24|0x0000000082c00000, 0x0000000082c00000, 0x0000000082d00000|  0%| F|  |TAMS 0x0000000082c00000, 0x0000000082c00000| Untracked 
|  25|0x0000000082d00000, 0x0000000082d00000, 0x0000000082e00000|  0%| F|  |TAMS 0x0000000082d00000, 0x0000000082d00000| Untracked 
|  26|0x0000000082e00000, 0x0000000082ef3240, 0x0000000082f00000| 94%| S|CS|TAMS 0x0000000082e00000, 0x0000000082e00000| Complete 
|  27|0x0000000082f00000, 0x0000000083000000, 0x0000000083000000|100%| S|CS|TAMS 0x0000000082f00000, 0x0000000082f00000| Complete 
|  28|0x0000000083000000, 0x000000008306adc0, 0x0000000083100000| 41%| E|  |TAMS 0x0000000083000000, 0x0000000083000000| Complete 
|  29|0x0000000083100000, 0x0000000083200000, 0x0000000083200000|100%| E|CS|TAMS 0x0000000083100000, 0x0000000083100000| Complete 
|  30|0x0000000083200000, 0x0000000083300000, 0x0000000083300000|100%| E|CS|TAMS 0x0000000083200000, 0x0000000083200000| Complete 
|  31|0x0000000083300000, 0x0000000083400000, 0x0000000083400000|100%| E|CS|TAMS 0x0000000083300000, 0x0000000083300000| Complete 
|  32|0x0000000083400000, 0x0000000083500000, 0x0000000083500000|100%| E|  |TAMS 0x0000000083400000, 0x0000000083400000| Complete 
|  33|0x0000000083500000, 0x0000000083600000, 0x0000000083600000|100%| E|CS|TAMS 0x0000000083500000, 0x0000000083500000| Complete 
|  34|0x0000000083600000, 0x0000000083700000, 0x0000000083700000|100%| E|CS|TAMS 0x0000000083600000, 0x0000000083600000| Complete 
|  35|0x0000000083700000, 0x0000000083800000, 0x0000000083800000|100%| E|CS|TAMS 0x0000000083700000, 0x0000000083700000| Complete 
|  36|0x0000000083800000, 0x0000000083900000, 0x0000000083900000|100%| E|CS|TAMS 0x0000000083800000, 0x0000000083800000| Complete 
|  62|0x0000000085200000, 0x0000000085300000, 0x0000000085300000|100%| E|CS|TAMS 0x0000000085200000, 0x0000000085200000| Complete 
|  63|0x0000000085300000, 0x0000000085400000, 0x0000000085400000|100%| E|CS|TAMS 0x0000000085300000, 0x0000000085300000| Complete 
|  64|0x0000000085400000, 0x0000000085500000, 0x0000000085500000|100%| E|CS|TAMS 0x0000000085400000, 0x0000000085400000| Complete 
|  65|0x0000000085500000, 0x0000000085600000, 0x0000000085600000|100%| E|CS|TAMS 0x0000000085500000, 0x0000000085500000| Complete 
|  66|0x0000000085600000, 0x0000000085700000, 0x0000000085700000|100%| E|CS|TAMS 0x0000000085600000, 0x0000000085600000| Complete 
|  67|0x0000000085700000, 0x0000000085800000, 0x0000000085800000|100%| E|CS|TAMS 0x0000000085700000, 0x0000000085700000| Complete 
|  68|0x0000000085800000, 0x0000000085900000, 0x0000000085900000|100%| E|CS|TAMS 0x0000000085800000, 0x0000000085800000| Complete 
|  69|0x0000000085900000, 0x0000000085a00000, 0x0000000085a00000|100%| E|CS|TAMS 0x0000000085900000, 0x0000000085900000| Complete 
|  70|0x0000000085a00000, 0x0000000085b00000, 0x0000000085b00000|100%| E|CS|TAMS 0x0000000085a00000, 0x0000000085a00000| Complete 
| 127|0x0000000089300000, 0x0000000089400000, 0x0000000089400000|100%| E|CS|TAMS 0x0000000089300000, 0x0000000089300000| Complete 

Card table byte_map: [0x00000239eb730000,0x00000239ebb30000] _byte_map_base: 0x00000239eb326000

Marking Bits (Prev, Next): (CMBitMap*) 0x00000239d38eea18, (CMBitMap*) 0x00000239d38ee9d8
 Prev Bits: [0x00000239edee0000, 0x00000239efe90000)
 Next Bits: [0x00000239ebf30000, 0x00000239edee0000)

Polling page: 0x00000239d1630000

Metaspace:

Usage:
  Non-class:     23.82 MB capacity,    22.71 MB ( 95%) used,   983.48 KB (  4%) free+waste,   146.94 KB ( <1%) overhead. 
      Class:      4.81 MB capacity,     4.15 MB ( 86%) used,   583.95 KB ( 12%) free+waste,    88.25 KB (  2%) overhead. 
       Both:     28.63 MB capacity,    26.86 MB ( 94%) used,     1.53 MB (  5%) free+waste,   235.19 KB ( <1%) overhead. 

Virtual space:
  Non-class space:       24.00 MB reserved,      23.92 MB (>99%) committed 
      Class space:        1.00 GB reserved,       4.88 MB ( <1%) committed 
             Both:        1.02 GB reserved,      28.80 MB (  3%) committed 

Chunk freelists:
   Non-Class:  43.00 KB
       Class:  5.00 KB
        Both:  48.00 KB

MaxMetaspaceSize: 17179869184.00 GB
CompressedClassSpaceSize: 1.00 GB

CodeHeap 'non-profiled nmethods': size=120000Kb used=2003Kb max_used=2003Kb free=117996Kb
 bounds [0x00000239e3e00000, 0x00000239e4070000, 0x00000239eb330000]
CodeHeap 'profiled nmethods': size=120000Kb used=7573Kb max_used=7573Kb free=112426Kb
 bounds [0x00000239dc8d0000, 0x00000239dd040000, 0x00000239e3e00000]
CodeHeap 'non-nmethods': size=5760Kb used=1469Kb max_used=1582Kb free=4290Kb
 bounds [0x00000239dc330000, 0x00000239dc5a0000, 0x00000239dc8d0000]
 total_blobs=3788 nmethods=3093 adapters=607
 compilation: enabled
              stopped_count=0, restarted_count=0
 full_count=0

Compilation events (20 events):
Event: 9.743 Thread 0x00000239f2395000 3142       2       java.io.DataOutputStream::incCount (20 bytes)
Event: 9.743 Thread 0x00000239f2395000 nmethod 3142 0x00000239dd02e390 code [0x00000239dd02e520, 0x00000239dd02e658]
Event: 9.743 Thread 0x00000239f2395000 3143       2       java.io.DataOutputStream::writeUTF (411 bytes)
Event: 9.745 Thread 0x00000239f2395000 nmethod 3143 0x00000239dd02e710 code [0x00000239dd02e9a0, 0x00000239dd02f868]
Event: 9.745 Thread 0x00000239f2395000 3144       2       java.lang.StringUTF16::charAt (11 bytes)
Event: 9.746 Thread 0x00000239f2395000 nmethod 3144 0x00000239dd030210 code [0x00000239dd0303a0, 0x00000239dd0304c8]
Event: 9.746 Thread 0x00000239f2395000 3145  s    2       java.io.BufferedOutputStream::write (67 bytes)
Event: 9.746 Thread 0x00000239f2395000 nmethod 3145 0x00000239dd030610 code [0x00000239dd0307e0, 0x00000239dd030cd8]
Event: 9.746 Thread 0x00000239f2395000 3146  s    2       java.io.DataOutputStream::write (16 bytes)
Event: 9.747 Thread 0x00000239f2395000 nmethod 3146 0x00000239dd030e10 code [0x00000239dd030fc0, 0x00000239dd0312e8]
Event: 9.747 Thread 0x00000239f2395000 3150 %     3       java.io.DataOutputStream::writeUTF @ 187 (411 bytes)
Event: 9.750 Thread 0x00000239f2395000 nmethod 3150% 0x00000239dd031410 code [0x00000239dd0317e0, 0x00000239dd033948]
Event: 9.750 Thread 0x00000239f2395000 3147       2       java.io.DataOutputStream::writeUTF (7 bytes)
Event: 9.751 Thread 0x00000239f2395000 nmethod 3147 0x00000239dd034710 code [0x00000239dd0348a0, 0x00000239dd0349e8]
Event: 9.751 Thread 0x00000239f2395000 3148       2       java.io.DataOutputStream::writeByte (14 bytes)
Event: 9.751 Thread 0x00000239f2395000 nmethod 3148 0x00000239dd034a90 code [0x00000239dd034c20, 0x00000239dd034d88]
Event: 9.751 Thread 0x00000239f2395000 3149       2       java.io.DataOutputStream::writeInt (65 bytes)
Event: 9.751 Thread 0x00000239f2395000 nmethod 3149 0x00000239dd034e90 code [0x00000239dd035060, 0x00000239dd035298]
Event: 9.751 Thread 0x00000239f2395000 3151       2       java.util.Calendar::internalSet (8 bytes)
Event: 9.751 Thread 0x00000239f2395000 nmethod 3151 0x00000239dd035390 code [0x00000239dd035520, 0x00000239dd035658]

GC Heap History (10 events):
Event: 1.358 GC heap before
{Heap before GC invocations=0 (full 0):
 garbage-first heap   total 131072K, used 12288K [0x0000000081400000, 0x0000000100000000)
  region size 1024K, 13 young (13312K), 0 survivors (0K)
 Metaspace       used 3674K, capacity 6816K, committed 7168K, reserved 1056768K
  class space    used 322K, capacity 668K, committed 768K, reserved 1048576K
}
Event: 1.362 GC heap after
{Heap after GC invocations=1 (full 0):
 garbage-first heap   total 131072K, used 2347K [0x0000000081400000, 0x0000000100000000)
  region size 1024K, 2 young (2048K), 2 survivors (2048K)
 Metaspace       used 3674K, capacity 6816K, committed 7168K, reserved 1056768K
  class space    used 322K, capacity 668K, committed 768K, reserved 1048576K
}
Event: 1.918 GC heap before
{Heap before GC invocations=1 (full 0):
 garbage-first heap   total 131072K, used 19755K [0x0000000081400000, 0x0000000100000000)
  region size 1024K, 18 young (18432K), 2 survivors (2048K)
 Metaspace       used 8221K, capacity 10174K, committed 10496K, reserved 1058816K
  class space    used 862K, capacity 1195K, committed 1280K, reserved 1048576K
}
Event: 1.925 GC heap after
{Heap after GC invocations=2 (full 0):
 garbage-first heap   total 131072K, used 4289K [0x0000000081400000, 0x0000000100000000)
  region size 1024K, 1 young (1024K), 1 survivors (1024K)
 Metaspace       used 8221K, capacity 10174K, committed 10496K, reserved 1058816K
  class space    used 862K, capacity 1195K, committed 1280K, reserved 1048576K
}
Event: 6.539 GC heap before
{Heap before GC invocations=2 (full 0):
 garbage-first heap   total 131072K, used 64705K [0x0000000081400000, 0x0000000100000000)
  region size 1024K, 57 young (58368K), 1 survivors (1024K)
 Metaspace       used 19739K, capacity 21178K, committed 21296K, reserved 1067008K
  class space    used 2894K, capacity 3425K, committed 3456K, reserved 1048576K
}
Event: 6.557 GC heap after
{Heap after GC invocations=3 (full 0):
 garbage-first heap   total 131072K, used 12042K [0x0000000081400000, 0x0000000100000000)
  region size 1024K, 9 young (9216K), 9 survivors (9216K)
 Metaspace       used 19739K, capacity 21178K, committed 21296K, reserved 1067008K
  class space    used 2894K, capacity 3425K, committed 3456K, reserved 1048576K
}
Event: 7.289 GC heap before
{Heap before GC invocations=4 (full 0):
 garbage-first heap   total 48128K, used 31498K [0x0000000081400000, 0x0000000100000000)
  region size 1024K, 28 young (28672K), 9 survivors (9216K)
 Metaspace       used 24677K, capacity 26332K, committed 26544K, reserved 1071104K
  class space    used 3708K, capacity 4337K, committed 4352K, reserved 1048576K
}
Event: 7.318 GC heap after
{Heap after GC invocations=5 (full 0):
 garbage-first heap   total 48128K, used 14543K [0x0000000081400000, 0x0000000100000000)
  region size 1024K, 3 young (3072K), 3 survivors (3072K)
 Metaspace       used 24677K, capacity 26332K, committed 26544K, reserved 1071104K
  class space    used 3708K, capacity 4337K, committed 4352K, reserved 1048576K
}
Event: 7.846 GC heap before
{Heap before GC invocations=5 (full 0):
 garbage-first heap   total 48128K, used 32975K [0x0000000081400000, 0x0000000100000000)
  region size 1024K, 22 young (22528K), 3 survivors (3072K)
 Metaspace       used 25608K, capacity 27390K, committed 27696K, reserved 1073152K
  class space    used 3785K, capacity 4426K, committed 4480K, reserved 1048576K
}
Event: 7.858 GC heap after
{Heap after GC invocations=6 (full 0):
 garbage-first heap   total 48128K, used 16583K [0x0000000081400000, 0x0000000100000000)
  region size 1024K, 2 young (2048K), 2 survivors (2048K)
 Metaspace       used 25608K, capacity 27390K, committed 27696K, reserved 1073152K
  class space    used 3785K, capacity 4426K, committed 4480K, reserved 1048576K
}

Deoptimization events (20 events):
Event: 9.739 Thread 0x00000239d38a8800 DEOPT PACKING pc=0x00000239dca79e7c sp=0x000000b5380fe750
Event: 9.739 Thread 0x00000239d38a8800 DEOPT UNPACKING pc=0x00000239dc37964e sp=0x000000b5380fdbf8 mode 1
Event: 9.739 Thread 0x00000239d38a8800 DEOPT PACKING pc=0x00000239dca7978c sp=0x000000b5380fe7a0
Event: 9.739 Thread 0x00000239d38a8800 DEOPT UNPACKING pc=0x00000239dc37964e sp=0x000000b5380fdc58 mode 1
Event: 9.739 Thread 0x00000239d38a8800 DEOPT PACKING pc=0x00000239dcc179d4 sp=0x000000b5380fe820
Event: 9.739 Thread 0x00000239d38a8800 DEOPT UNPACKING pc=0x00000239dc37964e sp=0x000000b5380fdce0 mode 1
Event: 9.740 Thread 0x00000239d38a8800 DEOPT PACKING pc=0x00000239dd029284 sp=0x000000b5380ff110
Event: 9.740 Thread 0x00000239d38a8800 DEOPT UNPACKING pc=0x00000239dc37964e sp=0x000000b5380fe5a8 mode 1
Event: 9.740 Thread 0x00000239d38a8800 DEOPT PACKING pc=0x00000239dd0289ec sp=0x000000b5380ff160
Event: 9.740 Thread 0x00000239d38a8800 DEOPT UNPACKING pc=0x00000239dc37964e sp=0x000000b5380fe608 mode 1
Event: 9.740 Thread 0x00000239d38a8800 DEOPT PACKING pc=0x00000239dd012a1c sp=0x000000b5380ff1b0
Event: 9.740 Thread 0x00000239d38a8800 DEOPT UNPACKING pc=0x00000239dc37964e sp=0x000000b5380fe660 mode 1
Event: 9.740 Thread 0x00000239d38a8800 DEOPT PACKING pc=0x00000239e3f0ebb0 sp=0x000000b5380ff330
Event: 9.740 Thread 0x00000239d38a8800 DEOPT UNPACKING pc=0x00000239dc37964e sp=0x000000b5380fe7e8 mode 1
Event: 9.740 Thread 0x00000239d38a8800 DEOPT PACKING pc=0x00000239e3f0ce7c sp=0x000000b5380ff3a0
Event: 9.740 Thread 0x00000239d38a8800 DEOPT UNPACKING pc=0x00000239dc37964e sp=0x000000b5380fe808 mode 1
Event: 9.740 Thread 0x00000239d38a8800 DEOPT PACKING pc=0x00000239e3f083dc sp=0x000000b5380ff420
Event: 9.740 Thread 0x00000239d38a8800 DEOPT UNPACKING pc=0x00000239dc37964e sp=0x000000b5380fe8f8 mode 1
Event: 9.740 Thread 0x00000239d38a8800 DEOPT PACKING pc=0x00000239e3e74ba8 sp=0x000000b5380ff4b0
Event: 9.740 Thread 0x00000239d38a8800 DEOPT UNPACKING pc=0x00000239dc37964e sp=0x000000b5380fe960 mode 1

Classes unloaded (0 events):
No events

Classes redefined (0 events):
No events

Internal exceptions (20 events):
Event: 3.119 Thread 0x0000023a3d1b1800 Exception <a 'java/lang/NoSuchMethodError'{0x00000000874f63f8}: 'java.lang.Object java.lang.invoke.DirectMethodHandle$Holder.invokeStatic(java.lang.Object, java.lang.Object, int, java.lang.Object)'> (0x00000000874f63f8) 
thrown [./src/hotspot/share/interpreter/linkResolver.cpp, line 766]
Event: 3.120 Thread 0x0000023a3d1b1800 Exception <a 'java/lang/NoSuchMethodError'{0x00000000874fc690}: 'java.lang.Object java.lang.invoke.Invokers$Holder.linkToTargetMethod(java.lang.Object, int, java.lang.Object, java.lang.Object)'> (0x00000000874fc690) 
thrown [./src/hotspot/share/interpreter/linkResolver.cpp, line 766]
Event: 3.175 Thread 0x0000023a3d1b1800 Exception <a 'java/lang/NoSuchMethodError'{0x0000000087392a78}: 'void java.lang.invoke.DirectMethodHandle$Holder.invokeStatic(java.lang.Object, java.lang.Object, java.lang.Object, java.lang.Object)'> (0x0000000087392a78) 
thrown [./src/hotspot/share/interpreter/linkResolver.cpp, line 766]
Event: 3.181 Thread 0x0000023a3d1b1800 Exception <a 'java/lang/NoSuchMethodError'{0x00000000873bbdd8}: 'int java.lang.invoke.DirectMethodHandle$Holder.invokeStaticInit(java.lang.Object, java.lang.Object)'> (0x00000000873bbdd8) 
thrown [./src/hotspot/share/interpreter/linkResolver.cpp, line 766]
Event: 3.231 Thread 0x00000239d38a8800 Exception <a 'java/io/FileNotFoundException'{0x00000000892f82c8}> (0x00000000892f82c8) 
thrown [./src/hotspot/share/prims/jni.cpp, line 599]
Event: 3.641 Thread 0x00000239d38a8800 Exception <a 'java/io/FileNotFoundException'{0x0000000087188a58}> (0x0000000087188a58) 
thrown [./src/hotspot/share/prims/jni.cpp, line 599]
Event: 4.463 Thread 0x00000239d38a8800 Implicit null exception at 0x00000239e3ef43d5 to 0x00000239e3ef5350
Event: 5.736 Thread 0x0000023a3d1b1800 Exception <a 'java/lang/NoSuchMethodError'{0x00000000863c4750}: 'float java.lang.invoke.DirectMethodHandle$Holder.invokeStaticInit(java.lang.Object, float)'> (0x00000000863c4750) 
thrown [./src/hotspot/share/interpreter/linkResolver.cpp, line 766]
Event: 6.514 Thread 0x0000023a3d1b1800 Exception <a 'java/lang/NoSuchMethodError'{0x0000000085c694f8}: 'int java.lang.invoke.DirectMethodHandle$Holder.invokeStaticInit(java.lang.Object)'> (0x0000000085c694f8) 
thrown [./src/hotspot/share/interpreter/linkResolver.cpp, line 766]
Event: 6.705 Thread 0x0000023a3d1b1800 Exception <a 'java/lang/IncompatibleClassChangeError'{0x000000008378cf98}: Found class java.lang.Object, but interface was expected> (0x000000008378cf98) 
thrown [./src/hotspot/share/interpreter/linkResolver.cpp, line 832]
Event: 6.725 Thread 0x0000023a3d1b1800 Exception <a 'java/lang/NoSuchMethodError'{0x00000000837df850}: 'float java.lang.invoke.DirectMethodHandle$Holder.invokeStatic(java.lang.Object, java.lang.Object, float, float)'> (0x00000000837df850) 
thrown [./src/hotspot/share/interpreter/linkResolver.cpp, line 766]
Event: 7.050 Thread 0x00000239d38a8800 Exception <a 'java/lang/NoSuchMethodError'{0x0000000082d2d0b8}: 'java.lang.Object java.lang.invoke.DirectMethodHandle$Holder.invokeStaticInit(java.lang.Object, java.lang.Object, java.lang.Object, java.lang.Object)'> (0x0000000082d2d0b8) 
thrown [./src/hotspot/share/interpreter/linkResolver.cpp, line 766]
Event: 8.132 Thread 0x00000239d38a8800 Exception <a 'java/lang/NoSuchMethodError'{0x00000000853c84e8}: 'void java.lang.invoke.DirectMethodHandle$Holder.invokeSpecial(java.lang.Object, java.lang.Object, java.lang.Object, java.lang.Object, java.lang.Object, java.lang.Object)'> (0x00000000853c84e8) 
thrown [./src/hotspot/share/interpreter/linkResolver.cpp, line 766]
Event: 8.133 Thread 0x00000239d38a8800 Exception <a 'java/lang/NoSuchMethodError'{0x00000000853cf600}: 'java.lang.Object java.lang.invoke.Invokers$Holder.linkToTargetMethod(java.lang.Object, java.lang.Object, java.lang.Object, java.lang.Object, java.lang.Object, java.lang.Object)'> (0x00000000853cf600) 
thrown [./src/hotspot/share/interpreter/linkResolver.cpp, line 766]
Event: 8.161 Thread 0x0000023a3d1b1800 Exception <a 'java/lang/NoSuchMethodError'{0x00000000852676f8}: 'java.lang.Object java.lang.invoke.DirectMethodHandle$Holder.invokeStatic(java.lang.Object, java.lang.Object, java.lang.Object, int, int, java.lang.Object)'> (0x00000000852676f8) 
thrown [./src/hotspot/share/interpreter/linkResolver.cpp, line 766]
Event: 8.164 Thread 0x0000023a3d1b1800 Exception <a 'java/lang/NoSuchMethodError'{0x000000008526d878}: 'java.lang.Object java.lang.invoke.Invokers$Holder.linkToTargetMethod(java.lang.Object, java.lang.Object, int, int, java.lang.Object, java.lang.Object)'> (0x000000008526d878) 
thrown [./src/hotspot/share/interpreter/linkResolver.cpp, line 766]
Event: 8.183 Thread 0x0000023a53542000 Exception <a 'java/lang/NoSuchMethodError'{0x00000000852f59b0}: 'java.lang.Object java.lang.invoke.DirectMethodHandle$Holder.invokeStatic(java.lang.Object, java.lang.Object, java.lang.Object, int, java.lang.Object, java.lang.Object)'> (0x00000000852f59b0) 
thrown [./src/hotspot/share/interpreter/linkResolver.cpp, line 766]
Event: 8.184 Thread 0x0000023a53542000 Exception <a 'java/lang/NoSuchMethodError'{0x00000000852fbe38}: 'java.lang.Object java.lang.invoke.Invokers$Holder.linkToTargetMethod(java.lang.Object, java.lang.Object, int, java.lang.Object, java.lang.Object, java.lang.Object)'> (0x00000000852fbe38) 
thrown [./src/hotspot/share/interpreter/linkResolver.cpp, line 766]
Event: 9.739 Thread 0x00000239d38a8800 Exception <a 'java/lang/NullPointerException'{0x0000000083030160}> (0x0000000083030160) 
thrown [./src/hotspot/share/interpreter/linkResolver.cpp, line 1348]
Event: 9.739 Thread 0x00000239d38a8800 Exception <a 'java/lang/reflect/InvocationTargetException'{0x00000000830306d8}> (0x00000000830306d8) 
thrown [./src/hotspot/share/runtime/reflection.cpp, line 1188]

Events (20 events):
Event: 9.738 loading class arc/scene/Action
Event: 9.738 loading class arc/scene/Action done
Event: 9.739 loading class arc/func/Prov
Event: 9.739 loading class arc/func/Prov done
Event: 9.739 loading class arc/scene/Action
Event: 9.739 loading class arc/scene/Action done
Event: 9.740 loading class arc/func/Cons
Event: 9.740 loading class arc/func/Cons done
Event: 9.740 loading class arc/ApplicationListener
Event: 9.740 loading class arc/ApplicationListener done
Event: 9.750 loading class arc/net/DcReason
Event: 9.750 loading class arc/net/DcReason done
Event: 9.751 loading class arc/net/Server
Event: 9.751 loading class arc/net/Server done
Event: 9.751 loading class arc/util/async/AsyncTask
Event: 9.751 loading class arc/util/async/AsyncTask done
Event: 9.752 Thread 0x0000023a5754c800 Thread added: 0x0000023a5754c800
Event: 9.753 Executing VM operation: HandshakeOneThread
Event: 9.753 Executing VM operation: HandshakeOneThread done
Event: 9.753 Thread 0x0000023a3d207800 Thread exited: 0x0000023a3d207800


Dynamic libraries:
0x00007ff729530000 - 0x00007ff72953d000 	C:\Program Files\AdoptOpenJDK\jdk-14.0.2.12-hotspot\bin\java.exe
0x00007ffa25ff0000 - 0x00007ffa261e5000 	C:\WINDOWS\SYSTEM32\ntdll.dll
0x00007ffa256d0000 - 0x00007ffa2578d000 	C:\WINDOWS\System32\KERNEL32.DLL
0x00007ffa23bd0000 - 0x00007ffa23e98000 	C:\WINDOWS\System32\KERNELBASE.dll
0x00007ffa23730000 - 0x00007ffa23830000 	C:\WINDOWS\System32\ucrtbase.dll
0x00007ffa0aef0000 - 0x00007ffa0af08000 	C:\Program Files\AdoptOpenJDK\jdk-14.0.2.12-hotspot\bin\jli.dll
0x00007ffa07880000 - 0x00007ffa07895000 	C:\Program Files\AdoptOpenJDK\jdk-14.0.2.12-hotspot\bin\VCRUNTIME140.dll
0x00007ffa258d0000 - 0x00007ffa25a70000 	C:\WINDOWS\System32\USER32.dll
0x00007ffa23830000 - 0x00007ffa23852000 	C:\WINDOWS\System32\win32u.dll
0x00007ffa0fab0000 - 0x00007ffa0fd4a000 	C:\WINDOWS\WinSxS\amd64_microsoft.windows.common-controls_6595b64144ccf1df_6.0.19041.844_none_ca00b6081b84eb1d\COMCTL32.dll
0x00007ffa25f80000 - 0x00007ffa25faa000 	C:\WINDOWS\System32\GDI32.dll
0x00007ffa25630000 - 0x00007ffa256ce000 	C:\WINDOWS\System32\msvcrt.dll
0x00007ffa23f40000 - 0x00007ffa2404b000 	C:\WINDOWS\System32\gdi32full.dll
0x00007ffa23ea0000 - 0x00007ffa23f3d000 	C:\WINDOWS\System32\msvcp_win.dll
0x00007ffa258a0000 - 0x00007ffa258d0000 	C:\WINDOWS\System32\IMM32.DLL
0x00007ffa04e70000 - 0x00007ffa04f0b000 	C:\Program Files\AdoptOpenJDK\jdk-14.0.2.12-hotspot\bin\msvcp140.dll
0x00007ff9d2b90000 - 0x00007ff9d3724000 	C:\Program Files\AdoptOpenJDK\jdk-14.0.2.12-hotspot\bin\server\jvm.dll
0x00007ffa24f00000 - 0x00007ffa24fac000 	C:\WINDOWS\System32\ADVAPI32.dll
0x00007ffa25a70000 - 0x00007ffa25b0b000 	C:\WINDOWS\System32\sechost.dll
0x00007ffa25090000 - 0x00007ffa251bb000 	C:\WINDOWS\System32\RPCRT4.dll
0x00007ffa244f0000 - 0x00007ffa244f8000 	C:\WINDOWS\System32\PSAPI.DLL
0x00007ffa04cc0000 - 0x00007ffa04cc9000 	C:\WINDOWS\SYSTEM32\WSOCK32.dll
0x00007ffa15830000 - 0x00007ffa15857000 	C:\WINDOWS\SYSTEM32\WINMM.dll
0x00007ffa25350000 - 0x00007ffa253bb000 	C:\WINDOWS\System32\WS2_32.dll
0x00007ffa164f0000 - 0x00007ffa164fa000 	C:\WINDOWS\SYSTEM32\VERSION.dll
0x00007ffa22000000 - 0x00007ffa22012000 	C:\WINDOWS\SYSTEM32\kernel.appcore.dll
0x00007ffa1dfe0000 - 0x00007ffa1dfea000 	C:\Program Files\AdoptOpenJDK\jdk-14.0.2.12-hotspot\bin\jimage.dll
0x00007ffa19c90000 - 0x00007ffa19e74000 	C:\WINDOWS\SYSTEM32\DBGHELP.DLL
0x00007ffa19f40000 - 0x00007ffa19f6c000 	C:\WINDOWS\SYSTEM32\dbgcore.DLL
0x00007ffa23b20000 - 0x00007ffa23ba0000 	C:\WINDOWS\System32\bcryptPrimitives.dll
0x00007ffa10660000 - 0x00007ffa10698000 	C:\Program Files\AdoptOpenJDK\jdk-14.0.2.12-hotspot\bin\jdwp.dll
0x00007ffa07850000 - 0x00007ffa07875000 	C:\Program Files\AdoptOpenJDK\jdk-14.0.2.12-hotspot\bin\java.dll
0x00007ffa1b490000 - 0x00007ffa1b49e000 	C:\Program Files\AdoptOpenJDK\jdk-14.0.2.12-hotspot\bin\instrument.dll
0x00007ffa07830000 - 0x00007ffa07846000 	C:\Program Files\AdoptOpenJDK\jdk-14.0.2.12-hotspot\bin\zip.dll
0x00007ffa24700000 - 0x00007ffa24e42000 	C:\WINDOWS\System32\SHELL32.dll
0x00007ffa21860000 - 0x00007ffa21ff0000 	C:\WINDOWS\SYSTEM32\windows.storage.dll
0x00007ffa24190000 - 0x00007ffa244e5000 	C:\WINDOWS\System32\combase.dll
0x00007ffa231a0000 - 0x00007ffa231cc000 	C:\WINDOWS\SYSTEM32\Wldp.dll
0x00007ffa24e50000 - 0x00007ffa24efe000 	C:\WINDOWS\System32\SHCORE.dll
0x00007ffa25790000 - 0x00007ffa257e5000 	C:\WINDOWS\System32\shlwapi.dll
0x00007ffa23670000 - 0x00007ffa2368f000 	C:\WINDOWS\SYSTEM32\profapi.dll
0x00007ffa1b480000 - 0x00007ffa1b48a000 	C:\Program Files\AdoptOpenJDK\jdk-14.0.2.12-hotspot\bin\dt_socket.dll
0x00007ffa22bb0000 - 0x00007ffa22beb000 	C:\WINDOWS\SYSTEM32\IPHLPAPI.DLL
0x00007ffa22f10000 - 0x00007ffa22f7a000 	C:\WINDOWS\system32\mswsock.dll
0x00007ffa07810000 - 0x00007ffa07829000 	C:\Program Files\AdoptOpenJDK\jdk-14.0.2.12-hotspot\bin\net.dll
0x00007ffa16080000 - 0x00007ffa1618b000 	C:\WINDOWS\SYSTEM32\WINHTTP.dll
0x00007ffa05450000 - 0x00007ffa05462000 	C:\Program Files\AdoptOpenJDK\jdk-14.0.2.12-hotspot\bin\nio.dll
0x00007ffa1d9a0000 - 0x00007ffa1d9b0000 	C:\Program Files\AdoptOpenJDK\jdk-14.0.2.12-hotspot\bin\verify.dll
0x0000000067ef0000 - 0x0000000067fb8000 	C:\Users\starw\AppData\Local\Temp\arc\5f24d8af\arc64.dll
0x0000000067d10000 - 0x0000000067eea000 	C:\Users\starw\AppData\Local\Temp\arc\87dfef74\sdl-arc64.dll
0x00007ffa25220000 - 0x00007ffa2534a000 	C:\WINDOWS\System32\ole32.dll
0x00007ffa24500000 - 0x00007ffa245cd000 	C:\WINDOWS\System32\OLEAUT32.dll
0x00007ffa25b10000 - 0x00007ffa25f79000 	C:\WINDOWS\System32\SETUPAPI.dll
0x00007ffa23860000 - 0x00007ffa238ae000 	C:\WINDOWS\System32\cfgmgr32.dll
0x00007ffa23ba0000 - 0x00007ffa23bc7000 	C:\WINDOWS\System32\bcrypt.dll
0x00007ffa065a0000 - 0x00007ffa066c6000 	C:\WINDOWS\SYSTEM32\OPENGL32.dll
0x00007ffa06530000 - 0x00007ffa0655c000 	C:\WINDOWS\SYSTEM32\GLU32.dll
0x00007ffa20dd0000 - 0x00007ffa20e6e000 	C:\WINDOWS\system32\uxtheme.dll
0x00007ffa245d0000 - 0x00007ffa246e5000 	C:\WINDOWS\System32\MSCTF.dll
0x00007ffa253c0000 - 0x00007ffa25469000 	C:\WINDOWS\System32\clbcatq.dll
0x00007ff9f3cc0000 - 0x00007ff9f4808000 	C:\WINDOWS\SYSTEM32\ig75icd64.dll
0x00007ffa17260000 - 0x00007ffa17ca0000 	C:\WINDOWS\SYSTEM32\igdusc64.dll
0x00007ffa1e580000 - 0x00007ffa1e594000 	C:\WINDOWS\SYSTEM32\WTSAPI32.dll
0x00007ffa21080000 - 0x00007ffa210af000 	C:\WINDOWS\SYSTEM32\dwmapi.dll
0x00007ffa19300000 - 0x00007ffa1933b000 	C:\WINDOWS\SYSTEM32\dxcore.dll
0x00007ffa22d20000 - 0x00007ffa22d6b000 	C:\WINDOWS\SYSTEM32\powrprof.dll
0x00007ffa22b90000 - 0x00007ffa22ba2000 	C:\WINDOWS\SYSTEM32\UMPDC.dll
0x00007ffa21740000 - 0x00007ffa21837000 	C:\WINDOWS\SYSTEM32\PROPSYS.dll
0x00007ffa16c30000 - 0x00007ffa16c96000 	C:\WINDOWS\SYSTEM32\OLEACC.dll
0x00007ffa139c0000 - 0x00007ffa13ab9000 	C:\WINDOWS\SYSTEM32\textinputframework.dll
0x00007ffa203c0000 - 0x00007ffa2071e000 	C:\WINDOWS\System32\CoreUIComponents.dll
0x00007ffa22470000 - 0x00007ffa224a3000 	C:\WINDOWS\SYSTEM32\ntmarta.dll
0x00007ffa1f3e0000 - 0x00007ffa1f534000 	C:\WINDOWS\SYSTEM32\wintypes.dll
0x00007ffa20aa0000 - 0x00007ffa20b92000 	C:\WINDOWS\System32\CoreMessaging.dll
0x00007ffa13e40000 - 0x00007ffa13e81000 	C:\Windows\System32\IME\IMEKR\imkrapi.dll
0x00007ffa1ee90000 - 0x00007ffa1ef30000 	C:\WINDOWS\SYSTEM32\policymanager.dll
0x00007ffa228d0000 - 0x00007ffa2295a000 	C:\WINDOWS\SYSTEM32\msvcp110_win.dll
0x00007ffa142d0000 - 0x00007ffa1430e000 	C:\Windows\System32\IME\shared\imjkapi.dll
0x00007ffa22070000 - 0x00007ffa22164000 	C:\WINDOWS\SYSTEM32\dxgi.dll
0x00007ffa1f9a0000 - 0x00007ffa1fc04000 	C:\WINDOWS\SYSTEM32\d3d11.dll
0x00007ffa1d210000 - 0x00007ffa1d295000 	C:\WINDOWS\System32\MMDevApi.dll
0x00007ffa23500000 - 0x00007ffa2352c000 	C:\WINDOWS\System32\DEVOBJ.dll
0x00007ffa1d2b0000 - 0x00007ffa1d431000 	C:\WINDOWS\SYSTEM32\AUDIOSES.DLL
0x00007ffa20f90000 - 0x00007ffa20fa4000 	C:\WINDOWS\SYSTEM32\resourcepolicyclient.dll
0x00007ffa230e0000 - 0x00007ffa230f8000 	C:\WINDOWS\SYSTEM32\CRYPTSP.dll
0x00007ffa22840000 - 0x00007ffa22874000 	C:\WINDOWS\system32\rsaenh.dll
0x00007ffa235f0000 - 0x00007ffa2361e000 	C:\WINDOWS\SYSTEM32\USERENV.dll
0x00007ffa23100000 - 0x00007ffa2310c000 	C:\WINDOWS\SYSTEM32\CRYPTBASE.dll
0x00007ffa246f0000 - 0x00007ffa246f8000 	C:\WINDOWS\System32\NSI.dll
0x00007ffa192e0000 - 0x00007ffa192f7000 	C:\WINDOWS\SYSTEM32\dhcpcsvc6.DLL
0x00007ffa1a090000 - 0x00007ffa1a0ad000 	C:\WINDOWS\SYSTEM32\dhcpcsvc.DLL
0x00007ffa22c00000 - 0x00007ffa22ccc000 	C:\WINDOWS\SYSTEM32\DNSAPI.dll
0x0000000066f40000 - 0x0000000066fc3000 	C:\Users\starw\AppData\Local\Temp\liblz4-java-1076125318942146905.so
0x00007ffa1e2d0000 - 0x00007ffa1e37e000 	C:\WINDOWS\SYSTEM32\mscms.dll
0x00007ffa1e260000 - 0x00007ffa1e271000 	C:\WINDOWS\SYSTEM32\ColorAdapterClient.dll
0x00007ffa10700000 - 0x00007ffa10743000 	C:\WINDOWS\SYSTEM32\icm32.dll
0x0000000067ca0000 - 0x0000000067d07000 	C:\Users\starw\AppData\Local\Temp\arc\955ce679\arc-freetype64.dll

dbghelp: loaded successfully - version: 4.0.5 - missing functions: none
symbol engine: initialized successfully - sym options: 0x614 - pdb path: .;C:\Program Files\AdoptOpenJDK\jdk-14.0.2.12-hotspot\bin;C:\WINDOWS\SYSTEM32;C:\WINDOWS\WinSxS\amd64_microsoft.windows.common-controls_6595b64144ccf1df_6.0.19041.844_none_ca00b6081b84eb1d;C:\Program Files\AdoptOpenJDK\jdk-14.0.2.12-hotspot\bin\server;C:\Users\starw\AppData\Local\Temp\arc\5f24d8af;C:\Users\starw\AppData\Local\Temp\arc\87dfef74;C:\Windows\System32\IME\IMEKR;C:\Windows\System32\IME\shared;C:\Users\starw\AppData\Local\Temp;C:\Users\starw\AppData\Local\Temp\arc\955ce679

VM Arguments:
jvm_args: -agentlib:jdwp=transport=dt_socket,address=127.0.0.1:50030,suspend=y,server=n -javaagent:C:\Users\starw\AppData\Local\JetBrains\IdeaIC2020.3\groovyHotSwap\gragent.jar -javaagent:C:\Users\starw\AppData\Local\JetBrains\IdeaIC2020.3\captureAgent\debugger-agent.jar -Dfile.encoding=x-windows-949 
java_command: C:\Users\starw\AppData\Roaming\Mindustry\be_builds\client-be-21177.jar
java_class_path (initial): C:\Users\starw\AppData\Roaming\Mindustry\be_builds\client-be-21177.jar
Launcher Type: SUN_STANDARD

[Global flags]
     intx CICompilerCount                          = 3                                         {product} {ergonomic}
     uint ConcGCThreads                            = 1                                         {product} {ergonomic}
     uint G1ConcRefinementThreads                  = 4                                         {product} {ergonomic}
   size_t G1HeapRegionSize                         = 1048576                                   {product} {ergonomic}
    uintx GCDrainStackTargetSize                   = 64                                        {product} {ergonomic}
   size_t InitialHeapSize                          = 134217728                                 {product} {ergonomic}
   size_t MarkStackSize                            = 4194304                                   {product} {ergonomic}
   size_t MaxHeapSize                              = 2126512128                                {product} {ergonomic}
   size_t MaxNewSize                               = 1275068416                                {product} {ergonomic}
   size_t MinHeapDeltaBytes                        = 1048576                                   {product} {ergonomic}
   size_t MinHeapSize                              = 8388608                                   {product} {ergonomic}
    uintx NonNMethodCodeHeapSize                   = 5832780                                {pd product} {ergonomic}
    uintx NonProfiledCodeHeapSize                  = 122912730                              {pd product} {ergonomic}
    uintx ProfiledCodeHeapSize                     = 122912730                              {pd product} {ergonomic}
    uintx ReservedCodeCacheSize                    = 251658240                              {pd product} {ergonomic}
     bool SegmentedCodeCache                       = true                                      {product} {ergonomic}
   size_t SoftMaxHeapSize                          = 2126512128                             {manageable} {ergonomic}
     bool UseCompressedClassPointers               = true                                 {lp64_product} {ergonomic}
     bool UseCompressedOops                        = true                                 {lp64_product} {ergonomic}
     bool UseG1GC                                  = true                                      {product} {ergonomic}
     bool UseLargePagesIndividualAllocation        = false                                  {pd product} {ergonomic}

Logging:
Log output configuration:
 #0: stdout all=warning uptime,level,tags
 #1: stderr all=off uptime,level,tags

Environment Variables:
JAVA_HOME=C:\Program Files\AdoptOpenJDK\jdk-14.0.2.12-hotspot\
PATH=C:\Program Files\AdoptOpenJDK\jdk-14.0.2.12-hotspot\bin;C:\Users\starw\AppData\Roaming\npm;C:\Program Files\nodejs\;C:\WINDOWS\system32;C:\WINDOWS;C:\WINDOWS\System32\Wbem;C:\WINDOWS\System32\WindowsPowerShell\v1.0\;C:\WINDOWS\System32\OpenSSH\;C:\Gradle\gradle-6.7.1\bin;C:\Android\cmdline-tools\bin;C:\Users\starw\ANDROID_HOME\build-tools\29.0.3;C:\Program Files\Git\cmd;C:\Users\starw\AppData\Local\Microsoft\WindowsApps;C:\Users\starw\AppData\Local\Programs\Microsoft VS Code\bin;C:\Users\starw\AppData\Local\atom\bin;C:\Users\starw\AppData\Local\GitHubDesktop\bin;C:\Users\starw\AppData\Roaming\npm;C:\Users\starw\AppData\Local\Microsoft\WindowsApps;;C:\Program Files\JetBrains\IntelliJ IDEA Community Edition 2020.3\bin;
USERNAME=sunny
OS=Windows_NT
PROCESSOR_IDENTIFIER=Intel64 Family 6 Model 69 Stepping 1, GenuineIntel



---------------  S Y S T E M  ---------------

OS: Windows 10 , 64 bit Build 19041 (10.0.19041.928)
OS uptime: 0 days 0:49 hours

CPU:total 4 (initial active 4) (2 cores per cpu, 2 threads per core) family 6 model 69 stepping 1, cmov, cx8, fxsr, mmx, sse, sse2, sse3, ssse3, sse4.1, sse4.2, popcnt, avx, avx2, aes, clmul, erms, lzcnt, ht, tsc, tscinvbit, bmi1, bmi2, fma

Memory: 4k page, system-wide physical 8106M (2002M free)
TotalPageFile size 14250M (AvailPageFile size 6838M)
current process WorkingSet (physical memory assigned to process): 919M, peak: 1030M
current process commit charge ("private bytes"): 1004M, peak: 1116M

vm_info: OpenJDK 64-Bit Server VM (14.0.2+12) for windows-amd64 JRE (14.0.2+12), built on Jul 15 2020 11:30:16 by "" with MS VC++ 15.9 (VS2017)

END.
