#
# A fatal error has been detected by the Java Runtime Environment:
#
#  EXCEPTION_ACCESS_VIOLATION (0xc0000005) at pc=0x00007ffa24634902, pid=16212, tid=16096
#
# JRE version: OpenJDK Runtime Environment AdoptOpenJDK (14.0.2+12) (build 14.0.2+12)
# Java VM: OpenJDK 64-Bit Server VM AdoptOpenJDK (14.0.2+12, mixed mode, sharing, tiered, compressed oops, g1 gc, windows-amd64)
# Problematic frame:
# C  [MSCTF.dll+0x64902]
#
# No core dump will be written. Minidumps are not enabled by default on client versions of Windows
#
# If you would like to submit a bug report, please visit:
#   https://github.com/AdoptOpenJDK/openjdk-support/issues
# The crash happened outside the Java Virtual Machine in native code.
# See problematic frame for where to report the bug.
#

---------------  S U M M A R Y ------------

Command Line: -agentlib:jdwp=transport=dt_socket,address=127.0.0.1:50023,suspend=y,server=n -javaagent:C:\Users\starw\AppData\Local\JetBrains\IdeaIC2020.3\groovyHotSwap\gragent.jar -javaagent:C:\Users\starw\AppData\Local\JetBrains\IdeaIC2020.3\captureAgent\debugger-agent.jar -Dfile.encoding=x-windows-949 C:\Users\starw\AppData\Roaming\Mindustry\be_builds\client-be-21177.jar

Host: Intel(R) Core(TM) i7-4500U CPU @ 1.80GHz, 4 cores, 7G,  Windows 10 , 64 bit Build 19041 (10.0.19041.928)
Time: Sun Jun 13 13:06:18 2021 대한민국 표준시 elapsed time: 39 seconds (0d 0h 0m 39s)

---------------  T H R E A D  ---------------

Current thread (0x000002a7db9c9800):  JavaThread "main" [_thread_in_native, id=16096, stack(0x000000d9af500000,0x000000d9af600000)]

Stack: [0x000000d9af500000,0x000000d9af600000],  sp=0x000000d9af5fed70,  free space=1019k
Native frames: (J=compiled Java code, j=interpreted, Vv=VM code, C=native code)
C  [MSCTF.dll+0x64902]

Java frames: (J=compiled Java code, j=interpreted, Vv=VM code)
j  arc.backend.sdl.jni.SDL.SDL_Quit()V+0
j  arc.backend.sdl.SdlApplication.cleanup()V+20
j  arc.backend.sdl.SdlApplication.<init>(Larc/ApplicationListener;Larc/backend/sdl/SdlConfig;)V+164
j  mindustry.desktop.DesktopLauncher.main([Ljava/lang/String;)V+23
v  ~StubRoutines::call_stub

siginfo: EXCEPTION_ACCESS_VIOLATION (0xc0000005), reading address 0x00007ffa052d4f40


Register to memory mapping:

RIP=0x00007ffa24634902 MSCTF.dll
RAX=0x00007ffa052d4f30 is an unknown value
RBX=0x000002a7fb0d1d40 points into unknown readable memory: 20 86 6a 24 fa 7f 00 00
RCX=0x000002a7fb1dabd0 points into unknown readable memory: 30 4f 2d 05 fa 7f 00 00
RDX=0x0 is NULL
RSP=0x000000d9af5fed70 is pointing into the stack for thread: 0x000002a7db9c9800
RBP=0x000000d9af5ff1b0 is pointing into the stack for thread: 0x000002a7db9c9800
RSI=0x0 is NULL
RDI=0x000002a83bcd5bc0 points into unknown readable memory: 80 5e 6a 24 fa 7f 00 00
R8 =0x0000000000000002 is an unknown value
R9 =0x0000000000000001 is an unknown value
R10=0x0 is NULL
R11=0x000000d9af5fece0 is pointing into the stack for thread: 0x000002a7db9c9800
R12=0x00000000000003ff is an unknown value
R13={method} {0x000002a7fa9a68a8} 'SDL_Quit' '()V' in 'arc/backend/sdl/jni/SDL'
R14=0x0 is NULL
R15=0x0 is NULL


Registers:
RAX=0x00007ffa052d4f30, RBX=0x000002a7fb0d1d40, RCX=0x000002a7fb1dabd0, RDX=0x0000000000000000
RSP=0x000000d9af5fed70, RBP=0x000000d9af5ff1b0, RSI=0x0000000000000000, RDI=0x000002a83bcd5bc0
R8 =0x0000000000000002, R9 =0x0000000000000001, R10=0x0000000000000000, R11=0x000000d9af5fece0
R12=0x00000000000003ff, R13=0x000002a7fa9a68a0, R14=0x0000000000000000, R15=0x0000000000000000
RIP=0x00007ffa24634902, EFLAGS=0x0000000000210202

Top of Stack: (sp=0x000000d9af5fed70)
0x000000d9af5fed70:   000002a700000002 000002a7fb0d1d40
0x000000d9af5fed80:   00000000ffffffff 00007ffa245e4e8c
0x000000d9af5fed90:   000002a7fb0d1d40 00007ffa24634b42
0x000000d9af5feda0:   0000000000000000 000002a83bcd5bc0
0x000000d9af5fedb0:   0000000000000080 000002a800000000
0x000000d9af5fedc0:   0000000000000000 00007ffa24636f57
0x000000d9af5fedd0:   000002a83bcd5bc0 000002a7fa9a68a0
0x000000d9af5fede0:   0000000000000000 000002a83bcd5bc0
0x000000d9af5fedf0:   000002a83bcd5bc0 00007ffa2461c2c2
0x000000d9af5fee00:   000002a7fb0d1d40 000000d9af5ff1b0
0x000000d9af5fee10:   0000000000000001 000002a83bcd5bc0
0x000000d9af5fee20:   000002a83bcd5bc0 00007ffa245f1cd8
0x000000d9af5fee30:   000002a83bb69460 000000d9af5ff1b0
0x000000d9af5fee40:   0000000000000001 0000000000000001
0x000000d9af5fee50:   0000000000000101 0000000000000001
0x000000d9af5fee60:   0000000100000001 0000000100000000 

Instructions: (pc=0x00007ffa24634902)
0x00007ffa24634802:   01 49 8b f8 48 89 51 10 48 8b d9 48 85 d2 74 10
0x00007ffa24634812:   48 8b 02 48 8b ca 48 8b 40 08 ff 15 ee 87 07 00
0x00007ffa24634822:   48 89 7b 18 48 85 ff 74 10 48 8b 07 48 8b cf 48
0x00007ffa24634832:   8b 40 08 ff 15 d5 87 07 00 48 8b c3 48 8b 5c 24
0x00007ffa24634842:   30 48 83 c4 20 5f c3 cc cc cc cc cc cc cc c7 41
0x00007ffa24634852:   10 01 00 00 00 48 8d 05 c2 3d 07 00 48 89 01 33
0x00007ffa24634862:   d2 48 8d 05 9e 3b 07 00 48 89 41 08 48 8d 05 4b
0x00007ffa24634872:   0c 07 00 48 89 51 38 48 89 51 40 48 89 41 60 48
0x00007ffa24634882:   8b c1 48 89 51 70 48 89 51 68 48 89 51 78 48 89
0x00007ffa24634892:   91 80 00 00 00 c3 cc cc cc cc cc cc cc cc e9 93
0x00007ffa246348a2:   12 fa ff cc cc cc cc cc cc cc e9 bb 17 fa ff cc
0x00007ffa246348b2:   cc cc cc cc cc cc 40 53 48 83 ec 20 48 8d 05 5b
0x00007ffa246348c2:   3d 07 00 48 8b d9 48 89 01 48 8d 05 36 3b 07 00
0x00007ffa246348d2:   48 89 41 08 e8 5d 2f 00 00 48 8b 4b 48 48 85 c9
0x00007ffa246348e2:   74 12 48 8b 01 48 8b 40 10 ff 15 1f 87 07 00 48
0x00007ffa246348f2:   83 63 48 00 48 8b 4b 18 48 85 c9 74 12 48 8b 01
0x00007ffa24634902:   48 8b 40 10 ff 15 04 87 07 00 48 83 63 18 00 48
0x00007ffa24634912:   8b 8b 90 00 00 00 48 85 c9 74 0d e8 aa 6c 01 00
0x00007ffa24634922:   48 83 a3 90 00 00 00 00 48 8b 8b 80 00 00 00 48
0x00007ffa24634932:   85 c9 74 0d 48 8b 01 48 8b 40 10 ff 15 cd 86 07
0x00007ffa24634942:   00 48 8b 4b 78 48 85 c9 74 0d 48 8b 01 48 8b 40
0x00007ffa24634952:   10 ff 15 b7 86 07 00 48 8b 4b 68 48 8d 05 5c 0b
0x00007ffa24634962:   07 00 48 89 43 60 48 85 c9 74 0c 48 ff 15 14 7f
0x00007ffa24634972:   07 00 0f 1f 44 00 00 48 8b 4b 40 48 85 c9 74 0d
0x00007ffa24634982:   48 8b 01 48 8b 40 10 ff 15 81 86 07 00 48 8b 4b
0x00007ffa24634992:   38 48 85 c9 74 0d 48 8b 01 48 8b 40 10 ff 15 6b
0x00007ffa246349a2:   86 07 00 48 83 c4 20 5b c3 cc cc cc cc cc cc cc
0x00007ffa246349b2:   cc cc 40 53 48 83 ec 20 48 8d 05 3f 3b 07 00 48
0x00007ffa246349c2:   8b d9 48 89 01 48 8d 05 02 3b 07 00 48 89 41 08
0x00007ffa246349d2:   48 8d 05 af 3a 07 00 48 89 41 10 48 8d 05 7c 3a
0x00007ffa246349e2:   07 00 48 89 41 18 48 8d 05 19 3a 07 00 48 89 41
0x00007ffa246349f2:   20 48 83 c1 58 e8 90 07 00 00 48 8d 05 75 0f 07 


Stack slot to memory mapping:
stack at sp + 0 slots: 0x000002a700000002 is an unknown value
stack at sp + 1 slots: 0x000002a7fb0d1d40 points into unknown readable memory: 20 86 6a 24 fa 7f 00 00
stack at sp + 2 slots: 0x00000000ffffffff points into unknown readable memory: 00
stack at sp + 3 slots: 0x00007ffa245e4e8c MSCTF.dll
stack at sp + 4 slots: 0x000002a7fb0d1d40 points into unknown readable memory: 20 86 6a 24 fa 7f 00 00
stack at sp + 5 slots: 0x00007ffa24634b42 MSCTF.dll
stack at sp + 6 slots: 0x0 is NULL
stack at sp + 7 slots: 0x000002a83bcd5bc0 points into unknown readable memory: 80 5e 6a 24 fa 7f 00 00


---------------  P R O C E S S  ---------------

Threads class SMR info:
_java_thread_list=0x000002a843fbc820, length=18, elements={
0x000002a7db9c9800, 0x000002a7fa469800, 0x000002a7fa46d800, 0x000002a7fa48d800,
0x000002a7fa48f800, 0x000002a7fa493000, 0x000002a7fa496000, 0x000002a7fa49f000,
0x000002a7fa4a3000, 0x000002a7fa44f800, 0x000002a7fae4f000, 0x000002a7faeb5800,
0x000002a7faeb6800, 0x000002a7faeb7800, 0x000002a845667000, 0x000002a85eba7800,
0x000002a85efc4800, 0x000002a84559d800
}

Java Threads: ( => current thread )
=>0x000002a7db9c9800 JavaThread "main" [_thread_in_native, id=16096, stack(0x000000d9af500000,0x000000d9af600000)]
  0x000002a7fa469800 JavaThread "Reference Handler" daemon [_thread_blocked, id=14428, stack(0x000000d9afc00000,0x000000d9afd00000)]
  0x000002a7fa46d800 JavaThread "Finalizer" daemon [_thread_blocked, id=16100, stack(0x000000d9afd00000,0x000000d9afe00000)]
  0x000002a7fa48d800 JavaThread "Signal Dispatcher" daemon [_thread_blocked, id=11668, stack(0x000000d9afe00000,0x000000d9aff00000)]
  0x000002a7fa48f800 JavaThread "Attach Listener" daemon [_thread_blocked, id=7500, stack(0x000000d9aff00000,0x000000d9b0000000)]
  0x000002a7fa493000 JavaThread "Service Thread" daemon [_thread_blocked, id=6816, stack(0x000000d9b0000000,0x000000d9b0100000)]
  0x000002a7fa496000 JavaThread "C2 CompilerThread0" daemon [_thread_blocked, id=14832, stack(0x000000d9b0100000,0x000000d9b0200000)]
  0x000002a7fa49f000 JavaThread "C1 CompilerThread0" daemon [_thread_blocked, id=6904, stack(0x000000d9b0200000,0x000000d9b0300000)]
  0x000002a7fa4a3000 JavaThread "Sweeper thread" daemon [_thread_blocked, id=15716, stack(0x000000d9b0300000,0x000000d9b0400000)]
  0x000002a7fa44f800 JavaThread "Common-Cleaner" daemon [_thread_blocked, id=12184, stack(0x000000d9b0400000,0x000000d9b0500000)]
  0x000002a7fae4f000 JavaThread "JDWP Transport Listener: dt_socket" daemon [_thread_blocked, id=12572, stack(0x000000d9b0500000,0x000000d9b0600000)]
  0x000002a7faeb5800 JavaThread "JDWP Event Helper Thread" daemon [_thread_blocked, id=10960, stack(0x000000d9b0600000,0x000000d9b0700000)]
  0x000002a7faeb6800 JavaThread "JDWP Command Reader" daemon [_thread_in_native, id=10316, stack(0x000000d9b0700000,0x000000d9b0800000)]
  0x000002a7faeb7800 JavaThread "Notification Thread" daemon [_thread_blocked, id=15664, stack(0x000000d9b0800000,0x000000d9b0900000)]
  0x000002a845667000 JavaThread "AsyncExecutor-Thread" daemon [_thread_blocked, id=15500, stack(0x000000d9b1300000,0x000000d9b1400000)]
  0x000002a85eba7800 JavaThread "AsyncExecutor-Thread" daemon [_thread_blocked, id=15548, stack(0x000000d9b1700000,0x000000d9b1800000)]
  0x000002a85efc4800 JavaThread "Thread-0" daemon [_thread_blocked, id=14856, stack(0x000000d9b1a00000,0x000000d9b1b00000)]
  0x000002a84559d800 JavaThread "AsyncExecutor-Thread" daemon [_thread_blocked, id=16104, stack(0x000000d9b1900000,0x000000d9b1a00000)]

Other Threads:
  0x000002a7fa467800 VMThread "VM Thread" [stack: 0x000000d9afb00000,0x000000d9afc00000] [id=8524]
  0x000002a7faee4000 WatcherThread [stack: 0x000000d9b0900000,0x000000d9b0a00000] [id=4788]
  0x000002a7dba0d800 GCTaskThread "GC Thread#0" [stack: 0x000000d9af600000,0x000000d9af700000] [id=15204]
  0x000002a83bf59000 GCTaskThread "GC Thread#1" [stack: 0x000000d9b1100000,0x000000d9b1200000] [id=16088]
  0x000002a83bdff000 GCTaskThread "GC Thread#2" [stack: 0x000000d9b1200000,0x000000d9b1300000] [id=11220]
  0x000002a7dba20000 ConcurrentGCThread "G1 Main Marker" [stack: 0x000000d9af700000,0x000000d9af800000] [id=7896]
  0x000002a7dba22000 ConcurrentGCThread "G1 Conc#0" [stack: 0x000000d9af800000,0x000000d9af900000] [id=7944]
  0x000002a7dbaad000 ConcurrentGCThread "G1 Refine#0" [stack: 0x000000d9af900000,0x000000d9afa00000] [id=14852]
  0x000002a84d178000 ConcurrentGCThread "G1 Refine#1" [stack: 0x000000d9b1600000,0x000000d9b1700000] [id=14712]
  0x000002a7dbaae000 ConcurrentGCThread "G1 Young RemSet Sampling" [stack: 0x000000d9afa00000,0x000000d9afb00000] [id=15648]

Threads with active compile tasks:

VM state:not at safepoint (normal execution)

VM Mutex/Monitor currently owned by a thread: None

Heap address: 0x0000000081400000, size: 2028 MB, Compressed Oops mode: 32-bit
Narrow klass base: 0x0000000800000000, Narrow klass shift: 3
Compressed class space size: 1073741824 Address: 0x0000000800b30000

Heap:
 garbage-first heap   total 59392K, used 40869K [0x0000000081400000, 0x0000000100000000)
  region size 1024K, 8 young (8192K), 2 survivors (2048K)
 Metaspace       used 32863K, capacity 35016K, committed 35200K, reserved 1079296K
  class space    used 4793K, capacity 5720K, committed 5760K, reserved 1048576K
Heap Regions: E=young(eden), S=young(survivor), O=old, HS=humongous(starts), HC=humongous(continues), CS=collection set, F=free, OA=open archive, CA=closed archive, TAMS=top-at-mark-start (previous, next)
|   0|0x0000000081400000, 0x0000000081500000, 0x0000000081500000|100%| O|  |TAMS 0x0000000081500000, 0x0000000081400000| Untracked 
|   1|0x0000000081500000, 0x0000000081600000, 0x0000000081600000|100%|HS|  |TAMS 0x0000000081600000, 0x0000000081500000| Complete 
|   2|0x0000000081600000, 0x0000000081700000, 0x0000000081700000|100%| O|  |TAMS 0x0000000081700000, 0x0000000081600000| Untracked 
|   3|0x0000000081700000, 0x0000000081786000, 0x0000000081800000| 52%| O|  |TAMS 0x0000000081786000, 0x0000000081700000| Untracked 
|   4|0x0000000081800000, 0x0000000081900000, 0x0000000081900000|100%| O|  |TAMS 0x0000000081900000, 0x0000000081800000| Untracked 
|   5|0x0000000081900000, 0x0000000081a00000, 0x0000000081a00000|100%| O|  |TAMS 0x0000000081a00000, 0x0000000081900000| Untracked 
|   6|0x0000000081a00000, 0x0000000081b00000, 0x0000000081b00000|100%| O|  |TAMS 0x0000000081b00000, 0x0000000081a00000| Untracked 
|   7|0x0000000081b00000, 0x0000000081c00000, 0x0000000081c00000|100%| O|  |TAMS 0x0000000081c00000, 0x0000000081b00000| Untracked 
|   8|0x0000000081c00000, 0x0000000081d00000, 0x0000000081d00000|100%| O|  |TAMS 0x0000000081d00000, 0x0000000081c00000| Untracked 
|   9|0x0000000081d00000, 0x0000000081e00000, 0x0000000081e00000|100%| O|  |TAMS 0x0000000081e00000, 0x0000000081d00000| Untracked 
|  10|0x0000000081e00000, 0x0000000081f00000, 0x0000000081f00000|100%| O|  |TAMS 0x0000000081f00000, 0x0000000081e00000| Untracked 
|  11|0x0000000081f00000, 0x0000000082000000, 0x0000000082000000|100%| O|  |TAMS 0x0000000082000000, 0x0000000081f00000| Untracked 
|  12|0x0000000082000000, 0x0000000082100000, 0x0000000082100000|100%| O|  |TAMS 0x0000000082100000, 0x0000000082000000| Untracked 
|  13|0x0000000082100000, 0x0000000082200000, 0x0000000082200000|100%| O|  |TAMS 0x0000000082200000, 0x0000000082100000| Untracked 
|  14|0x0000000082200000, 0x0000000082300000, 0x0000000082300000|100%| O|  |TAMS 0x0000000082300000, 0x0000000082200000| Untracked 
|  15|0x0000000082300000, 0x0000000082400000, 0x0000000082400000|100%| O|  |TAMS 0x0000000082400000, 0x0000000082300000| Untracked 
|  16|0x0000000082400000, 0x0000000082500000, 0x0000000082500000|100%| O|  |TAMS 0x0000000082500000, 0x0000000082400000| Untracked 
|  17|0x0000000082500000, 0x0000000082600000, 0x0000000082600000|100%| O|  |TAMS 0x0000000082600000, 0x0000000082500000| Untracked 
|  18|0x0000000082600000, 0x0000000082700000, 0x0000000082700000|100%| O|  |TAMS 0x0000000082700000, 0x0000000082600000| Untracked 
|  19|0x0000000082700000, 0x0000000082800000, 0x0000000082800000|100%| O|  |TAMS 0x0000000082800000, 0x0000000082700000| Untracked 
|  20|0x0000000082800000, 0x0000000082900000, 0x0000000082900000|100%| O|  |TAMS 0x0000000082900000, 0x0000000082800000| Untracked 
|  21|0x0000000082900000, 0x0000000082a00000, 0x0000000082a00000|100%| O|  |TAMS 0x0000000082a00000, 0x0000000082900000| Untracked 
|  22|0x0000000082a00000, 0x0000000082b00000, 0x0000000082b00000|100%| O|  |TAMS 0x0000000082b00000, 0x0000000082a00000| Untracked 
|  23|0x0000000082b00000, 0x0000000082c00000, 0x0000000082c00000|100%| O|  |TAMS 0x0000000082c00000, 0x0000000082b00000| Untracked 
|  24|0x0000000082c00000, 0x0000000082d00000, 0x0000000082d00000|100%| O|  |TAMS 0x0000000082d00000, 0x0000000082c00000| Untracked 
|  25|0x0000000082d00000, 0x0000000082e00000, 0x0000000082e00000|100%| O|  |TAMS 0x0000000082e00000, 0x0000000082d00000| Untracked 
|  26|0x0000000082e00000, 0x0000000082f00000, 0x0000000082f00000|100%| O|  |TAMS 0x0000000082f00000, 0x0000000082e00000| Untracked 
|  27|0x0000000082f00000, 0x0000000083000000, 0x0000000083000000|100%| O|  |TAMS 0x0000000082f57e00, 0x0000000082f00000| Untracked 
|  28|0x0000000083000000, 0x0000000083100000, 0x0000000083100000|100%| O|  |TAMS 0x0000000083000000, 0x0000000083000000| Untracked 
|  29|0x0000000083100000, 0x0000000083200000, 0x0000000083200000|100%| O|  |TAMS 0x0000000083100000, 0x0000000083100000| Untracked 
|  30|0x0000000083200000, 0x0000000083300000, 0x0000000083300000|100%| O|  |TAMS 0x0000000083200000, 0x0000000083200000| Untracked 
|  31|0x0000000083300000, 0x0000000083400000, 0x0000000083400000|100%| O|  |TAMS 0x0000000083300000, 0x0000000083300000| Untracked 
|  32|0x0000000083400000, 0x0000000083500000, 0x0000000083500000|100%| O|  |TAMS 0x0000000083400000, 0x0000000083400000| Untracked 
|  33|0x0000000083500000, 0x0000000083563400, 0x0000000083600000| 38%| O|  |TAMS 0x0000000083500000, 0x0000000083500000| Untracked 
|  34|0x0000000083600000, 0x0000000083600000, 0x0000000083700000|  0%| F|  |TAMS 0x0000000083600000, 0x0000000083600000| Untracked 
|  35|0x0000000083700000, 0x0000000083700000, 0x0000000083800000|  0%| F|  |TAMS 0x0000000083700000, 0x0000000083700000| Untracked 
|  36|0x0000000083800000, 0x0000000083800000, 0x0000000083900000|  0%| F|  |TAMS 0x0000000083800000, 0x0000000083800000| Untracked 
|  37|0x0000000083900000, 0x0000000083900000, 0x0000000083a00000|  0%| F|  |TAMS 0x0000000083900000, 0x0000000083900000| Untracked 
|  38|0x0000000083a00000, 0x0000000083a00000, 0x0000000083b00000|  0%| F|  |TAMS 0x0000000083a00000, 0x0000000083a00000| Untracked 
|  39|0x0000000083b00000, 0x0000000083b00000, 0x0000000083c00000|  0%| F|  |TAMS 0x0000000083b00000, 0x0000000083b00000| Untracked 
|  40|0x0000000083c00000, 0x0000000083c00000, 0x0000000083d00000|  0%| F|  |TAMS 0x0000000083c00000, 0x0000000083c00000| Untracked 
|  41|0x0000000083d00000, 0x0000000083d00000, 0x0000000083e00000|  0%| F|  |TAMS 0x0000000083d00000, 0x0000000083d00000| Untracked 
|  42|0x0000000083e00000, 0x0000000083f00000, 0x0000000083f00000|100%| S|CS|TAMS 0x0000000083e00000, 0x0000000083e00000| Complete 
|  43|0x0000000083f00000, 0x0000000083f00000, 0x0000000084000000|  0%| F|  |TAMS 0x0000000083f00000, 0x0000000083f00000| Untracked 
|  44|0x0000000084000000, 0x0000000084000000, 0x0000000084100000|  0%| F|  |TAMS 0x0000000084000000, 0x0000000084000000| Untracked 
|  45|0x0000000084100000, 0x0000000084200000, 0x0000000084200000|100%| S|CS|TAMS 0x0000000084100000, 0x0000000084100000| Complete 
|  46|0x0000000084200000, 0x0000000084200000, 0x0000000084300000|  0%| F|  |TAMS 0x0000000084200000, 0x0000000084200000| Untracked 
|  65|0x0000000085500000, 0x0000000085500000, 0x0000000085600000|  0%| F|  |TAMS 0x0000000085500000, 0x0000000085500000| Untracked 
|  66|0x0000000085600000, 0x0000000085600000, 0x0000000085700000|  0%| F|  |TAMS 0x0000000085600000, 0x0000000085600000| Untracked 
|  67|0x0000000085700000, 0x0000000085700000, 0x0000000085800000|  0%| F|  |TAMS 0x0000000085700000, 0x0000000085700000| Untracked 
|  68|0x0000000085800000, 0x0000000085800000, 0x0000000085900000|  0%| F|  |TAMS 0x0000000085800000, 0x0000000085800000| Untracked 
|  69|0x0000000085900000, 0x00000000859ac308, 0x0000000085a00000| 67%| E|  |TAMS 0x0000000085900000, 0x0000000085900000| Complete 
|  70|0x0000000085a00000, 0x0000000085b00000, 0x0000000085b00000|100%| E|CS|TAMS 0x0000000085a00000, 0x0000000085a00000| Complete 
|  71|0x0000000085b00000, 0x0000000085c00000, 0x0000000085c00000|100%| E|  |TAMS 0x0000000085b00000, 0x0000000085b00000| Complete 
|  72|0x0000000085c00000, 0x0000000085d00000, 0x0000000085d00000|100%| E|CS|TAMS 0x0000000085c00000, 0x0000000085c00000| Complete 
|  73|0x0000000085d00000, 0x0000000085e00000, 0x0000000085e00000|100%| E|CS|TAMS 0x0000000085d00000, 0x0000000085d00000| Complete 
| 127|0x0000000089300000, 0x0000000089400000, 0x0000000089400000|100%| E|CS|TAMS 0x0000000089300000, 0x0000000089300000| Complete 
|2027|0x00000000fff00000, 0x0000000100000000, 0x0000000100000000|100%| O|  |TAMS 0x0000000100000000, 0x00000000fff00000| Untracked 

Card table byte_map: [0x000002a7f3850000,0x000002a7f3c50000] _byte_map_base: 0x000002a7f3446000

Marking Bits (Prev, Next): (CMBitMap*) 0x000002a7dba0f568, (CMBitMap*) 0x000002a7dba0f528
 Prev Bits: [0x000002a7f6000000, 0x000002a7f7fb0000)
 Next Bits: [0x000002a7f4050000, 0x000002a7f6000000)

Polling page: 0x000002a7d9760000

Metaspace:

Usage:
  Non-class:     28.61 MB capacity,    27.41 MB ( 96%) used,  1002.20 KB (  3%) free+waste,   223.94 KB ( <1%) overhead. 
      Class:      5.59 MB capacity,     4.68 MB ( 84%) used,   799.36 KB ( 14%) free+waste,   127.44 KB (  2%) overhead. 
       Both:     34.20 MB capacity,    32.09 MB ( 94%) used,     1.76 MB (  5%) free+waste,   351.38 KB (  1%) overhead. 

Virtual space:
  Non-class space:       30.00 MB reserved,      28.75 MB ( 96%) committed 
      Class space:        1.00 GB reserved,       5.63 MB ( <1%) committed 
             Both:        1.03 GB reserved,      34.38 MB (  3%) committed 

Chunk freelists:
   Non-Class:  16.00 KB
       Class:  0 bytes
        Both:  16.00 KB

MaxMetaspaceSize: 17179869184.00 GB
CompressedClassSpaceSize: 1.00 GB

CodeHeap 'non-profiled nmethods': size=120000Kb used=3034Kb max_used=3034Kb free=116965Kb
 bounds [0x000002a7ebf20000, 0x000002a7ec220000, 0x000002a7f3450000]
CodeHeap 'profiled nmethods': size=120000Kb used=9081Kb max_used=10187Kb free=110918Kb
 bounds [0x000002a7e49f0000, 0x000002a7e53f0000, 0x000002a7ebf20000]
CodeHeap 'non-nmethods': size=5760Kb used=1500Kb max_used=1613Kb free=4259Kb
 bounds [0x000002a7e4450000, 0x000002a7e46c0000, 0x000002a7e49f0000]
 total_blobs=4419 nmethods=3683 adapters=648
 compilation: enabled
              stopped_count=0, restarted_count=0
 full_count=0

Compilation events (20 events):
Event: 37.728 Thread 0x000002a7fa496000 4318       4       arc.scene.ui.Label::draw (138 bytes)
Event: 37.751 Thread 0x000002a7fa496000 nmethod 4318 0x000002a7ebffb690 code [0x000002a7ebffbb60, 0x000002a7ebffd140]
Event: 37.826 Thread 0x000002a7fa496000 4319       4       arc.scene.ui.Image::draw (178 bytes)
Event: 37.841 Thread 0x000002a7fa496000 nmethod 4319 0x000002a7ebff9210 code [0x000002a7ebff96c0, 0x000002a7ebffae88]
Event: 38.324 Thread 0x000002a7fa49f000 4320       3       arc.scene.ui.TextButton::<init> (17 bytes)
Event: 38.325 Thread 0x000002a7fa496000 4321       4       mindustry.graphics.MenuRenderer$$Lambda$1745/0x00000008010a5840::get (14 bytes)
Event: 38.325 Thread 0x000002a7fa49f000 nmethod 4320 0x000002a7e4f58810 code [0x000002a7e4f58a60, 0x000002a7e4f59518]
Event: 38.329 Thread 0x000002a7fa496000 nmethod 4321 0x000002a7ebff8690 code [0x000002a7ebff88c0, 0x000002a7ebff8e88]
Event: 38.329 Thread 0x000002a7fa496000 4322       4       mindustry.graphics.MenuRenderer$$Lambda$1746/0x00000008010a6040::get (10 bytes)
Event: 38.333 Thread 0x000002a7fa496000 nmethod 4322 0x000002a7ebff7910 code [0x000002a7ebff7b60, 0x000002a7ebff8098]
Event: 38.904 Thread 0x000002a7fa496000 4323       4       mindustry.graphics.MenuRenderer$$Lambda$1747/0x00000008010a6440::get (14 bytes)
Event: 38.932 Thread 0x000002a7fa496000 nmethod 4323 0x000002a7ec214c10 code [0x000002a7ec215080, 0x000002a7ec2166e8]
Event: 38.992 Thread 0x000002a7fa49f000 4324       3       arc.scene.event.HandCursorListener::isDisabled (46 bytes)
Event: 38.993 Thread 0x000002a7fa49f000 nmethod 4324 0x000002a7e5126d90 code [0x000002a7e5126f60, 0x000002a7e51274d8]
Event: 39.085 Thread 0x000002a7fa49f000 4325       3       mindustry.async.AsyncCore::end (50 bytes)
Event: 39.086 Thread 0x000002a7fa49f000 nmethod 4325 0x000002a7e4f57810 code [0x000002a7e4f57a60, 0x000002a7e4f584c8]
Event: 39.191 Thread 0x000002a7fa49f000 4326       1       arc.scene.Action::setPool (6 bytes)
Event: 39.192 Thread 0x000002a7fa49f000 nmethod 4326 0x000002a7ebfec190 code [0x000002a7ebfec320, 0x000002a7ebfec438]
Event: 39.202 Thread 0x000002a7fa496000 4327       4       java.io.DataOutputStream::writeInt (65 bytes)
Event: 39.228 Thread 0x000002a7fa496000 nmethod 4327 0x000002a7ebfea990 code [0x000002a7ebfeacc0, 0x000002a7ebfebd58]

GC Heap History (20 events):
Event: 1.462 GC heap before
{Heap before GC invocations=0 (full 0):
 garbage-first heap   total 131072K, used 12288K [0x0000000081400000, 0x0000000100000000)
  region size 1024K, 13 young (13312K), 0 survivors (0K)
 Metaspace       used 3692K, capacity 6816K, committed 7168K, reserved 1056768K
  class space    used 322K, capacity 668K, committed 768K, reserved 1048576K
}
Event: 1.466 GC heap after
{Heap after GC invocations=1 (full 0):
 garbage-first heap   total 131072K, used 2442K [0x0000000081400000, 0x0000000100000000)
  region size 1024K, 2 young (2048K), 2 survivors (2048K)
 Metaspace       used 3692K, capacity 6816K, committed 7168K, reserved 1056768K
  class space    used 322K, capacity 668K, committed 768K, reserved 1048576K
}
Event: 2.016 GC heap before
{Heap before GC invocations=1 (full 0):
 garbage-first heap   total 131072K, used 18826K [0x0000000081400000, 0x0000000100000000)
  region size 1024K, 18 young (18432K), 2 survivors (2048K)
 Metaspace       used 8198K, capacity 10174K, committed 10496K, reserved 1058816K
  class space    used 862K, capacity 1195K, committed 1280K, reserved 1048576K
}
Event: 2.021 GC heap after
{Heap after GC invocations=2 (full 0):
 garbage-first heap   total 131072K, used 4627K [0x0000000081400000, 0x0000000100000000)
  region size 1024K, 1 young (1024K), 1 survivors (1024K)
 Metaspace       used 8198K, capacity 10174K, committed 10496K, reserved 1058816K
  class space    used 862K, capacity 1195K, committed 1280K, reserved 1048576K
}
Event: 6.886 GC heap before
{Heap before GC invocations=2 (full 0):
 garbage-first heap   total 131072K, used 62995K [0x0000000081400000, 0x0000000100000000)
  region size 1024K, 54 young (55296K), 1 survivors (1024K)
 Metaspace       used 19631K, capacity 21007K, committed 21248K, reserved 1067008K
  class space    used 2828K, capacity 3324K, committed 3328K, reserved 1048576K
}
Event: 6.904 GC heap after
{Heap after GC invocations=3 (full 0):
 garbage-first heap   total 131072K, used 12636K [0x0000000081400000, 0x0000000100000000)
  region size 1024K, 9 young (9216K), 9 survivors (9216K)
 Metaspace       used 19631K, capacity 21007K, committed 21248K, reserved 1067008K
  class space    used 2828K, capacity 3324K, committed 3328K, reserved 1048576K
}
Event: 7.871 GC heap before
{Heap before GC invocations=4 (full 0):
 garbage-first heap   total 48128K, used 33116K [0x0000000081400000, 0x0000000100000000)
  region size 1024K, 28 young (28672K), 9 survivors (9216K)
 Metaspace       used 21648K, capacity 23351K, committed 23424K, reserved 1069056K
  class space    used 3304K, capacity 3932K, committed 3968K, reserved 1048576K
}
Event: 7.898 GC heap after
{Heap after GC invocations=5 (full 0):
 garbage-first heap   total 48128K, used 15117K [0x0000000081400000, 0x0000000100000000)
  region size 1024K, 3 young (3072K), 3 survivors (3072K)
 Metaspace       used 21648K, capacity 23351K, committed 23424K, reserved 1069056K
  class space    used 3304K, capacity 3932K, committed 3968K, reserved 1048576K
}
Event: 9.571 GC heap before
{Heap before GC invocations=5 (full 0):
 garbage-first heap   total 48128K, used 35597K [0x0000000081400000, 0x0000000100000000)
  region size 1024K, 22 young (22528K), 3 survivors (3072K)
 Metaspace       used 22637K, capacity 24236K, committed 24320K, reserved 1069056K
  class space    used 3446K, capacity 4094K, committed 4096K, reserved 1048576K
}
Event: 9.630 GC heap after
{Heap after GC invocations=6 (full 0):
 garbage-first heap   total 49152K, used 24088K [0x0000000081400000, 0x0000000100000000)
  region size 1024K, 3 young (3072K), 3 survivors (3072K)
 Metaspace       used 22637K, capacity 24236K, committed 24320K, reserved 1069056K
  class space    used 3446K, capacity 4094K, committed 4096K, reserved 1048576K
}
Event: 10.491 GC heap before
{Heap before GC invocations=6 (full 0):
 garbage-first heap   total 49152K, used 32280K [0x0000000081400000, 0x0000000100000000)
  region size 1024K, 12 young (12288K), 3 survivors (3072K)
 Metaspace       used 22771K, capacity 24384K, committed 24704K, reserved 1069056K
  class space    used 3455K, capacity 4100K, committed 4224K, reserved 1048576K
}
Event: 10.507 GC heap after
{Heap after GC invocations=7 (full 0):
 garbage-first heap   total 49152K, used 26310K [0x0000000081400000, 0x0000000100000000)
  region size 1024K, 2 young (2048K), 2 survivors (2048K)
 Metaspace       used 22771K, capacity 24384K, committed 24704K, reserved 1069056K
  class space    used 3455K, capacity 4100K, committed 4224K, reserved 1048576K
}
Event: 10.884 GC heap before
{Heap before GC invocations=7 (full 0):
 garbage-first heap   total 49152K, used 33478K [0x0000000081400000, 0x0000000100000000)
  region size 1024K, 10 young (10240K), 2 survivors (2048K)
 Metaspace       used 24535K, capacity 26120K, committed 26240K, reserved 1071104K
  class space    used 3714K, capacity 4405K, committed 4480K, reserved 1048576K
}
Event: 10.891 GC heap after
{Heap after GC invocations=8 (full 0):
 garbage-first heap   total 59392K, used 27974K [0x0000000081400000, 0x0000000100000000)
  region size 1024K, 2 young (2048K), 2 survivors (2048K)
 Metaspace       used 24535K, capacity 26120K, committed 26240K, reserved 1071104K
  class space    used 3714K, capacity 4405K, committed 4480K, reserved 1048576K
}
Event: 11.492 GC heap before
{Heap before GC invocations=9 (full 0):
 garbage-first heap   total 59392K, used 42310K [0x0000000081400000, 0x0000000100000000)
  region size 1024K, 16 young (16384K), 2 survivors (2048K)
 Metaspace       used 27697K, capacity 29331K, committed 29568K, reserved 1075200K
  class space    used 4040K, capacity 4733K, committed 4736K, reserved 1048576K
}
Event: 11.503 GC heap after
{Heap after GC invocations=10 (full 0):
 garbage-first heap   total 59392K, used 30583K [0x0000000081400000, 0x0000000100000000)
  region size 1024K, 2 young (2048K), 2 survivors (2048K)
 Metaspace       used 27697K, capacity 29331K, committed 29568K, reserved 1075200K
  class space    used 4040K, capacity 4733K, committed 4736K, reserved 1048576K
}
Event: 12.329 GC heap before
{Heap before GC invocations=10 (full 0):
 garbage-first heap   total 59392K, used 41847K [0x0000000081400000, 0x0000000100000000)
  region size 1024K, 14 young (14336K), 2 survivors (2048K)
 Metaspace       used 30755K, capacity 32467K, committed 32640K, reserved 1077248K
  class space    used 4446K, capacity 5179K, committed 5248K, reserved 1048576K
}
Event: 12.342 GC heap after
{Heap after GC invocations=11 (full 0):
 garbage-first heap   total 59392K, used 32494K [0x0000000081400000, 0x0000000100000000)
  region size 1024K, 2 young (2048K), 2 survivors (2048K)
 Metaspace       used 30755K, capacity 32467K, committed 32640K, reserved 1077248K
  class space    used 4446K, capacity 5179K, committed 5248K, reserved 1048576K
}
Event: 13.891 GC heap before
{Heap before GC invocations=12 (full 0):
 garbage-first heap   total 59392K, used 43758K [0x0000000081400000, 0x0000000100000000)
  region size 1024K, 13 young (13312K), 2 survivors (2048K)
 Metaspace       used 31906K, capacity 33812K, committed 33920K, reserved 1077248K
  class space    used 4662K, capacity 5488K, committed 5504K, reserved 1048576K
}
Event: 13.906 GC heap after
{Heap after GC invocations=13 (full 0):
 garbage-first heap   total 59392K, used 36773K [0x0000000081400000, 0x0000000100000000)
  region size 1024K, 2 young (2048K), 2 survivors (2048K)
 Metaspace       used 31906K, capacity 33812K, committed 33920K, reserved 1077248K
  class space    used 4662K, capacity 5488K, committed 5504K, reserved 1048576K
}

Deoptimization events (20 events):
Event: 34.090 Thread 0x000002a7db9c9800 Uncommon trap: trap_request=0xffffffc6 fr.pc=0x000002a7ec06eadc relative=0x000000000000173c
Event: 34.090 Thread 0x000002a7db9c9800 Uncommon trap: reason=bimorphic_or_optimized_type_check action=maybe_recompile pc=0x000002a7ec06eadc method=arc.scene.Group.drawChildren()V @ 439 c2
Event: 34.090 Thread 0x000002a7db9c9800 DEOPT PACKING pc=0x000002a7ec06eadc sp=0x000000d9af5fe640
Event: 34.090 Thread 0x000002a7db9c9800 DEOPT UNPACKING pc=0x000002a7e449912f sp=0x000000d9af5fe5e8 mode 2
Event: 34.092 Thread 0x000002a7db9c9800 Uncommon trap: trap_request=0xffffffc6 fr.pc=0x000002a7ec06eadc relative=0x000000000000173c
Event: 34.092 Thread 0x000002a7db9c9800 Uncommon trap: reason=bimorphic_or_optimized_type_check action=maybe_recompile pc=0x000002a7ec06eadc method=arc.scene.Group.drawChildren()V @ 439 c2
Event: 34.092 Thread 0x000002a7db9c9800 DEOPT PACKING pc=0x000002a7ec06eadc sp=0x000000d9af5fe640
Event: 34.092 Thread 0x000002a7db9c9800 DEOPT UNPACKING pc=0x000002a7e449912f sp=0x000000d9af5fe5e8 mode 2
Event: 35.079 Thread 0x000002a7db9c9800 Uncommon trap: trap_request=0xffffffc6 fr.pc=0x000002a7ebf8726c relative=0x000000000000092c
Event: 35.079 Thread 0x000002a7db9c9800 Uncommon trap: reason=bimorphic_or_optimized_type_check action=maybe_recompile pc=0x000002a7ebf8726c method=arc.scene.ui.layout.Table.getMarginLeft()F @ 32 c2
Event: 35.079 Thread 0x000002a7db9c9800 DEOPT PACKING pc=0x000002a7ebf8726c sp=0x000000d9af5fe030
Event: 35.079 Thread 0x000002a7db9c9800 DEOPT UNPACKING pc=0x000002a7e449912f sp=0x000000d9af5fdf70 mode 2
Event: 35.719 Thread 0x000002a7db9c9800 Uncommon trap: trap_request=0xffffffc6 fr.pc=0x000002a7ebf8726c relative=0x000000000000092c
Event: 35.719 Thread 0x000002a7db9c9800 Uncommon trap: reason=bimorphic_or_optimized_type_check action=maybe_recompile pc=0x000002a7ebf8726c method=arc.scene.ui.layout.Table.getMarginLeft()F @ 32 c2
Event: 35.719 Thread 0x000002a7db9c9800 DEOPT PACKING pc=0x000002a7ebf8726c sp=0x000000d9af5fe030
Event: 35.719 Thread 0x000002a7db9c9800 DEOPT UNPACKING pc=0x000002a7e449912f sp=0x000000d9af5fdf70 mode 2
Event: 36.262 Thread 0x000002a7db9c9800 Uncommon trap: trap_request=0xffffffc6 fr.pc=0x000002a7ebf8726c relative=0x000000000000092c
Event: 36.262 Thread 0x000002a7db9c9800 Uncommon trap: reason=bimorphic_or_optimized_type_check action=maybe_recompile pc=0x000002a7ebf8726c method=arc.scene.ui.layout.Table.getMarginLeft()F @ 32 c2
Event: 36.262 Thread 0x000002a7db9c9800 DEOPT PACKING pc=0x000002a7ebf8726c sp=0x000000d9af5fe030
Event: 36.262 Thread 0x000002a7db9c9800 DEOPT UNPACKING pc=0x000002a7e449912f sp=0x000000d9af5fdf70 mode 2

Classes unloaded (0 events):
No events

Classes redefined (0 events):
No events

Internal exceptions (20 events):
Event: 10.970 Thread 0x000002a7db9c9800 Exception <a 'java/lang/IncompatibleClassChangeError'{0x0000000085d4c3d8}: Found class java.lang.Object, but interface was expected> (0x0000000085d4c3d8) 
thrown [./src/hotspot/share/interpreter/linkResolver.cpp, line 832]
Event: 11.326 Thread 0x000002a7db9c9800 Exception <a 'java/lang/NoSuchMethodError'{0x00000000842d2120}: 'void java.lang.invoke.DirectMethodHandle$Holder.invokeVirtual(java.lang.Object, java.lang.Object, java.lang.Object, java.lang.Object)'> (0x00000000842d2120) 
thrown [./src/hotspot/share/interpreter/linkResolver.cpp, line 766]
Event: 11.335 Thread 0x000002a7db9c9800 Exception <a 'java/lang/NoSuchMethodError'{0x00000000842ddfd8}: 'java.lang.Object java.lang.invoke.DirectMethodHandle$Holder.invokeStatic(java.lang.Object, int, java.lang.Object, java.lang.Object, java.lang.Object, java.lang.Object)'> (0x00000000842ddfd8) 
thrown [./src/hotspot/share/interpreter/linkResolver.cpp, line 766]
Event: 11.346 Thread 0x000002a7db9c9800 Exception <a 'java/lang/NoSuchMethodError'{0x00000000841182b8}: 'java.lang.Object java.lang.invoke.DirectMethodHandle$Holder.invokeStatic(java.lang.Object, float, java.lang.Object)'> (0x00000000841182b8) 
thrown [./src/hotspot/share/interpreter/linkResolver.cpp, line 766]
Event: 12.400 Thread 0x000002a7db9c9800 Exception <a 'java/lang/NoSuchMethodError'{0x000000008936be28}: 'void java.lang.invoke.DirectMethodHandle$Holder.invokeStatic(java.lang.Object, int)'> (0x000000008936be28) 
thrown [./src/hotspot/share/interpreter/linkResolver.cpp, line 766]
Event: 13.536 Thread 0x000002a7db9c9800 Exception <a 'java/lang/NoSuchMethodError'{0x0000000085739e50}: 'void java.lang.invoke.DirectMethodHandle$Holder.invokeSpecial(java.lang.Object, java.lang.Object, float)'> (0x0000000085739e50) 
thrown [./src/hotspot/share/interpreter/linkResolver.cpp, line 766]
Event: 13.812 Thread 0x000002a7db9c9800 Exception <a 'java/lang/NoSuchMethodError'{0x0000000085591e50}: 'int java.lang.invoke.DirectMethodHandle$Holder.invokeInterface(java.lang.Object, java.lang.Object)'> (0x0000000085591e50) 
thrown [./src/hotspot/share/interpreter/linkResolver.cpp, line 766]
Event: 13.822 Thread 0x000002a7db9c9800 Exception <a 'java/lang/NoSuchMethodError'{0x00000000855d12f0}: 'java.lang.Object java.lang.invoke.DirectMethodHandle$Holder.invokeSpecial(java.lang.Object, java.lang.Object, java.lang.Object, java.lang.Object, java.lang.Object, java.lang.Object, java.lang.Object, java.lang.Object, java.lang.Object, java.lang.Object)'> (0x00000000855d12f0) 
thrown [./src/hotspot/share/interpreter/linkResolver.cpp, line 766]
Event: 13.823 Thread 0x000002a7db9c9800 Exception <a 'java/lang/NoSuchMethodError'{0x00000000855d4db0}: 'java.lang.Object java.lang.invoke.Invokers$Holder.linkToTargetMethod(java.lang.Object, java.lang.Object, java.lang.Object, java.lang.Object, java.lang.Object, java.lang.Object, java.lang.Object, java.lang.Object, java.lang.Object)'> (0x00000000855d4db0) 
thrown [./src/hotspot/share/interpreter/linkResolver.cpp, line 766]
Event: 13.833 Thread 0x000002a7db9c9800 Exception <a 'java/lang/NoSuchMethodError'{0x000000008422d188}: 'void java.lang.invoke.DirectMethodHandle$Holder.invokeStatic(java.lang.Object, java.lang.Object, float)'> (0x000000008422d188) 
thrown [./src/hotspot/share/interpreter/linkResolver.cpp, line 766]
Event: 13.841 Thread 0x000002a7db9c9800 Exception <a 'java/lang/NoSuchMethodError'{0x000000008423f7c0}: 'java.lang.Object java.lang.invoke.DirectMethodHandle$Holder.invokeStatic(java.lang.Object, java.lang.Object, int, java.lang.Object)'> (0x000000008423f7c0) 
thrown [./src/hotspot/share/interpreter/linkResolver.cpp, line 766]
Event: 13.842 Thread 0x000002a7db9c9800 Exception <a 'java/lang/NoSuchMethodError'{0x0000000084245748}: 'java.lang.Object java.lang.invoke.Invokers$Holder.linkToTargetMethod(java.lang.Object, int, java.lang.Object, java.lang.Object)'> (0x0000000084245748) 
thrown [./src/hotspot/share/interpreter/linkResolver.cpp, line 766]
Event: 14.162 Thread 0x000002a7db9c9800 Exception <a 'java/lang/NoSuchMethodError'{0x0000000085ceccf0}: 'void java.lang.invoke.DirectMethodHandle$Holder.invokeStatic(java.lang.Object, java.lang.Object, float, float, float, float)'> (0x0000000085ceccf0) 
thrown [./src/hotspot/share/interpreter/linkResolver.cpp, line 766]
Event: 31.572 Thread 0x000002a7db9c9800 Implicit null exception at 0x000002a7ebf893c6 to 0x000002a7ebf8a8c4
Event: 33.962 Thread 0x000002a7db9c9800 Exception <a 'java/lang/NoSuchMethodError'{0x0000000085abf338}: 'java.lang.Object java.lang.invoke.DirectMethodHandle$Holder.invokeStatic(java.lang.Object, java.lang.Object, java.lang.Object, float, float)'> (0x0000000085abf338) 
thrown [./src/hotspot/share/interpreter/linkResolver.cpp, line 766]
Event: 33.965 Thread 0x000002a7db9c9800 Exception <a 'java/lang/NoSuchMethodError'{0x0000000085ad8710}: 'java.lang.Object java.lang.invoke.Invokers$Holder.linkToTargetMethod(java.lang.Object, java.lang.Object, java.lang.Object, java.lang.Object, java.lang.Object, java.lang.Object)'> (0x0000000085ad8710) 
thrown [./src/hotspot/share/interpreter/linkResolver.cpp, line 766]
Event: 33.967 Thread 0x000002a7db9c9800 Exception <a 'java/lang/NoSuchMethodError'{0x0000000085ae8b10}: 'java.lang.Object java.lang.invoke.DirectMethodHandle$Holder.invokeStatic(java.lang.Object, java.lang.Object, java.lang.Object, float)'> (0x0000000085ae8b10) 
thrown [./src/hotspot/share/interpreter/linkResolver.cpp, line 766]
Event: 33.967 Thread 0x000002a7db9c9800 Exception <a 'java/lang/NoSuchMethodError'{0x0000000085aebf18}: 'java.lang.Object java.lang.invoke.DirectMethodHandle$Holder.invokeSpecial(java.lang.Object, java.lang.Object, java.lang.Object, java.lang.Object, float)'> (0x0000000085aebf18) 
thrown [./src/hotspot/share/interpreter/linkResolver.cpp, line 766]
Event: 33.967 Thread 0x000002a7db9c9800 Exception <a 'java/lang/NoSuchMethodError'{0x0000000085aeefd8}: 'java.lang.Object java.lang.invoke.Invokers$Holder.linkToTargetMethod(java.lang.Object, java.lang.Object, float, java.lang.Object)'> (0x0000000085aeefd8) 
thrown [./src/hotspot/share/interpreter/linkResolver.cpp, line 766]
Event: 39.195 Thread 0x000002a7db9c9800 Exception <a 'java/lang/IncompatibleClassChangeError'{0x0000000085979978}: Found class java.lang.Object, but interface was expected> (0x0000000085979978) 
thrown [./src/hotspot/share/interpreter/linkResolver.cpp, line 832]

Events (20 events):
Event: 38.323 loading class mindustry/core/UI$4
Event: 38.323 loading class mindustry/core/UI$4 done
Event: 38.323 loading class mindustry/core/UI$4
Event: 38.323 loading class mindustry/core/UI$4 done
Event: 39.195 loading class arc/func/Cons
Event: 39.195 loading class arc/func/Cons done
Event: 39.197 loading class arc/func/Cons
Event: 39.197 loading class arc/func/Cons done
Event: 39.197 loading class arc/ApplicationListener
Event: 39.197 loading class arc/ApplicationListener done
Event: 39.206 loading class arc/net/DcReason
Event: 39.206 loading class arc/net/DcReason done
Event: 39.208 loading class arc/net/Server
Event: 39.208 loading class arc/net/Server done
Event: 39.210 Thread 0x000002a84559d800 Thread added: 0x000002a84559d800
Event: 39.212 loading class mindustry/game/EventType$DisposeEvent
Event: 39.212 loading class mindustry/game/EventType$DisposeEvent done
Event: 39.213 Executing VM operation: HandshakeOneThread
Event: 39.213 Executing VM operation: HandshakeOneThread done
Event: 39.213 Thread 0x000002a845a59800 Thread exited: 0x000002a845a59800


Dynamic libraries:
0x00007ff729530000 - 0x00007ff72953d000 	C:\Program Files\AdoptOpenJDK\jdk-14.0.2.12-hotspot\bin\java.exe
0x00007ffa25ff0000 - 0x00007ffa261e5000 	C:\WINDOWS\SYSTEM32\ntdll.dll
0x00007ffa256d0000 - 0x00007ffa2578d000 	C:\WINDOWS\System32\KERNEL32.DLL
0x00007ffa23bd0000 - 0x00007ffa23e98000 	C:\WINDOWS\System32\KERNELBASE.dll
0x00007ffa23730000 - 0x00007ffa23830000 	C:\WINDOWS\System32\ucrtbase.dll
0x00007ffa07880000 - 0x00007ffa07895000 	C:\Program Files\AdoptOpenJDK\jdk-14.0.2.12-hotspot\bin\VCRUNTIME140.dll
0x00007ffa0aef0000 - 0x00007ffa0af08000 	C:\Program Files\AdoptOpenJDK\jdk-14.0.2.12-hotspot\bin\jli.dll
0x00007ffa258d0000 - 0x00007ffa25a70000 	C:\WINDOWS\System32\USER32.dll
0x00007ffa23830000 - 0x00007ffa23852000 	C:\WINDOWS\System32\win32u.dll
0x00007ffa0fab0000 - 0x00007ffa0fd4a000 	C:\WINDOWS\WinSxS\amd64_microsoft.windows.common-controls_6595b64144ccf1df_6.0.19041.844_none_ca00b6081b84eb1d\COMCTL32.dll
0x00007ffa25f80000 - 0x00007ffa25faa000 	C:\WINDOWS\System32\GDI32.dll
0x00007ffa25630000 - 0x00007ffa256ce000 	C:\WINDOWS\System32\msvcrt.dll
0x00007ffa23f40000 - 0x00007ffa2404b000 	C:\WINDOWS\System32\gdi32full.dll
0x00007ffa23ea0000 - 0x00007ffa23f3d000 	C:\WINDOWS\System32\msvcp_win.dll
0x00007ffa258a0000 - 0x00007ffa258d0000 	C:\WINDOWS\System32\IMM32.DLL
0x00007ffa04e70000 - 0x00007ffa04f0b000 	C:\Program Files\AdoptOpenJDK\jdk-14.0.2.12-hotspot\bin\msvcp140.dll
0x00007ff9d2b90000 - 0x00007ff9d3724000 	C:\Program Files\AdoptOpenJDK\jdk-14.0.2.12-hotspot\bin\server\jvm.dll
0x00007ffa24f00000 - 0x00007ffa24fac000 	C:\WINDOWS\System32\ADVAPI32.dll
0x00007ffa25a70000 - 0x00007ffa25b0b000 	C:\WINDOWS\System32\sechost.dll
0x00007ffa25090000 - 0x00007ffa251bb000 	C:\WINDOWS\System32\RPCRT4.dll
0x00007ffa244f0000 - 0x00007ffa244f8000 	C:\WINDOWS\System32\PSAPI.DLL
0x00007ffa04cc0000 - 0x00007ffa04cc9000 	C:\WINDOWS\SYSTEM32\WSOCK32.dll
0x00007ffa25350000 - 0x00007ffa253bb000 	C:\WINDOWS\System32\WS2_32.dll
0x00007ffa15830000 - 0x00007ffa15857000 	C:\WINDOWS\SYSTEM32\WINMM.dll
0x00007ffa164f0000 - 0x00007ffa164fa000 	C:\WINDOWS\SYSTEM32\VERSION.dll
0x00007ffa22000000 - 0x00007ffa22012000 	C:\WINDOWS\SYSTEM32\kernel.appcore.dll
0x00007ffa1dfe0000 - 0x00007ffa1dfea000 	C:\Program Files\AdoptOpenJDK\jdk-14.0.2.12-hotspot\bin\jimage.dll
0x00007ffa19c90000 - 0x00007ffa19e74000 	C:\WINDOWS\SYSTEM32\DBGHELP.DLL
0x00007ffa19f40000 - 0x00007ffa19f6c000 	C:\WINDOWS\SYSTEM32\dbgcore.DLL
0x00007ffa23b20000 - 0x00007ffa23ba0000 	C:\WINDOWS\System32\bcryptPrimitives.dll
0x00007ffa10660000 - 0x00007ffa10698000 	C:\Program Files\AdoptOpenJDK\jdk-14.0.2.12-hotspot\bin\jdwp.dll
0x00007ffa07850000 - 0x00007ffa07875000 	C:\Program Files\AdoptOpenJDK\jdk-14.0.2.12-hotspot\bin\java.dll
0x00007ffa1b490000 - 0x00007ffa1b49e000 	C:\Program Files\AdoptOpenJDK\jdk-14.0.2.12-hotspot\bin\instrument.dll
0x00007ffa07830000 - 0x00007ffa07846000 	C:\Program Files\AdoptOpenJDK\jdk-14.0.2.12-hotspot\bin\zip.dll
0x00007ffa24700000 - 0x00007ffa24e42000 	C:\WINDOWS\System32\SHELL32.dll
0x00007ffa21860000 - 0x00007ffa21ff0000 	C:\WINDOWS\SYSTEM32\windows.storage.dll
0x00007ffa24190000 - 0x00007ffa244e5000 	C:\WINDOWS\System32\combase.dll
0x00007ffa231a0000 - 0x00007ffa231cc000 	C:\WINDOWS\SYSTEM32\Wldp.dll
0x00007ffa24e50000 - 0x00007ffa24efe000 	C:\WINDOWS\System32\SHCORE.dll
0x00007ffa25790000 - 0x00007ffa257e5000 	C:\WINDOWS\System32\shlwapi.dll
0x00007ffa23670000 - 0x00007ffa2368f000 	C:\WINDOWS\SYSTEM32\profapi.dll
0x00007ffa1b480000 - 0x00007ffa1b48a000 	C:\Program Files\AdoptOpenJDK\jdk-14.0.2.12-hotspot\bin\dt_socket.dll
0x00007ffa22bb0000 - 0x00007ffa22beb000 	C:\WINDOWS\SYSTEM32\IPHLPAPI.DLL
0x00007ffa22f10000 - 0x00007ffa22f7a000 	C:\WINDOWS\system32\mswsock.dll
0x00007ffa07810000 - 0x00007ffa07829000 	C:\Program Files\AdoptOpenJDK\jdk-14.0.2.12-hotspot\bin\net.dll
0x00007ffa16080000 - 0x00007ffa1618b000 	C:\WINDOWS\SYSTEM32\WINHTTP.dll
0x00007ffa05450000 - 0x00007ffa05462000 	C:\Program Files\AdoptOpenJDK\jdk-14.0.2.12-hotspot\bin\nio.dll
0x00007ffa1d9a0000 - 0x00007ffa1d9b0000 	C:\Program Files\AdoptOpenJDK\jdk-14.0.2.12-hotspot\bin\verify.dll
0x0000000067ef0000 - 0x0000000067fb8000 	C:\Users\starw\AppData\Local\Temp\arc\5f24d8af\arc64.dll
0x0000000067d10000 - 0x0000000067eea000 	C:\Users\starw\AppData\Local\Temp\arc\87dfef74\sdl-arc64.dll
0x00007ffa25220000 - 0x00007ffa2534a000 	C:\WINDOWS\System32\ole32.dll
0x00007ffa24500000 - 0x00007ffa245cd000 	C:\WINDOWS\System32\OLEAUT32.dll
0x00007ffa25b10000 - 0x00007ffa25f79000 	C:\WINDOWS\System32\SETUPAPI.dll
0x00007ffa23860000 - 0x00007ffa238ae000 	C:\WINDOWS\System32\cfgmgr32.dll
0x00007ffa23ba0000 - 0x00007ffa23bc7000 	C:\WINDOWS\System32\bcrypt.dll
0x00007ffa065a0000 - 0x00007ffa066c6000 	C:\WINDOWS\SYSTEM32\OPENGL32.dll
0x00007ffa06530000 - 0x00007ffa0655c000 	C:\WINDOWS\SYSTEM32\GLU32.dll
0x00007ffa20dd0000 - 0x00007ffa20e6e000 	C:\WINDOWS\system32\uxtheme.dll
0x00007ffa245d0000 - 0x00007ffa246e5000 	C:\WINDOWS\System32\MSCTF.dll
0x00007ffa253c0000 - 0x00007ffa25469000 	C:\WINDOWS\System32\clbcatq.dll
0x00007ff9f3cc0000 - 0x00007ff9f4808000 	C:\WINDOWS\SYSTEM32\ig75icd64.dll
0x00007ffa17260000 - 0x00007ffa17ca0000 	C:\WINDOWS\SYSTEM32\igdusc64.dll
0x00007ffa1e580000 - 0x00007ffa1e594000 	C:\WINDOWS\SYSTEM32\WTSAPI32.dll
0x00007ffa21080000 - 0x00007ffa210af000 	C:\WINDOWS\SYSTEM32\dwmapi.dll
0x00007ffa19300000 - 0x00007ffa1933b000 	C:\WINDOWS\SYSTEM32\dxcore.dll
0x00007ffa22d20000 - 0x00007ffa22d6b000 	C:\WINDOWS\SYSTEM32\powrprof.dll
0x00007ffa22b90000 - 0x00007ffa22ba2000 	C:\WINDOWS\SYSTEM32\UMPDC.dll
0x00007ffa21740000 - 0x00007ffa21837000 	C:\WINDOWS\SYSTEM32\PROPSYS.dll
0x00007ffa16c30000 - 0x00007ffa16c96000 	C:\WINDOWS\SYSTEM32\OLEACC.dll
0x00007ffa139c0000 - 0x00007ffa13ab9000 	C:\WINDOWS\SYSTEM32\textinputframework.dll
0x00007ffa203c0000 - 0x00007ffa2071e000 	C:\WINDOWS\System32\CoreUIComponents.dll
0x00007ffa20aa0000 - 0x00007ffa20b92000 	C:\WINDOWS\System32\CoreMessaging.dll
0x00007ffa22470000 - 0x00007ffa224a3000 	C:\WINDOWS\SYSTEM32\ntmarta.dll
0x00007ffa1f3e0000 - 0x00007ffa1f534000 	C:\WINDOWS\SYSTEM32\wintypes.dll
0x00007ffa13e40000 - 0x00007ffa13e81000 	C:\Windows\System32\IME\IMEKR\imkrapi.dll
0x00007ffa1ee90000 - 0x00007ffa1ef30000 	C:\WINDOWS\SYSTEM32\policymanager.dll
0x00007ffa228d0000 - 0x00007ffa2295a000 	C:\WINDOWS\SYSTEM32\msvcp110_win.dll
0x00007ffa142d0000 - 0x00007ffa1430e000 	C:\Windows\System32\IME\shared\imjkapi.dll
0x00007ffa22070000 - 0x00007ffa22164000 	C:\WINDOWS\SYSTEM32\dxgi.dll
0x00007ffa1f9a0000 - 0x00007ffa1fc04000 	C:\WINDOWS\SYSTEM32\d3d11.dll
0x00007ffa23210000 - 0x00007ffa23237000 	C:\WINDOWS\SYSTEM32\ncrypt.dll
0x00007ffa231d0000 - 0x00007ffa2320b000 	C:\WINDOWS\SYSTEM32\NTASN1.dll
0x00007ffa1d210000 - 0x00007ffa1d295000 	C:\WINDOWS\System32\MMDevApi.dll
0x00007ffa23500000 - 0x00007ffa2352c000 	C:\WINDOWS\System32\DEVOBJ.dll
0x00007ffa1d2b0000 - 0x00007ffa1d431000 	C:\WINDOWS\SYSTEM32\AUDIOSES.DLL
0x00007ffa20f90000 - 0x00007ffa20fa4000 	C:\WINDOWS\SYSTEM32\resourcepolicyclient.dll
0x00007ffa230e0000 - 0x00007ffa230f8000 	C:\WINDOWS\SYSTEM32\CRYPTSP.dll
0x00007ffa22840000 - 0x00007ffa22874000 	C:\WINDOWS\system32\rsaenh.dll
0x00007ffa235f0000 - 0x00007ffa2361e000 	C:\WINDOWS\SYSTEM32\USERENV.dll
0x00007ffa23100000 - 0x00007ffa2310c000 	C:\WINDOWS\SYSTEM32\CRYPTBASE.dll
0x00007ffa246f0000 - 0x00007ffa246f8000 	C:\WINDOWS\System32\NSI.dll
0x00007ffa192e0000 - 0x00007ffa192f7000 	C:\WINDOWS\SYSTEM32\dhcpcsvc6.DLL
0x00007ffa1a090000 - 0x00007ffa1a0ad000 	C:\WINDOWS\SYSTEM32\dhcpcsvc.DLL
0x00007ffa22c00000 - 0x00007ffa22ccc000 	C:\WINDOWS\SYSTEM32\DNSAPI.dll
0x0000000066f40000 - 0x0000000066fc3000 	C:\Users\starw\AppData\Local\Temp\liblz4-java-7112897624688460274.so
0x00007ffa1e2d0000 - 0x00007ffa1e37e000 	C:\WINDOWS\SYSTEM32\mscms.dll
0x00007ffa1e260000 - 0x00007ffa1e271000 	C:\WINDOWS\SYSTEM32\ColorAdapterClient.dll
0x00007ffa10700000 - 0x00007ffa10743000 	C:\WINDOWS\SYSTEM32\icm32.dll
0x0000000067ca0000 - 0x0000000067d07000 	C:\Users\starw\AppData\Local\Temp\arc\955ce679\arc-freetype64.dll
0x00007ffa1b460000 - 0x00007ffa1b46e000 	C:\Program Files\AdoptOpenJDK\jdk-14.0.2.12-hotspot\bin\sunmscapi.dll
0x00007ffa238b0000 - 0x00007ffa23a0f000 	C:\WINDOWS\System32\CRYPT32.dll
0x00007ffa10630000 - 0x00007ffa10655000 	C:\Program Files\AdoptOpenJDK\jdk-14.0.2.12-hotspot\bin\sunec.dll
0x00007ffa1b930000 - 0x00007ffa1b93a000 	C:\Windows\System32\rasadhlp.dll
0x00007ffa15860000 - 0x00007ffa158df000 	C:\WINDOWS\System32\fwpuclnt.dll
0x00007ffa1c320000 - 0x00007ffa1c38a000 	C:\WINDOWS\system32\Ninput.dll

dbghelp: loaded successfully - version: 4.0.5 - missing functions: none
symbol engine: initialized successfully - sym options: 0x614 - pdb path: .;C:\Program Files\AdoptOpenJDK\jdk-14.0.2.12-hotspot\bin;C:\WINDOWS\SYSTEM32;C:\WINDOWS\WinSxS\amd64_microsoft.windows.common-controls_6595b64144ccf1df_6.0.19041.844_none_ca00b6081b84eb1d;C:\Program Files\AdoptOpenJDK\jdk-14.0.2.12-hotspot\bin\server;C:\Users\starw\AppData\Local\Temp\arc\5f24d8af;C:\Users\starw\AppData\Local\Temp\arc\87dfef74;C:\Windows\System32\IME\IMEKR;C:\Windows\System32\IME\shared;C:\Users\starw\AppData\Local\Temp;C:\Users\starw\AppData\Local\Temp\arc\955ce679

VM Arguments:
jvm_args: -agentlib:jdwp=transport=dt_socket,address=127.0.0.1:50023,suspend=y,server=n -javaagent:C:\Users\starw\AppData\Local\JetBrains\IdeaIC2020.3\groovyHotSwap\gragent.jar -javaagent:C:\Users\starw\AppData\Local\JetBrains\IdeaIC2020.3\captureAgent\debugger-agent.jar -Dfile.encoding=x-windows-949 
java_command: C:\Users\starw\AppData\Roaming\Mindustry\be_builds\client-be-21177.jar
java_class_path (initial): C:\Users\starw\AppData\Roaming\Mindustry\be_builds\client-be-21177.jar
Launcher Type: SUN_STANDARD

[Global flags]
     intx CICompilerCount                          = 3                                         {product} {ergonomic}
     uint ConcGCThreads                            = 1                                         {product} {ergonomic}
     uint G1ConcRefinementThreads                  = 4                                         {product} {ergonomic}
   size_t G1HeapRegionSize                         = 1048576                                   {product} {ergonomic}
    uintx GCDrainStackTargetSize                   = 64                                        {product} {ergonomic}
   size_t InitialHeapSize                          = 134217728                                 {product} {ergonomic}
   size_t MarkStackSize                            = 4194304                                   {product} {ergonomic}
   size_t MaxHeapSize                              = 2126512128                                {product} {ergonomic}
   size_t MaxNewSize                               = 1275068416                                {product} {ergonomic}
   size_t MinHeapDeltaBytes                        = 1048576                                   {product} {ergonomic}
   size_t MinHeapSize                              = 8388608                                   {product} {ergonomic}
    uintx NonNMethodCodeHeapSize                   = 5832780                                {pd product} {ergonomic}
    uintx NonProfiledCodeHeapSize                  = 122912730                              {pd product} {ergonomic}
    uintx ProfiledCodeHeapSize                     = 122912730                              {pd product} {ergonomic}
    uintx ReservedCodeCacheSize                    = 251658240                              {pd product} {ergonomic}
     bool SegmentedCodeCache                       = true                                      {product} {ergonomic}
   size_t SoftMaxHeapSize                          = 2126512128                             {manageable} {ergonomic}
     bool UseCompressedClassPointers               = true                                 {lp64_product} {ergonomic}
     bool UseCompressedOops                        = true                                 {lp64_product} {ergonomic}
     bool UseG1GC                                  = true                                      {product} {ergonomic}
     bool UseLargePagesIndividualAllocation        = false                                  {pd product} {ergonomic}

Logging:
Log output configuration:
 #0: stdout all=warning uptime,level,tags
 #1: stderr all=off uptime,level,tags

Environment Variables:
JAVA_HOME=C:\Program Files\AdoptOpenJDK\jdk-14.0.2.12-hotspot\
PATH=C:\Program Files\AdoptOpenJDK\jdk-14.0.2.12-hotspot\bin;C:\Users\starw\AppData\Roaming\npm;C:\Program Files\nodejs\;C:\WINDOWS\system32;C:\WINDOWS;C:\WINDOWS\System32\Wbem;C:\WINDOWS\System32\WindowsPowerShell\v1.0\;C:\WINDOWS\System32\OpenSSH\;C:\Gradle\gradle-6.7.1\bin;C:\Android\cmdline-tools\bin;C:\Users\starw\ANDROID_HOME\build-tools\29.0.3;C:\Program Files\Git\cmd;C:\Users\starw\AppData\Local\Microsoft\WindowsApps;C:\Users\starw\AppData\Local\Programs\Microsoft VS Code\bin;C:\Users\starw\AppData\Local\atom\bin;C:\Users\starw\AppData\Local\GitHubDesktop\bin;C:\Users\starw\AppData\Roaming\npm;C:\Users\starw\AppData\Local\Microsoft\WindowsApps;;C:\Program Files\JetBrains\IntelliJ IDEA Community Edition 2020.3\bin;
USERNAME=sunny
OS=Windows_NT
PROCESSOR_IDENTIFIER=Intel64 Family 6 Model 69 Stepping 1, GenuineIntel



---------------  S Y S T E M  ---------------

OS: Windows 10 , 64 bit Build 19041 (10.0.19041.928)
OS uptime: 0 days 0:49 hours

CPU:total 4 (initial active 4) (2 cores per cpu, 2 threads per core) family 6 model 69 stepping 1, cmov, cx8, fxsr, mmx, sse, sse2, sse3, ssse3, sse4.1, sse4.2, popcnt, avx, avx2, aes, clmul, erms, lzcnt, ht, tsc, tscinvbit, bmi1, bmi2, fma

Memory: 4k page, system-wide physical 8106M (2334M free)
TotalPageFile size 14250M (AvailPageFile size 7062M)
current process WorkingSet (physical memory assigned to process): 585M, peak: 1119M
current process commit charge ("private bytes"): 780M, peak: 1392M

vm_info: OpenJDK 64-Bit Server VM (14.0.2+12) for windows-amd64 JRE (14.0.2+12), built on Jul 15 2020 11:30:16 by "" with MS VC++ 15.9 (VS2017)

END.
